Change Component Designator: Old Designator=D? New Designator=D600
Change Component Designator: Old Designator=D? New Designator=D601
Change Component Designator: Old Designator=D? New Designator=D602
Change Component Designator: Old Designator=D? New Designator=D603
Change Component Designator: Old Designator=D? New Designator=D604
Change Component Designator: Old Designator=D? New Designator=D605
Change Component Designator: Old Designator=D? New Designator=D606
Change Component Designator: Old Designator=D? New Designator=D607
Change Component Designator: Old Designator=F? New Designator=F600
Change Component Designator: Old Designator=F? New Designator=F601
Change Component Designator: Old Designator=F? New Designator=F602
Change Component Designator: Old Designator=F? New Designator=F603
Change Component Designator: Old Designator=F? New Designator=F604
Change Component Designator: Old Designator=F? New Designator=F605
Change Component Designator: Old Designator=MH? New Designator=MH600
Change Component Designator: Old Designator=MH? New Designator=MH601
Change Component Designator: Old Designator=MH? New Designator=MH602
Change Component Designator: Old Designator=MH? New Designator=MH603
Change Component Designator: Old Designator=P? New Designator=P600
Change Component Designator: Old Designator=P? New Designator=P601
Change Component Designator: Old Designator=R? New Designator=R600
Change Component Designator: Old Designator=R? New Designator=R601
Change Component Designator: Old Designator=R? New Designator=R602
Change Component Designator: Old Designator=R? New Designator=R603
Change Component Designator: Old Designator=R? New Designator=R604
Change Component Designator: Old Designator=R? New Designator=R605
Change Component Designator: Old Designator=R? New Designator=R606
Change Component Designator: Old Designator=R? New Designator=R607
Change Component Designator: Old Designator=R? New Designator=R608
Change Component Designator: Old Designator=R? New Designator=R609
Change Component Designator: Old Designator=R? New Designator=R610
Change Component Designator: Old Designator=R? New Designator=R611
Change Component Designator: Old Designator=R? New Designator=R612
Change Component Designator: Old Designator=R? New Designator=R613
Change Component Designator: Old Designator=R? New Designator=R614
Change Component Designator: Old Designator=R? New Designator=R615
Change Component Designator: Old Designator=R? New Designator=R616
Change Component Designator: Old Designator=R? New Designator=R617
Change Component Designator: Old Designator=R? New Designator=R618
Change Component Designator: Old Designator=R? New Designator=R619
Change Component Designator: Old Designator=R? New Designator=R620
Change Component Designator: Old Designator=R? New Designator=R621
Change Component Designator: Old Designator=R? New Designator=R622
Change Component Designator: Old Designator=R? New Designator=R623
Change Component Designator: Old Designator=R? New Designator=R624
Change Component Designator: Old Designator=R? New Designator=R625
Change Component Designator: Old Designator=R? New Designator=R626
Change Component Designator: Old Designator=R? New Designator=R627
Change Component Designator: Old Designator=R? New Designator=R628
Change Component Designator: Old Designator=R? New Designator=R629
Change Component Designator: Old Designator=R? New Designator=R630
Change Component Designator: Old Designator=R? New Designator=R631
Change Component Designator: Old Designator=SW? New Designator=SW600
Change Component Designator: Old Designator=SW? New Designator=SW601
Change Component Designator: Old Designator=SW? New Designator=SW602
Change Component Designator: Old Designator=SW? New Designator=SW603
Change Component Designator: Old Designator=SW? New Designator=SW604
Change Component Designator: Old Designator=SW? New Designator=SW605
Change Component Designator: Old Designator=SW? New Designator=SW606
Change Component Designator: Old Designator=SW? New Designator=SW607
