Added Component: Designator=U1(FP-XC7S6-1FTGB196C-MFG)
Add component (AddParameter): Name = "Automotive"; Value = "No"; VariantName = "[No Variations]"
Add component (AddParameter): Name = "Category"; Value = "IC"; VariantName = "[No Variations]"
Add component (AddParameter): Name = "ComponentLink2Description"; Value = "Datasheet"; VariantName = "[No Variations]"
Add component (AddParameter): Name = "ComponentLink2URL"; Value = "https://www.xilinx.com/support/documentation/data_sheets/ds189-spartan-7-data-sheet.pdf"; VariantName = "[No Variations]"
Add component (AddParameter): Name = "Device Class L1"; Value = "Integrated Circuits (ICs)"; VariantName = "[No Variations]"
Add component (AddParameter): Name = "Device Class L2"; Value = "Embedded Processors and Controllers"; VariantName = "[No Variations]"
Add component (AddParameter): Name = "Device Class L3"; Value = "FPGAs - Field Programmable Gate Arrays"; VariantName = "[No Variations]"
Add component (AddParameter): Name = "Digikey Description"; Value = "XC7S6-1FTGB196C"; VariantName = "[No Variations]"
Add component (AddParameter): Name = "Footprint Url"; Value = "https://www.xilinx.com/support/documentation/user_guides/ug475_7Series_Pkg_Pinout.pdf"; VariantName = "[No Variations]"
Add component (AddParameter): Name = "Frequency"; Value = "200MHz"; VariantName = "[No Variations]"
Add component (AddParameter): Name = "Height"; Value = "1.55mm"; VariantName = "[No Variations]"
Add component (AddParameter): Name = "Ipc Land Pattern Name"; Value = "BGA196C100P14X14_1500X1500X146"; VariantName = "[No Variations]"
Add component (AddParameter): Name = "Lead Free"; Value = "Yes"; VariantName = "[No Variations]"
Add component (AddParameter): Name = "Manufacturer"; Value = "Xilinx"; VariantName = "[No Variations]"
Add component (AddParameter): Name = "Manufacturer Part Number"; Value = "XC7S6-1FTGB196C"; VariantName = "[No Variations]"
Add component (AddParameter): Name = "Max Junction Temp"; Value = "+85°C"; VariantName = "[No Variations]"
Add component (AddParameter): Name = "Max Supply Voltage"; Value = "3.465V"; VariantName = "[No Variations]"
Add component (AddParameter): Name = "Min Supply Voltage"; Value = "0.95V"; VariantName = "[No Variations]"
Add component (AddParameter): Name = "Number Of I/Os"; Value = "100"; VariantName = "[No Variations]"
Add component (AddParameter): Name = "Number Of Logic Blocks"; Value = "938"; VariantName = "[No Variations]"
Add component (AddParameter): Name = "Number Of Logic Elements Cells"; Value = "6000"; VariantName = "[No Variations]"
Add component (AddParameter): Name = "Octopart"; Value = "https://octopart.com/xc7s6-1ftgb196c-xilinx-81890684"; VariantName = "[No Variations]"
Add component (AddParameter): Name = "Package"; Value = "XC7S6-1FTGB196C"; VariantName = "[No Variations]"
Add component (AddParameter): Name = "Propagation Delay"; Value = "0.13ns"; VariantName = "[No Variations]"
Add component (AddParameter): Name = "Ram Size"; Value = "180Kbits"; VariantName = "[No Variations]"
Add component (AddParameter): Name = "RoHS"; Value = "TRUE"; VariantName = "[No Variations]"
Add component (AddParameter): Name = "Speed Grade"; Value = "1"; VariantName = "[No Variations]"
Add component (AddParameter): Name = "Standoff Height"; Value = "0.3mm"; VariantName = "[No Variations]"
Add component (AddParameter): Name = "Temperature"; Value = "0°C to +85°C"; VariantName = "[No Variations]"
Add component (AddParameter): Name = "Temperature Range High"; Value = "+85°C"; VariantName = "[No Variations]"
Add component (AddParameter): Name = "Temperature Range Low"; Value = "0°C"; VariantName = "[No Variations]"
Added Class: Name=Sheet1
Added Room: Name=Sheet1
