Removed Pin From Net: NetName=JB4_N Pin=U1-C1
Removed Pin From Net: NetName=JB4_P Pin=U1-D1
Removed Pin From Net: NetName=JB3_N Pin=U1-F1
Removed Pin From Net: NetName=JB3_P Pin=U1-G1
Removed Pin From Net: NetName=JB2_N Pin=U1-H1
Removed Pin From Net: NetName=JB2_P Pin=U1-H2
Removed Pin From Net: NetName=100Mhz Pin=U1-H11
Removed Pin From Net: NetName=JB1_N Pin=U1-J1
Removed Pin From Net: NetName=JB1_P Pin=U1-J2
Removed Pin From Net: NetName=SW3 Pin=U1-J11
Removed Pin From Net: NetName=SW2 Pin=U1-J12
Removed Pin From Net: NetName=SW1 Pin=U1-J13
Removed Pin From Net: NetName=JA3_P Pin=U1-M11
Removed Pin From Net: NetName=JA3_N Pin=U1-M12
Removed Pin From Net: NetName=JA4_P Pin=U1-N10
Removed Pin From Net: NetName=JA4_N Pin=U1-N11
Removed Pin From Net: NetName=JA2_P Pin=U1-P10
Removed Pin From Net: NetName=JA2_N Pin=U1-P11
Removed Pin From Net: NetName=JA1_P Pin=U1-P12
Removed Pin From Net: NetName=JA1_N Pin=U1-P13
Added Pin To Net: NetName=JA4_N Pin=U1-C1
Added Pin To Net: NetName=JA4_P Pin=U1-D1
Added Pin To Net: NetName=JA3_N Pin=U1-F1
Added Pin To Net: NetName=SW3 Pin=U1-F14
Added Pin To Net: NetName=JA3_P Pin=U1-G1
Added Pin To Net: NetName=SW2 Pin=U1-G14
Added Pin To Net: NetName=JA2_N Pin=U1-H1
Added Pin To Net: NetName=JA2_P Pin=U1-H2
Added Pin To Net: NetName=JA1_N Pin=U1-J1
Added Pin To Net: NetName=JA1_P Pin=U1-J2
Added Pin To Net: NetName=JB3_P Pin=U1-M11
Added Pin To Net: NetName=JB3_N Pin=U1-M12
Added Pin To Net: NetName=SW1 Pin=U1-M14
Added Pin To Net: NetName=JB4_P Pin=U1-N10
Added Pin To Net: NetName=JB4_N Pin=U1-N11
Added Pin To Net: NetName=JB2_P Pin=U1-P10
Added Pin To Net: NetName=JB2_N Pin=U1-P11
Added Pin To Net: NetName=JB1_P Pin=U1-P12
Added Pin To Net: NetName=JB1_N Pin=U1-P13
