Change Component Comment : Designator=C202 Old Comment= New Comment=0.47uF
Change Component Comment : Designator=C203 Old Comment= New Comment=0.47uF
Change Component Comment : Designator=C206 Old Comment= New Comment=0.47uF
Change Component Comment : Designator=C209 Old Comment= New Comment=0.47uF
Change Component Comment : Designator=C500 Old Comment= New Comment=0.47uF
Change Component Comment : Designator=C501 Old Comment= New Comment=0.47uF
Change Component Comment : Designator=C502 Old Comment= New Comment=0.47uF
Change Component Comment : Designator=C503 Old Comment= New Comment=0.47uF
Change Component Comment : Designator=C507 Old Comment= New Comment=0.47uF
Change Component Comment : Designator=C508 Old Comment= New Comment=0.47uF
Change Component Comment : Designator=C509 Old Comment= New Comment=0.47uF
Change Component Comment : Designator=C510 Old Comment= New Comment=0.47uF
Change Component Comment : Designator=R101 Old Comment= New Comment=1K5
Change Component Comment : Designator=R300 Old Comment= New Comment=1K5
Change Component Comment : Designator=R312 Old Comment= New Comment=1K
Change Component Comment : Designator=R418 Old Comment= New Comment=1K
Change Component Comment : Designator=R419 Old Comment= New Comment=1K
Change Component Comment : Designator=R420 Old Comment= New Comment=1K
Change Component Comment : Designator=R421 Old Comment= New Comment=1K
Change Component Comment : Designator=L100 Old Comment= New Comment=2.2uH
Change Component Comment : Designator=L101 Old Comment= New Comment=2.2uH
Change Component Comment : Designator=L102 Old Comment= New Comment=2.2uH
Change Component Comment : Designator=R104 Old Comment= New Comment=3K
Change Component Comment : Designator=C109 Old Comment= New Comment=4.7u
Change Component Comment : Designator=C201 Old Comment= New Comment=4.7u
Change Component Comment : Designator=C205 Old Comment= New Comment=4.7u
Change Component Comment : Designator=C208 Old Comment= New Comment=4.7u
Change Component Comment : Designator=C307 Old Comment= New Comment=4.7u
Change Component Comment : Designator=C310 Old Comment= New Comment=4.7u
Change Component Comment : Designator=C313 Old Comment= New Comment=4.7u
Change Component Comment : Designator=C504 Old Comment= New Comment=4.7u
Change Component Comment : Designator=C505 Old Comment= New Comment=4.7u
Change Component Comment : Designator=C511 Old Comment= New Comment=4.7u
Change Component Comment : Designator=C512 Old Comment= New Comment=4.7u
Change Component Comment : Designator=R100 Old Comment= New Comment=4K7
Change Component Comment : Designator=R103 Old Comment= New Comment=4K7
Change Component Comment : Designator=R400 Old Comment= New Comment=4K7
Change Component Comment : Designator=R403 Old Comment= New Comment=4K7
Change Component Comment : Designator=R404 Old Comment= New Comment=4K7
Change Component Comment : Designator=R405 Old Comment= New Comment=4K7
Change Component Comment : Designator=R406 Old Comment= New Comment=4K7
Change Component Comment : Designator=R107 Old Comment= New Comment=10K
Change Component Comment : Designator=C100 Old Comment= New Comment=10n
Change Component Comment : Designator=C104 Old Comment= New Comment=10uF
Change Component Comment : Designator=C108 Old Comment= New Comment=10uF
Change Component Comment : Designator=R105 Old Comment= New Comment=12K
Change Component Comment : Designator=R106 Old Comment= New Comment=12K
Change Component Comment : Designator=R305 Old Comment= New Comment=12K
Change Component Comment : Designator=R306 Old Comment= New Comment=12K
Change Component Comment : Designator=R307 Old Comment= New Comment=12K
Change Component Comment : Designator=R308 Old Comment= New Comment=12K
Change Component Comment : Designator=R309 Old Comment= New Comment=12K
Change Component Comment : Designator=R616 Old Comment= New Comment=12K
Change Component Comment : Designator=R617 Old Comment= New Comment=12K
Change Component Comment : Designator=R626 Old Comment= New Comment=12K
Change Component Comment : Designator=R627 Old Comment= New Comment=12K
Change Component Comment : Designator=R628 Old Comment= New Comment=12K
Change Component Comment : Designator=R629 Old Comment= New Comment=12K
Change Component Comment : Designator=R630 Old Comment= New Comment=12K
Change Component Comment : Designator=R631 Old Comment= New Comment=12K
Change Component Comment : Designator=C106 Old Comment= New Comment=15uF
Change Component Comment : Designator=C103 Old Comment= New Comment=20pF
Change Component Comment : Designator=C105 Old Comment= New Comment=20pF
Change Component Comment : Designator=C107 Old Comment= New Comment=20pF
Change Component Comment : Designator=R301 Old Comment= New Comment=22
Change Component Comment : Designator=R302 Old Comment= New Comment=22
Change Component Comment : Designator=R303 Old Comment= New Comment=22
Change Component Comment : Designator=R304 Old Comment= New Comment=22
Change Component Comment : Designator=R313 Old Comment= New Comment=22
Change Component Comment : Designator=R407 Old Comment= New Comment=22
Change Component Comment : Designator=R408 Old Comment= New Comment=22
Change Component Comment : Designator=R412 Old Comment= New Comment=22
Change Component Comment : Designator=R413 Old Comment= New Comment=22
Change Component Comment : Designator=R415 Old Comment= New Comment=22
Change Component Comment : Designator=R502 Old Comment= New Comment=22
Change Component Comment : Designator=R600 Old Comment= New Comment=22
Change Component Comment : Designator=R601 Old Comment= New Comment=22
Change Component Comment : Designator=R602 Old Comment= New Comment=22
Change Component Comment : Designator=R603 Old Comment= New Comment=22
Change Component Comment : Designator=R604 Old Comment= New Comment=22
Change Component Comment : Designator=R605 Old Comment= New Comment=22
Change Component Comment : Designator=R606 Old Comment= New Comment=22
Change Component Comment : Designator=R607 Old Comment= New Comment=22
Change Component Comment : Designator=R608 Old Comment= New Comment=22
Change Component Comment : Designator=R609 Old Comment= New Comment=22
Change Component Comment : Designator=R610 Old Comment= New Comment=22
Change Component Comment : Designator=R611 Old Comment= New Comment=22
Change Component Comment : Designator=R612 Old Comment= New Comment=22
Change Component Comment : Designator=R613 Old Comment= New Comment=22
Change Component Comment : Designator=R614 Old Comment= New Comment=22
Change Component Comment : Designator=R615 Old Comment= New Comment=22
Change Component Comment : Designator=C102 Old Comment= New Comment=22u
Change Component Comment : Designator=C200 Old Comment= New Comment=47uF
Change Component Comment : Designator=C204 Old Comment= New Comment=47uF
Change Component Comment : Designator=C506 Old Comment= New Comment=47uF
Change Component Comment : Designator=C513 Old Comment= New Comment=47uF
Change Component Comment : Designator=C101 Old Comment= New Comment=100n
Change Component Comment : Designator=C300 Old Comment= New Comment=100n
Change Component Comment : Designator=C301 Old Comment= New Comment=100n
Change Component Comment : Designator=C302 Old Comment= New Comment=100n
Change Component Comment : Designator=C303 Old Comment= New Comment=100n
Change Component Comment : Designator=C304 Old Comment= New Comment=100n
Change Component Comment : Designator=C305 Old Comment= New Comment=100n
Change Component Comment : Designator=C306 Old Comment= New Comment=100n
Change Component Comment : Designator=C308 Old Comment= New Comment=100n
Change Component Comment : Designator=C309 Old Comment= New Comment=100n
Change Component Comment : Designator=C311 Old Comment= New Comment=100n
Change Component Comment : Designator=C312 Old Comment= New Comment=100n
Change Component Comment : Designator=C314 Old Comment= New Comment=100n
Change Component Comment : Designator=C400 Old Comment= New Comment=100n
Change Component Comment : Designator=C514 Old Comment= New Comment=100n
Change Component Comment : Designator=C207 Old Comment= New Comment=100uF
Change Component Comment : Designator=C401 Old Comment= New Comment=100uF
Change Component Comment : Designator=R102 Old Comment= New Comment=470
Change Component Comment : Designator=R310 Old Comment= New Comment=470
Change Component Comment : Designator=R311 Old Comment= New Comment=470
Change Component Comment : Designator=R401 Old Comment= New Comment=470
Change Component Comment : Designator=R402 Old Comment= New Comment=470
Change Component Comment : Designator=R410 Old Comment= New Comment=470
Change Component Comment : Designator=R411 Old Comment= New Comment=470
Change Component Comment : Designator=R500 Old Comment= New Comment=470
Change Component Comment : Designator=R618 Old Comment= New Comment=470
Change Component Comment : Designator=R619 Old Comment= New Comment=470
Change Component Comment : Designator=R620 Old Comment= New Comment=470
Change Component Comment : Designator=R621 Old Comment= New Comment=470
Change Component Comment : Designator=R622 Old Comment= New Comment=470
Change Component Comment : Designator=R623 Old Comment= New Comment=470
Change Component Comment : Designator=R624 Old Comment= New Comment=470
Change Component Comment : Designator=R625 Old Comment= New Comment=470
Change Component Comment : Designator=R501 Old Comment= New Comment=470 DNP
Change Component Comment : Designator=D101 Old Comment= New Comment=LED
Change Component Comment : Designator=D300 Old Comment= New Comment=LED
Change Component Comment : Designator=D301 Old Comment= New Comment=LED
Change Component Comment : Designator=D400 Old Comment= New Comment=LED
Change Component Comment : Designator=D600 Old Comment= New Comment=LED
Change Component Comment : Designator=D601 Old Comment= New Comment=LED
Change Component Comment : Designator=D602 Old Comment= New Comment=LED
Change Component Comment : Designator=D603 Old Comment= New Comment=LED
Change Component Comment : Designator=D604 Old Comment= New Comment=LED
Change Component Comment : Designator=D605 Old Comment= New Comment=LED
Change Component Comment : Designator=D606 Old Comment= New Comment=LED
Change Component Comment : Designator=D607 Old Comment= New Comment=LED
Change Component Comment : Designator=SW400 Old Comment= New Comment=SPDT SW
Change Component Description : Designator=R501 Old Description=Resistor New Description=Resistor Enable pullup BANK FPGA
Change component parameters: Designator = "C104" ("C104"); Footprint = "CAP_1210"; UniqueID = "\AWQQUPIA" ("\AWQQUPIA")
Change component parameters (AddParameter): Name = "LatestRevisionDate"; Value = "17-Jul-2002"; VariantName = "[No Variations]"
Change component parameters (AddParameter): Name = "LatestRevisionNote"; Value = "Re-released for DXP Platform."; VariantName = "[No Variations]"
Change component parameters (AddParameter): Name = "PackageDescription"; Value = "Radial Cap, Thru-Hole; 2 Leads; 0.3 in Pin Spacing"; VariantName = "[No Variations]"
Change component parameters (AddParameter): Name = "PackageReference"; Value = "RAD-0.3"; VariantName = "[No Variations]"
Change component parameters (AddParameter): Name = "Published"; Value = "8-Jun-2000"; VariantName = "[No Variations]"
Change component parameters (AddParameter): Name = "Publisher"; Value = "Altium Limited"; VariantName = "[No Variations]"
Change component parameters (AddParameter): Name = "Value"; Value = "10u"; VariantName = "[No Variations]"
Change component parameters: Designator = "C106" ("C106"); Footprint = "CAP_1210"; UniqueID = "\PMYCUCFZ" ("\PMYCUCFZ")
Change component parameters (AddParameter): Name = "LatestRevisionDate"; Value = "17-Jul-2002"; VariantName = "[No Variations]"
Change component parameters (AddParameter): Name = "LatestRevisionNote"; Value = "Re-released for DXP Platform."; VariantName = "[No Variations]"
Change component parameters (AddParameter): Name = "PackageDescription"; Value = "Radial Cap, Thru-Hole; 2 Leads; 0.3 in Pin Spacing"; VariantName = "[No Variations]"
Change component parameters (AddParameter): Name = "PackageReference"; Value = "RAD-0.3"; VariantName = "[No Variations]"
Change component parameters (AddParameter): Name = "Published"; Value = "8-Jun-2000"; VariantName = "[No Variations]"
Change component parameters (AddParameter): Name = "Publisher"; Value = "Altium Limited"; VariantName = "[No Variations]"
Change component parameters (AddParameter): Name = "Value"; Value = "15u"; VariantName = "[No Variations]"
Change component parameters: Designator = "C108" ("C108"); Footprint = "CAP_1210"; UniqueID = "\FEQHBQBP" ("\FEQHBQBP")
Change component parameters (AddParameter): Name = "LatestRevisionDate"; Value = "17-Jul-2002"; VariantName = "[No Variations]"
Change component parameters (AddParameter): Name = "LatestRevisionNote"; Value = "Re-released for DXP Platform."; VariantName = "[No Variations]"
Change component parameters (AddParameter): Name = "PackageDescription"; Value = "Radial Cap, Thru-Hole; 2 Leads; 0.3 in Pin Spacing"; VariantName = "[No Variations]"
Change component parameters (AddParameter): Name = "PackageReference"; Value = "RAD-0.3"; VariantName = "[No Variations]"
Change component parameters (AddParameter): Name = "Published"; Value = "8-Jun-2000"; VariantName = "[No Variations]"
Change component parameters (AddParameter): Name = "Publisher"; Value = "Altium Limited"; VariantName = "[No Variations]"
Change component parameters (AddParameter): Name = "Value"; Value = "10u"; VariantName = "[No Variations]"
