Removed Pin From Net: NetName=LED6 Pin=U1-A2
Removed Pin From Net: NetName=LED5 Pin=U1-A3
Removed Pin From Net: NetName=LED7 Pin=U1-B2
Removed Pin From Net: NetName=LED4 Pin=U1-B3
Removed Pin From Net: NetName=LED1 Pin=U1-B5
Removed Pin From Net: NetName=LED0 Pin=U1-B6
Removed Pin From Net: NetName=SW6 Pin=U1-C3
Removed Pin From Net: NetName=SW5 Pin=U1-C4
Removed Pin From Net: NetName=SW4 Pin=U1-D4
Removed Pin From Net: NetName=SW3 Pin=U1-F14
Removed Pin From Net: NetName=SW2 Pin=U1-G14
Removed Pin From Net: NetName=SW0 Pin=U1-J14
Removed Pin From Net: NetName=SW1 Pin=U1-N14
Added Pin To Net: NetName=LED5 Pin=U1-A2
Added Pin To Net: NetName=LED4 Pin=U1-A3
Added Pin To Net: NetName=SW5 Pin=U1-B2
Added Pin To Net: NetName=SW4 Pin=U1-B3
Added Pin To Net: NetName=SW3 Pin=U1-B5
Added Pin To Net: NetName=SW2 Pin=U1-B6
Added Pin To Net: NetName=LED6 Pin=U1-C3
Added Pin To Net: NetName=SW6 Pin=U1-C4
Added Pin To Net: NetName=LED7 Pin=U1-D4
Added Pin To Net: NetName=LED1 Pin=U1-F14
Added Pin To Net: NetName=SW1 Pin=U1-G14
Added Pin To Net: NetName=LED0 Pin=U1-J14
Added Pin To Net: NetName=SW0 Pin=U1-N14
