Removed Pin From Net: NetName=SW7 Pin=U1-A3
Removed Pin From Net: NetName=LED0 Pin=U1-A4
Removed Pin From Net: NetName=LED1 Pin=U1-A5
Removed Pin From Net: NetName=SW2 Pin=U1-A12
Removed Pin From Net: NetName=SW1 Pin=U1-A13
Removed Pin From Net: NetName=LED3 Pin=U1-B1
Removed Pin From Net: NetName=LED4 Pin=U1-B2
Removed Pin From Net: NetName=LED7 Pin=U1-B3
Removed Pin From Net: NetName=LED2 Pin=U1-B5
Removed Pin From Net: NetName=LED5 Pin=U1-B6
Removed Pin From Net: NetName=SW4 Pin=U1-B13
Removed Pin From Net: NetName=SW3 Pin=U1-B14
Removed Pin From Net: NetName=UART0_RX Pin=U1-C1
Removed Pin From Net: NetName=SW0 Pin=U1-C12
Removed Pin From Net: NetName=UART0_TX Pin=U1-D1
Removed Pin From Net: NetName=JB3_N Pin=U1-D2
Removed Pin From Net: NetName=JB3_P Pin=U1-E2
Removed Pin From Net: NetName=JB4_N Pin=U1-F2
Removed Pin From Net: NetName=JB4_P Pin=U1-F3
Removed Pin From Net: NetName=JB1_N Pin=U1-J3
Removed Pin From Net: NetName=JB1_P Pin=U1-J4
Removed Pin From Net: NetName=JB2_N Pin=U1-K3
Removed Pin From Net: NetName=JB2_P Pin=U1-K4
Removed Pin From Net: NetName=JA4_N Pin=U1-L1
Removed Pin From Net: NetName=JA3_N Pin=U1-L2
Removed Pin From Net: NetName=JA3_P Pin=U1-L3
Removed Pin From Net: NetName=JA4_P Pin=U1-M1
Removed Pin From Net: NetName=JA2_N Pin=U1-M4
Removed Pin From Net: NetName=JA2_P Pin=U1-M5
Removed Pin From Net: NetName=JA1_N Pin=U1-N4
Removed Pin From Net: NetName=JA1_P Pin=U1-P5
Added Pin To Net: NetName=LED5 Pin=U1-A3
Added Pin To Net: NetName=LED3 Pin=U1-A4
Added Pin To Net: NetName=LED2 Pin=U1-A5
Added Pin To Net: NetName=LED7 Pin=U1-B2
Added Pin To Net: NetName=LED4 Pin=U1-B3
Added Pin To Net: NetName=LED1 Pin=U1-B5
Added Pin To Net: NetName=LED0 Pin=U1-B6
Added Pin To Net: NetName=JB4_N Pin=U1-C1
Added Pin To Net: NetName=JB4_P Pin=U1-D1
Added Pin To Net: NetName=SW7 Pin=U1-D3
Added Pin To Net: NetName=SW4 Pin=U1-D4
Added Pin To Net: NetName=JB3_N Pin=U1-F1
Added Pin To Net: NetName=JB3_P Pin=U1-G1
Added Pin To Net: NetName=JB2_N Pin=U1-H1
Added Pin To Net: NetName=JB2_P Pin=U1-H2
Added Pin To Net: NetName=JB1_N Pin=U1-J1
Added Pin To Net: NetName=JB1_P Pin=U1-J2
Added Pin To Net: NetName=SW3 Pin=U1-J11
Added Pin To Net: NetName=SW2 Pin=U1-J12
Added Pin To Net: NetName=SW1 Pin=U1-J13
Added Pin To Net: NetName=SW0 Pin=U1-J14
Added Pin To Net: NetName=JA3_P Pin=U1-M11
Added Pin To Net: NetName=JA3_N Pin=U1-M12
Added Pin To Net: NetName=JA4_P Pin=U1-N10
Added Pin To Net: NetName=JA4_N Pin=U1-N11
Added Pin To Net: NetName=UART0_RX Pin=U1-P3
Added Pin To Net: NetName=UART0_TX Pin=U1-P4
Added Pin To Net: NetName=JA2_P Pin=U1-P10
Added Pin To Net: NetName=JA2_N Pin=U1-P11
Added Pin To Net: NetName=JA1_P Pin=U1-P12
Added Pin To Net: NetName=JA1_N Pin=U1-P13
Added Room: Name=U_FPGA_BANKS
Added Room: Name=U_FPGA_POWER
