23:21:15 DEBUG : Logs will be stored at 'C:/Users/louis/Documents/Github/PCB ADVANCED/PCB-ADVANCED/VIVADO/Vitis/IDE.log'.
23:21:25 ERROR : Workspace location C:\Users\louis\Documents\Github\PCB ADVANCED\PCB-ADVANCED\VIVADO\Vitis contains spaces. Please switch to a workspace without spaces in its path.
23:21:27 INFO  : Registering command handlers for Vitis TCF services
23:21:27 INFO  : Launching XSCT server: xsct.bat -n  -interactive C:\Users\louis\Documents\Github\PCB ADVANCED\PCB-ADVANCED\VIVADO\Vitis\temp_xsdb_launch_script.tcl
23:21:29 INFO  : Platform repository initialization has completed.
23:21:33 ERROR : (XSDB Server)couldn't read file "C:\Users\louis\Documents\Github\PCB": permission denied

23:32:13 DEBUG : Logs will be stored at 'C:/Users/louis/Documents/Github/PCB-ADVANCED/PCB-ADVANCED/VIVADO/Vitis/IDE.log'.
23:32:26 INFO  : Launching XSCT server: xsct.bat -n  -interactive C:\Users\louis\Documents\Github\PCB-ADVANCED\PCB-ADVANCED\VIVADO\Vitis\temp_xsdb_launch_script.tcl
23:32:27 INFO  : Registering command handlers for Vitis TCF services
23:32:28 INFO  : Platform repository initialization has completed.
23:32:30 INFO  : XSCT server has started successfully.
23:32:30 INFO  : Successfully done setting XSCT server connection channel  
23:32:30 INFO  : plnx-install-location is set to ''
23:32:34 INFO  : Successfully done setting workspace for the tool. 
23:32:35 INFO  : Successfully done query RDI_DATADIR 
23:34:06 INFO  : Result from executing command 'getProjects': MicroBlazeFULL_wrapper
23:34:06 INFO  : Result from executing command 'getPlatforms': xilinx_vck190_base_202310_1|C:/Xilinx/Vitis/2023.1/base_platforms/xilinx_vck190_base_202310_1/xilinx_vck190_base_202310_1.xpfm;xilinx_vck190_base_dfx_202310_1|C:/Xilinx/Vitis/2023.1/base_platforms/xilinx_vck190_base_dfx_202310_1/xilinx_vck190_base_dfx_202310_1.xpfm;xilinx_vek280_es1_base_202310_1|C:/Xilinx/Vitis/2023.1/base_platforms/xilinx_vek280_es1_base_202310_1/xilinx_vek280_es1_base_202310_1.xpfm;xilinx_vmk180_base_202310_1|C:/Xilinx/Vitis/2023.1/base_platforms/xilinx_vmk180_base_202310_1/xilinx_vmk180_base_202310_1.xpfm;xilinx_zcu102_base_202310_1|C:/Xilinx/Vitis/2023.1/base_platforms/xilinx_zcu102_base_202310_1/xilinx_zcu102_base_202310_1.xpfm;xilinx_zcu102_base_dfx_202310_1|C:/Xilinx/Vitis/2023.1/base_platforms/xilinx_zcu102_base_dfx_202310_1/xilinx_zcu102_base_dfx_202310_1.xpfm;xilinx_zcu104_base_202310_1|C:/Xilinx/Vitis/2023.1/base_platforms/xilinx_zcu104_base_202310_1/xilinx_zcu104_base_202310_1.xpfm
23:34:08 WARN  : An unexpected exception occurred in the module 'platform project logging'
23:34:10 INFO  : Platform 'MicroBlazeFULL_wrapper' is added to custom repositories.
23:34:14 INFO  : Platform 'MicroBlazeFULL_wrapper' is added to custom repositories.
00:09:20 INFO  : Result from executing command 'getProjects': MicroBlazeFULL_wrapper
00:09:20 INFO  : Result from executing command 'getPlatforms': MicroBlazeFULL_wrapper|C:/Users/louis/Documents/Github/PCB-ADVANCED/PCB-ADVANCED/VIVADO/Vitis/MicroBlazeFULL_wrapper/export/MicroBlazeFULL_wrapper/MicroBlazeFULL_wrapper.xpfm;xilinx_vck190_base_202310_1|C:/Xilinx/Vitis/2023.1/base_platforms/xilinx_vck190_base_202310_1/xilinx_vck190_base_202310_1.xpfm;xilinx_vck190_base_dfx_202310_1|C:/Xilinx/Vitis/2023.1/base_platforms/xilinx_vck190_base_dfx_202310_1/xilinx_vck190_base_dfx_202310_1.xpfm;xilinx_vek280_es1_base_202310_1|C:/Xilinx/Vitis/2023.1/base_platforms/xilinx_vek280_es1_base_202310_1/xilinx_vek280_es1_base_202310_1.xpfm;xilinx_vmk180_base_202310_1|C:/Xilinx/Vitis/2023.1/base_platforms/xilinx_vmk180_base_202310_1/xilinx_vmk180_base_202310_1.xpfm;xilinx_zcu102_base_202310_1|C:/Xilinx/Vitis/2023.1/base_platforms/xilinx_zcu102_base_202310_1/xilinx_zcu102_base_202310_1.xpfm;xilinx_zcu102_base_dfx_202310_1|C:/Xilinx/Vitis/2023.1/base_platforms/xilinx_zcu102_base_dfx_202310_1/xilinx_zcu102_base_dfx_202310_1.xpfm;xilinx_zcu104_base_202310_1|C:/Xilinx/Vitis/2023.1/base_platforms/xilinx_zcu104_base_202310_1/xilinx_zcu104_base_202310_1.xpfm
00:09:22 INFO  : Checking for BSP changes to sync application flags for project 'Spartan'...
00:09:33 INFO  : Checking for BSP changes to sync application flags for project 'Spartan'...
00:10:11 INFO  : Checking for BSP changes to sync application flags for project 'Spartan'...
00:10:30 INFO  : Checking for BSP changes to sync application flags for project 'Spartan'...
00:12:55 INFO  : Connected to target on host '127.0.0.1' and port '3121'.
00:13:13 INFO  : ----------------XSDB Script----------------
connect -url tcp:127.0.0.1:3121
----------------End of Script----------------

00:13:13 ERROR : Could not find FPGA device on the board for connection 'Local'.


Troubleshooting hints:
1. Check whether board is connected to system properly.
2. In case of zynq board, check whether Digilent/Xilinx cable switch settings are correct.
3. If you are using Xilinx Platform Cable USB, ensure that status LED is green.
00:13:55 INFO  : Connected to target on host '127.0.0.1' and port '3121'.
00:13:55 INFO  : Jtag cable 'Louis Spartan Board 0ABC02A' is selected.
00:13:55 INFO  : 'jtag frequency' command is executed.
00:13:55 INFO  : 'targets -set -filter {jtag_cable_name =~ "Louis Spartan Board 0ABC02A" && level==0 && jtag_device_ctx=="jsn-Spartan Board-0ABC02A-03622093-0"}' command is executed.
00:13:55 INFO  : Device configured successfully with "C:/Users/louis/Documents/Github/PCB-ADVANCED/PCB-ADVANCED/VIVADO/Vitis/Spartan/_ide/bitstream/MicroBlazeFULL_wrapper.bit"
00:13:55 INFO  : Context for processor 'microblaze_0' is selected.
00:13:55 INFO  : Hardware design and registers information is loaded from 'C:/Users/louis/Documents/Github/PCB-ADVANCED/PCB-ADVANCED/VIVADO/Vitis/MicroBlazeFULL_wrapper/export/MicroBlazeFULL_wrapper/hw/MicroBlazeFULL_wrapper.xsa'.
00:13:55 INFO  : 'configparams mdm-detect-bscan-mask 2' command is executed.
00:13:55 INFO  : Context for processor 'microblaze_0' is selected.
00:13:55 INFO  : System reset is completed.
00:13:59 INFO  : 'after 3000' command is executed.
00:13:59 INFO  : Context for processor 'microblaze_0' is selected.
00:13:59 ERROR : Cannot stop MicroBlaze. MicroBlaze is held in reset
00:13:59 INFO  : ----------------XSDB Script----------------
connect -url tcp:127.0.0.1:3121
targets -set -filter {jtag_cable_name =~ "Louis Spartan Board 0ABC02A" && level==0 && jtag_device_ctx=="jsn-Spartan Board-0ABC02A-03622093-0"}
fpga -file C:/Users/louis/Documents/Github/PCB-ADVANCED/PCB-ADVANCED/VIVADO/Vitis/Spartan/_ide/bitstream/MicroBlazeFULL_wrapper.bit
targets -set -nocase -filter {name =~ "*microblaze*#0" && bscan=="USER2" }
loadhw -hw C:/Users/louis/Documents/Github/PCB-ADVANCED/PCB-ADVANCED/VIVADO/Vitis/MicroBlazeFULL_wrapper/export/MicroBlazeFULL_wrapper/hw/MicroBlazeFULL_wrapper.xsa -regs
configparams mdm-detect-bscan-mask 2
targets -set -nocase -filter {name =~ "*microblaze*#0" && bscan=="USER2" }
rst -system
after 3000
targets -set -nocase -filter {name =~ "*microblaze*#0" && bscan=="USER2" }
dow C:/Users/louis/Documents/Github/PCB-ADVANCED/PCB-ADVANCED/VIVADO/Vitis/Spartan/Debug/Spartan.elf
----------------End of Script----------------

00:13:59 ERROR : Cannot stop MicroBlaze. MicroBlaze is held in reset
00:14:06 INFO  : Connected to target on host '127.0.0.1' and port '3121'.
00:14:06 INFO  : Jtag cable 'Louis Spartan Board 0ABC02A' is selected.
00:14:06 INFO  : 'jtag frequency' command is executed.
00:14:06 INFO  : 'targets -set -filter {jtag_cable_name =~ "Louis Spartan Board 0ABC02A" && level==0 && jtag_device_ctx=="jsn-Spartan Board-0ABC02A-03622093-0"}' command is executed.
00:14:07 INFO  : Device configured successfully with "C:/Users/louis/Documents/Github/PCB-ADVANCED/PCB-ADVANCED/VIVADO/Vitis/Spartan/_ide/bitstream/MicroBlazeFULL_wrapper.bit"
00:14:07 INFO  : Context for processor 'microblaze_0' is selected.
00:14:07 INFO  : Hardware design and registers information is loaded from 'C:/Users/louis/Documents/Github/PCB-ADVANCED/PCB-ADVANCED/VIVADO/Vitis/MicroBlazeFULL_wrapper/export/MicroBlazeFULL_wrapper/hw/MicroBlazeFULL_wrapper.xsa'.
00:14:07 INFO  : 'configparams mdm-detect-bscan-mask 2' command is executed.
00:14:07 INFO  : Context for processor 'microblaze_0' is selected.
00:14:07 INFO  : System reset is completed.
00:14:10 INFO  : 'after 3000' command is executed.
00:14:10 INFO  : Context for processor 'microblaze_0' is selected.
00:14:10 INFO  : The application 'C:/Users/louis/Documents/Github/PCB-ADVANCED/PCB-ADVANCED/VIVADO/Vitis/Spartan/Debug/Spartan.elf' is downloaded to processor 'microblaze_0'.
00:14:10 INFO  : ----------------XSDB Script----------------
connect -url tcp:127.0.0.1:3121
targets -set -filter {jtag_cable_name =~ "Louis Spartan Board 0ABC02A" && level==0 && jtag_device_ctx=="jsn-Spartan Board-0ABC02A-03622093-0"}
fpga -file C:/Users/louis/Documents/Github/PCB-ADVANCED/PCB-ADVANCED/VIVADO/Vitis/Spartan/_ide/bitstream/MicroBlazeFULL_wrapper.bit
targets -set -nocase -filter {name =~ "*microblaze*#0" && bscan=="USER2" }
loadhw -hw C:/Users/louis/Documents/Github/PCB-ADVANCED/PCB-ADVANCED/VIVADO/Vitis/MicroBlazeFULL_wrapper/export/MicroBlazeFULL_wrapper/hw/MicroBlazeFULL_wrapper.xsa -regs
configparams mdm-detect-bscan-mask 2
targets -set -nocase -filter {name =~ "*microblaze*#0" && bscan=="USER2" }
rst -system
after 3000
targets -set -nocase -filter {name =~ "*microblaze*#0" && bscan=="USER2" }
dow C:/Users/louis/Documents/Github/PCB-ADVANCED/PCB-ADVANCED/VIVADO/Vitis/Spartan/Debug/Spartan.elf
----------------End of Script----------------

00:14:10 INFO  : Context for processor 'microblaze_0' is selected.
00:14:10 INFO  : 'con' command is executed.
00:14:10 INFO  : ----------------XSDB Script (After Launch)----------------
targets -set -nocase -filter {name =~ "*microblaze*#0" && bscan=="USER2" }
con
----------------End of Script----------------

00:14:10 INFO  : Disconnected from the channel tcfchan#2.
00:19:11 INFO  : Connected to target on host '127.0.0.1' and port '3121'.
00:19:12 INFO  : Jtag cable 'Louis Spartan Board 0ABC02A' is selected.
00:19:12 INFO  : 'jtag frequency' command is executed.
00:19:12 INFO  : 'targets -set -filter {jtag_cable_name =~ "Louis Spartan Board 0ABC02A" && level==0 && jtag_device_ctx=="jsn-Spartan Board-0ABC02A-03622093-0"}' command is executed.
00:19:12 INFO  : Device configured successfully with "C:/Users/louis/Documents/Github/PCB-ADVANCED/PCB-ADVANCED/VIVADO/Vitis/Spartan/_ide/bitstream/MicroBlazeFULL_wrapper.bit"
00:19:12 INFO  : Context for processor 'microblaze_0' is selected.
00:19:12 INFO  : Hardware design and registers information is loaded from 'C:/Users/louis/Documents/Github/PCB-ADVANCED/PCB-ADVANCED/VIVADO/Vitis/MicroBlazeFULL_wrapper/export/MicroBlazeFULL_wrapper/hw/MicroBlazeFULL_wrapper.xsa'.
00:19:12 INFO  : 'configparams mdm-detect-bscan-mask 2' command is executed.
00:19:12 INFO  : Context for processor 'microblaze_0' is selected.
00:19:12 INFO  : System reset is completed.
00:19:15 INFO  : 'after 3000' command is executed.
00:19:15 INFO  : Context for processor 'microblaze_0' is selected.
00:19:15 INFO  : The application 'C:/Users/louis/Documents/Github/PCB-ADVANCED/PCB-ADVANCED/VIVADO/Vitis/Spartan/Debug/Spartan.elf' is downloaded to processor 'microblaze_0'.
00:19:15 INFO  : ----------------XSDB Script----------------
connect -url tcp:127.0.0.1:3121
targets -set -filter {jtag_cable_name =~ "Louis Spartan Board 0ABC02A" && level==0 && jtag_device_ctx=="jsn-Spartan Board-0ABC02A-03622093-0"}
fpga -file C:/Users/louis/Documents/Github/PCB-ADVANCED/PCB-ADVANCED/VIVADO/Vitis/Spartan/_ide/bitstream/MicroBlazeFULL_wrapper.bit
targets -set -nocase -filter {name =~ "*microblaze*#0" && bscan=="USER2" }
loadhw -hw C:/Users/louis/Documents/Github/PCB-ADVANCED/PCB-ADVANCED/VIVADO/Vitis/MicroBlazeFULL_wrapper/export/MicroBlazeFULL_wrapper/hw/MicroBlazeFULL_wrapper.xsa -regs
configparams mdm-detect-bscan-mask 2
targets -set -nocase -filter {name =~ "*microblaze*#0" && bscan=="USER2" }
rst -system
after 3000
targets -set -nocase -filter {name =~ "*microblaze*#0" && bscan=="USER2" }
dow C:/Users/louis/Documents/Github/PCB-ADVANCED/PCB-ADVANCED/VIVADO/Vitis/Spartan/Debug/Spartan.elf
----------------End of Script----------------

00:19:15 INFO  : Context for processor 'microblaze_0' is selected.
00:19:16 INFO  : 'con' command is executed.
00:19:16 INFO  : ----------------XSDB Script (After Launch)----------------
targets -set -nocase -filter {name =~ "*microblaze*#0" && bscan=="USER2" }
con
----------------End of Script----------------

00:19:16 INFO  : Disconnected from the channel tcfchan#3.
00:20:44 INFO  : Connected to target on host '127.0.0.1' and port '3121'.
00:20:45 INFO  : Jtag cable 'Louis Spartan Board 0ABC02A' is selected.
00:20:45 INFO  : 'jtag frequency' command is executed.
00:20:45 INFO  : 'targets -set -filter {jtag_cable_name =~ "Louis Spartan Board 0ABC02A" && level==0 && jtag_device_ctx=="jsn-Spartan Board-0ABC02A-03622093-0"}' command is executed.
00:20:45 INFO  : Device configured successfully with "C:/Users/louis/Documents/Github/PCB-ADVANCED/PCB-ADVANCED/VIVADO/Vitis/Spartan/_ide/bitstream/MicroBlazeFULL_wrapper.bit"
00:20:45 INFO  : Context for processor 'microblaze_0' is selected.
00:20:45 INFO  : Hardware design and registers information is loaded from 'C:/Users/louis/Documents/Github/PCB-ADVANCED/PCB-ADVANCED/VIVADO/Vitis/MicroBlazeFULL_wrapper/export/MicroBlazeFULL_wrapper/hw/MicroBlazeFULL_wrapper.xsa'.
00:20:45 INFO  : 'configparams mdm-detect-bscan-mask 2' command is executed.
00:20:45 INFO  : Context for processor 'microblaze_0' is selected.
00:20:45 INFO  : System reset is completed.
00:20:48 INFO  : 'after 3000' command is executed.
00:20:48 INFO  : Context for processor 'microblaze_0' is selected.
00:20:48 INFO  : The application 'C:/Users/louis/Documents/Github/PCB-ADVANCED/PCB-ADVANCED/VIVADO/Vitis/Spartan/Debug/Spartan.elf' is downloaded to processor 'microblaze_0'.
00:20:48 INFO  : ----------------XSDB Script----------------
connect -url tcp:127.0.0.1:3121
targets -set -filter {jtag_cable_name =~ "Louis Spartan Board 0ABC02A" && level==0 && jtag_device_ctx=="jsn-Spartan Board-0ABC02A-03622093-0"}
fpga -file C:/Users/louis/Documents/Github/PCB-ADVANCED/PCB-ADVANCED/VIVADO/Vitis/Spartan/_ide/bitstream/MicroBlazeFULL_wrapper.bit
targets -set -nocase -filter {name =~ "*microblaze*#0" && bscan=="USER2" }
loadhw -hw C:/Users/louis/Documents/Github/PCB-ADVANCED/PCB-ADVANCED/VIVADO/Vitis/MicroBlazeFULL_wrapper/export/MicroBlazeFULL_wrapper/hw/MicroBlazeFULL_wrapper.xsa -regs
configparams mdm-detect-bscan-mask 2
targets -set -nocase -filter {name =~ "*microblaze*#0" && bscan=="USER2" }
rst -system
after 3000
targets -set -nocase -filter {name =~ "*microblaze*#0" && bscan=="USER2" }
dow C:/Users/louis/Documents/Github/PCB-ADVANCED/PCB-ADVANCED/VIVADO/Vitis/Spartan/Debug/Spartan.elf
----------------End of Script----------------

00:20:49 INFO  : Context for processor 'microblaze_0' is selected.
00:20:49 INFO  : 'con' command is executed.
00:20:49 INFO  : ----------------XSDB Script (After Launch)----------------
targets -set -nocase -filter {name =~ "*microblaze*#0" && bscan=="USER2" }
con
----------------End of Script----------------

00:20:49 INFO  : Disconnected from the channel tcfchan#4.
00:21:14 INFO  : Connected to target on host '127.0.0.1' and port '3121'.
00:21:14 INFO  : Jtag cable 'Louis Spartan Board 0ABC02A' is selected.
00:21:14 INFO  : 'jtag frequency' command is executed.
00:21:14 INFO  : 'targets -set -filter {jtag_cable_name =~ "Louis Spartan Board 0ABC02A" && level==0 && jtag_device_ctx=="jsn-Spartan Board-0ABC02A-03622093-0"}' command is executed.
00:21:15 INFO  : Device configured successfully with "C:/Users/louis/Documents/Github/PCB-ADVANCED/PCB-ADVANCED/VIVADO/Vitis/Spartan/_ide/bitstream/MicroBlazeFULL_wrapper.bit"
00:21:15 INFO  : Context for processor 'microblaze_0' is selected.
00:21:15 INFO  : Hardware design and registers information is loaded from 'C:/Users/louis/Documents/Github/PCB-ADVANCED/PCB-ADVANCED/VIVADO/Vitis/MicroBlazeFULL_wrapper/export/MicroBlazeFULL_wrapper/hw/MicroBlazeFULL_wrapper.xsa'.
00:21:15 INFO  : 'configparams mdm-detect-bscan-mask 2' command is executed.
00:21:15 INFO  : Context for processor 'microblaze_0' is selected.
00:21:15 INFO  : System reset is completed.
00:21:18 INFO  : 'after 3000' command is executed.
00:21:18 INFO  : Context for processor 'microblaze_0' is selected.
00:21:18 INFO  : The application 'C:/Users/louis/Documents/Github/PCB-ADVANCED/PCB-ADVANCED/VIVADO/Vitis/Spartan/Debug/Spartan.elf' is downloaded to processor 'microblaze_0'.
00:21:18 INFO  : ----------------XSDB Script----------------
connect -url tcp:127.0.0.1:3121
targets -set -filter {jtag_cable_name =~ "Louis Spartan Board 0ABC02A" && level==0 && jtag_device_ctx=="jsn-Spartan Board-0ABC02A-03622093-0"}
fpga -file C:/Users/louis/Documents/Github/PCB-ADVANCED/PCB-ADVANCED/VIVADO/Vitis/Spartan/_ide/bitstream/MicroBlazeFULL_wrapper.bit
targets -set -nocase -filter {name =~ "*microblaze*#0" && bscan=="USER2" }
loadhw -hw C:/Users/louis/Documents/Github/PCB-ADVANCED/PCB-ADVANCED/VIVADO/Vitis/MicroBlazeFULL_wrapper/export/MicroBlazeFULL_wrapper/hw/MicroBlazeFULL_wrapper.xsa -regs
configparams mdm-detect-bscan-mask 2
targets -set -nocase -filter {name =~ "*microblaze*#0" && bscan=="USER2" }
rst -system
after 3000
targets -set -nocase -filter {name =~ "*microblaze*#0" && bscan=="USER2" }
dow C:/Users/louis/Documents/Github/PCB-ADVANCED/PCB-ADVANCED/VIVADO/Vitis/Spartan/Debug/Spartan.elf
----------------End of Script----------------

00:21:18 INFO  : Context for processor 'microblaze_0' is selected.
00:21:18 INFO  : 'con' command is executed.
00:21:18 INFO  : ----------------XSDB Script (After Launch)----------------
targets -set -nocase -filter {name =~ "*microblaze*#0" && bscan=="USER2" }
con
----------------End of Script----------------

00:21:18 INFO  : Disconnected from the channel tcfchan#5.
00:21:34 INFO  : Connected to target on host '127.0.0.1' and port '3121'.
00:21:35 INFO  : Jtag cable 'Louis Spartan Board 0ABC02A' is selected.
00:21:35 INFO  : 'jtag frequency' command is executed.
00:21:35 INFO  : 'targets -set -filter {jtag_cable_name =~ "Louis Spartan Board 0ABC02A" && level==0 && jtag_device_ctx=="jsn-Spartan Board-0ABC02A-03622093-0"}' command is executed.
00:21:35 INFO  : Device configured successfully with "C:/Users/louis/Documents/Github/PCB-ADVANCED/PCB-ADVANCED/VIVADO/Vitis/Spartan/_ide/bitstream/MicroBlazeFULL_wrapper.bit"
00:21:35 INFO  : Context for processor 'microblaze_0' is selected.
00:21:35 INFO  : Hardware design and registers information is loaded from 'C:/Users/louis/Documents/Github/PCB-ADVANCED/PCB-ADVANCED/VIVADO/Vitis/MicroBlazeFULL_wrapper/export/MicroBlazeFULL_wrapper/hw/MicroBlazeFULL_wrapper.xsa'.
00:21:35 INFO  : 'configparams mdm-detect-bscan-mask 2' command is executed.
00:21:35 INFO  : Context for processor 'microblaze_0' is selected.
00:21:35 INFO  : System reset is completed.
00:21:38 INFO  : 'after 3000' command is executed.
00:21:38 INFO  : Context for processor 'microblaze_0' is selected.
00:21:38 INFO  : The application 'C:/Users/louis/Documents/Github/PCB-ADVANCED/PCB-ADVANCED/VIVADO/Vitis/Spartan/Debug/Spartan.elf' is downloaded to processor 'microblaze_0'.
00:21:38 INFO  : ----------------XSDB Script----------------
connect -url tcp:127.0.0.1:3121
targets -set -filter {jtag_cable_name =~ "Louis Spartan Board 0ABC02A" && level==0 && jtag_device_ctx=="jsn-Spartan Board-0ABC02A-03622093-0"}
fpga -file C:/Users/louis/Documents/Github/PCB-ADVANCED/PCB-ADVANCED/VIVADO/Vitis/Spartan/_ide/bitstream/MicroBlazeFULL_wrapper.bit
targets -set -nocase -filter {name =~ "*microblaze*#0" && bscan=="USER2" }
loadhw -hw C:/Users/louis/Documents/Github/PCB-ADVANCED/PCB-ADVANCED/VIVADO/Vitis/MicroBlazeFULL_wrapper/export/MicroBlazeFULL_wrapper/hw/MicroBlazeFULL_wrapper.xsa -regs
configparams mdm-detect-bscan-mask 2
targets -set -nocase -filter {name =~ "*microblaze*#0" && bscan=="USER2" }
rst -system
after 3000
targets -set -nocase -filter {name =~ "*microblaze*#0" && bscan=="USER2" }
dow C:/Users/louis/Documents/Github/PCB-ADVANCED/PCB-ADVANCED/VIVADO/Vitis/Spartan/Debug/Spartan.elf
----------------End of Script----------------

00:21:38 INFO  : Context for processor 'microblaze_0' is selected.
00:21:38 INFO  : 'con' command is executed.
00:21:38 INFO  : ----------------XSDB Script (After Launch)----------------
targets -set -nocase -filter {name =~ "*microblaze*#0" && bscan=="USER2" }
con
----------------End of Script----------------

00:21:38 INFO  : Disconnected from the channel tcfchan#6.
00:21:51 INFO  : Connected to target on host '127.0.0.1' and port '3121'.
00:21:52 INFO  : Jtag cable 'Louis Spartan Board 0ABC02A' is selected.
00:21:52 INFO  : 'jtag frequency' command is executed.
00:21:52 INFO  : 'targets -set -filter {jtag_cable_name =~ "Louis Spartan Board 0ABC02A" && level==0 && jtag_device_ctx=="jsn-Spartan Board-0ABC02A-03622093-0"}' command is executed.
00:21:52 INFO  : Device configured successfully with "C:/Users/louis/Documents/Github/PCB-ADVANCED/PCB-ADVANCED/VIVADO/Vitis/Spartan/_ide/bitstream/MicroBlazeFULL_wrapper.bit"
00:21:52 INFO  : Context for processor 'microblaze_0' is selected.
00:21:52 INFO  : Hardware design and registers information is loaded from 'C:/Users/louis/Documents/Github/PCB-ADVANCED/PCB-ADVANCED/VIVADO/Vitis/MicroBlazeFULL_wrapper/export/MicroBlazeFULL_wrapper/hw/MicroBlazeFULL_wrapper.xsa'.
00:21:52 INFO  : 'configparams mdm-detect-bscan-mask 2' command is executed.
00:21:52 INFO  : Context for processor 'microblaze_0' is selected.
00:21:52 INFO  : System reset is completed.
00:21:55 INFO  : 'after 3000' command is executed.
00:21:56 INFO  : Context for processor 'microblaze_0' is selected.
00:21:56 INFO  : The application 'C:/Users/louis/Documents/Github/PCB-ADVANCED/PCB-ADVANCED/VIVADO/Vitis/Spartan/Debug/Spartan.elf' is downloaded to processor 'microblaze_0'.
00:21:56 INFO  : ----------------XSDB Script----------------
connect -url tcp:127.0.0.1:3121
targets -set -filter {jtag_cable_name =~ "Louis Spartan Board 0ABC02A" && level==0 && jtag_device_ctx=="jsn-Spartan Board-0ABC02A-03622093-0"}
fpga -file C:/Users/louis/Documents/Github/PCB-ADVANCED/PCB-ADVANCED/VIVADO/Vitis/Spartan/_ide/bitstream/MicroBlazeFULL_wrapper.bit
targets -set -nocase -filter {name =~ "*microblaze*#0" && bscan=="USER2" }
loadhw -hw C:/Users/louis/Documents/Github/PCB-ADVANCED/PCB-ADVANCED/VIVADO/Vitis/MicroBlazeFULL_wrapper/export/MicroBlazeFULL_wrapper/hw/MicroBlazeFULL_wrapper.xsa -regs
configparams mdm-detect-bscan-mask 2
targets -set -nocase -filter {name =~ "*microblaze*#0" && bscan=="USER2" }
rst -system
after 3000
targets -set -nocase -filter {name =~ "*microblaze*#0" && bscan=="USER2" }
dow C:/Users/louis/Documents/Github/PCB-ADVANCED/PCB-ADVANCED/VIVADO/Vitis/Spartan/Debug/Spartan.elf
----------------End of Script----------------

00:21:56 INFO  : Context for processor 'microblaze_0' is selected.
00:21:56 INFO  : 'con' command is executed.
00:21:56 INFO  : ----------------XSDB Script (After Launch)----------------
targets -set -nocase -filter {name =~ "*microblaze*#0" && bscan=="USER2" }
con
----------------End of Script----------------

00:21:56 INFO  : Disconnected from the channel tcfchan#7.
00:33:15 INFO  : Checking for BSP changes to sync application flags for project 'Spartan'...
00:33:42 INFO  : Checking for BSP changes to sync application flags for project 'Spartan'...
00:34:27 INFO  : Checking for BSP changes to sync application flags for project 'Spartan'...
00:34:49 INFO  : Checking for BSP changes to sync application flags for project 'Spartan'...
00:34:58 INFO  : Connected to target on host '127.0.0.1' and port '3121'.
00:34:58 INFO  : Jtag cable 'Louis Spartan Board 0ABC02A' is selected.
00:34:58 INFO  : 'jtag frequency' command is executed.
00:34:59 INFO  : 'targets -set -filter {jtag_cable_name =~ "Louis Spartan Board 0ABC02A" && level==0 && jtag_device_ctx=="jsn-Spartan Board-0ABC02A-03622093-0"}' command is executed.
00:34:59 INFO  : Device configured successfully with "C:/Users/louis/Documents/Github/PCB-ADVANCED/PCB-ADVANCED/VIVADO/Vitis/Spartan/_ide/bitstream/MicroBlazeFULL_wrapper.bit"
00:34:59 INFO  : Context for processor 'microblaze_0' is selected.
00:34:59 INFO  : Hardware design and registers information is loaded from 'C:/Users/louis/Documents/Github/PCB-ADVANCED/PCB-ADVANCED/VIVADO/Vitis/MicroBlazeFULL_wrapper/export/MicroBlazeFULL_wrapper/hw/MicroBlazeFULL_wrapper.xsa'.
00:34:59 INFO  : 'configparams mdm-detect-bscan-mask 2' command is executed.
00:34:59 INFO  : Context for processor 'microblaze_0' is selected.
00:34:59 INFO  : System reset is completed.
00:35:02 INFO  : 'after 3000' command is executed.
00:35:02 INFO  : Context for processor 'microblaze_0' is selected.
00:35:02 ERROR : Cannot stop MicroBlaze. MicroBlaze is held in reset
00:35:02 INFO  : ----------------XSDB Script----------------
connect -url tcp:127.0.0.1:3121
targets -set -filter {jtag_cable_name =~ "Louis Spartan Board 0ABC02A" && level==0 && jtag_device_ctx=="jsn-Spartan Board-0ABC02A-03622093-0"}
fpga -file C:/Users/louis/Documents/Github/PCB-ADVANCED/PCB-ADVANCED/VIVADO/Vitis/Spartan/_ide/bitstream/MicroBlazeFULL_wrapper.bit
targets -set -nocase -filter {name =~ "*microblaze*#0" && bscan=="USER2" }
loadhw -hw C:/Users/louis/Documents/Github/PCB-ADVANCED/PCB-ADVANCED/VIVADO/Vitis/MicroBlazeFULL_wrapper/export/MicroBlazeFULL_wrapper/hw/MicroBlazeFULL_wrapper.xsa -regs
configparams mdm-detect-bscan-mask 2
targets -set -nocase -filter {name =~ "*microblaze*#0" && bscan=="USER2" }
rst -system
after 3000
targets -set -nocase -filter {name =~ "*microblaze*#0" && bscan=="USER2" }
dow C:/Users/louis/Documents/Github/PCB-ADVANCED/PCB-ADVANCED/VIVADO/Vitis/Spartan/Debug/Spartan.elf
----------------End of Script----------------

00:35:02 ERROR : Cannot stop MicroBlaze. MicroBlaze is held in reset
00:35:09 INFO  : Connected to target on host '127.0.0.1' and port '3121'.
00:35:09 INFO  : Jtag cable 'Louis Spartan Board 0ABC02A' is selected.
00:35:09 INFO  : 'jtag frequency' command is executed.
00:35:09 INFO  : 'targets -set -filter {jtag_cable_name =~ "Louis Spartan Board 0ABC02A" && level==0 && jtag_device_ctx=="jsn-Spartan Board-0ABC02A-03622093-0"}' command is executed.
00:35:10 INFO  : Device configured successfully with "C:/Users/louis/Documents/Github/PCB-ADVANCED/PCB-ADVANCED/VIVADO/Vitis/Spartan/_ide/bitstream/MicroBlazeFULL_wrapper.bit"
00:35:10 INFO  : Context for processor 'microblaze_0' is selected.
00:35:10 INFO  : Hardware design and registers information is loaded from 'C:/Users/louis/Documents/Github/PCB-ADVANCED/PCB-ADVANCED/VIVADO/Vitis/MicroBlazeFULL_wrapper/export/MicroBlazeFULL_wrapper/hw/MicroBlazeFULL_wrapper.xsa'.
00:35:10 INFO  : 'configparams mdm-detect-bscan-mask 2' command is executed.
00:35:10 INFO  : Context for processor 'microblaze_0' is selected.
00:35:10 INFO  : System reset is completed.
00:35:13 INFO  : 'after 3000' command is executed.
00:35:13 INFO  : Context for processor 'microblaze_0' is selected.
00:35:13 INFO  : The application 'C:/Users/louis/Documents/Github/PCB-ADVANCED/PCB-ADVANCED/VIVADO/Vitis/Spartan/Debug/Spartan.elf' is downloaded to processor 'microblaze_0'.
00:35:13 INFO  : ----------------XSDB Script----------------
connect -url tcp:127.0.0.1:3121
targets -set -filter {jtag_cable_name =~ "Louis Spartan Board 0ABC02A" && level==0 && jtag_device_ctx=="jsn-Spartan Board-0ABC02A-03622093-0"}
fpga -file C:/Users/louis/Documents/Github/PCB-ADVANCED/PCB-ADVANCED/VIVADO/Vitis/Spartan/_ide/bitstream/MicroBlazeFULL_wrapper.bit
targets -set -nocase -filter {name =~ "*microblaze*#0" && bscan=="USER2" }
loadhw -hw C:/Users/louis/Documents/Github/PCB-ADVANCED/PCB-ADVANCED/VIVADO/Vitis/MicroBlazeFULL_wrapper/export/MicroBlazeFULL_wrapper/hw/MicroBlazeFULL_wrapper.xsa -regs
configparams mdm-detect-bscan-mask 2
targets -set -nocase -filter {name =~ "*microblaze*#0" && bscan=="USER2" }
rst -system
after 3000
targets -set -nocase -filter {name =~ "*microblaze*#0" && bscan=="USER2" }
dow C:/Users/louis/Documents/Github/PCB-ADVANCED/PCB-ADVANCED/VIVADO/Vitis/Spartan/Debug/Spartan.elf
----------------End of Script----------------

00:35:13 INFO  : Context for processor 'microblaze_0' is selected.
00:35:13 INFO  : 'con' command is executed.
00:35:13 INFO  : ----------------XSDB Script (After Launch)----------------
targets -set -nocase -filter {name =~ "*microblaze*#0" && bscan=="USER2" }
con
----------------End of Script----------------

00:35:13 INFO  : Disconnected from the channel tcfchan#8.
00:36:29 INFO  : Connected to target on host '127.0.0.1' and port '3121'.
00:36:30 INFO  : Jtag cable 'Louis Spartan Board 0ABC02A' is selected.
00:36:30 INFO  : 'jtag frequency' command is executed.
00:36:30 INFO  : 'targets -set -filter {jtag_cable_name =~ "Louis Spartan Board 0ABC02A" && level==0 && jtag_device_ctx=="jsn-Spartan Board-0ABC02A-03622093-0"}' command is executed.
00:36:30 INFO  : Device configured successfully with "C:/Users/louis/Documents/Github/PCB-ADVANCED/PCB-ADVANCED/VIVADO/Vitis/Spartan/_ide/bitstream/MicroBlazeFULL_wrapper.bit"
00:36:30 INFO  : Context for processor 'microblaze_0' is selected.
00:36:30 INFO  : Hardware design and registers information is loaded from 'C:/Users/louis/Documents/Github/PCB-ADVANCED/PCB-ADVANCED/VIVADO/Vitis/MicroBlazeFULL_wrapper/export/MicroBlazeFULL_wrapper/hw/MicroBlazeFULL_wrapper.xsa'.
00:36:30 INFO  : 'configparams mdm-detect-bscan-mask 2' command is executed.
00:36:30 INFO  : Context for processor 'microblaze_0' is selected.
00:36:30 INFO  : System reset is completed.
00:36:33 INFO  : 'after 3000' command is executed.
00:36:33 INFO  : Context for processor 'microblaze_0' is selected.
00:36:33 INFO  : The application 'C:/Users/louis/Documents/Github/PCB-ADVANCED/PCB-ADVANCED/VIVADO/Vitis/Spartan/Debug/Spartan.elf' is downloaded to processor 'microblaze_0'.
00:36:33 INFO  : ----------------XSDB Script----------------
connect -url tcp:127.0.0.1:3121
targets -set -filter {jtag_cable_name =~ "Louis Spartan Board 0ABC02A" && level==0 && jtag_device_ctx=="jsn-Spartan Board-0ABC02A-03622093-0"}
fpga -file C:/Users/louis/Documents/Github/PCB-ADVANCED/PCB-ADVANCED/VIVADO/Vitis/Spartan/_ide/bitstream/MicroBlazeFULL_wrapper.bit
targets -set -nocase -filter {name =~ "*microblaze*#0" && bscan=="USER2" }
loadhw -hw C:/Users/louis/Documents/Github/PCB-ADVANCED/PCB-ADVANCED/VIVADO/Vitis/MicroBlazeFULL_wrapper/export/MicroBlazeFULL_wrapper/hw/MicroBlazeFULL_wrapper.xsa -regs
configparams mdm-detect-bscan-mask 2
targets -set -nocase -filter {name =~ "*microblaze*#0" && bscan=="USER2" }
rst -system
after 3000
targets -set -nocase -filter {name =~ "*microblaze*#0" && bscan=="USER2" }
dow C:/Users/louis/Documents/Github/PCB-ADVANCED/PCB-ADVANCED/VIVADO/Vitis/Spartan/Debug/Spartan.elf
----------------End of Script----------------

00:36:33 INFO  : Context for processor 'microblaze_0' is selected.
00:36:33 INFO  : 'con' command is executed.
00:36:33 INFO  : ----------------XSDB Script (After Launch)----------------
targets -set -nocase -filter {name =~ "*microblaze*#0" && bscan=="USER2" }
con
----------------End of Script----------------

00:36:33 INFO  : Disconnected from the channel tcfchan#9.
00:36:45 INFO  : Checking for BSP changes to sync application flags for project 'Spartan'...
00:36:55 INFO  : Connected to target on host '127.0.0.1' and port '3121'.
00:36:55 INFO  : Jtag cable 'Louis Spartan Board 0ABC02A' is selected.
00:36:55 INFO  : 'jtag frequency' command is executed.
00:36:55 INFO  : 'targets -set -filter {jtag_cable_name =~ "Louis Spartan Board 0ABC02A" && level==0 && jtag_device_ctx=="jsn-Spartan Board-0ABC02A-03622093-0"}' command is executed.
00:36:56 INFO  : Device configured successfully with "C:/Users/louis/Documents/Github/PCB-ADVANCED/PCB-ADVANCED/VIVADO/Vitis/Spartan/_ide/bitstream/MicroBlazeFULL_wrapper.bit"
00:36:56 INFO  : Context for processor 'microblaze_0' is selected.
00:36:56 INFO  : Hardware design and registers information is loaded from 'C:/Users/louis/Documents/Github/PCB-ADVANCED/PCB-ADVANCED/VIVADO/Vitis/MicroBlazeFULL_wrapper/export/MicroBlazeFULL_wrapper/hw/MicroBlazeFULL_wrapper.xsa'.
00:36:56 INFO  : 'configparams mdm-detect-bscan-mask 2' command is executed.
00:36:56 INFO  : Context for processor 'microblaze_0' is selected.
00:36:56 INFO  : System reset is completed.
00:36:59 INFO  : 'after 3000' command is executed.
00:36:59 INFO  : Context for processor 'microblaze_0' is selected.
00:36:59 INFO  : The application 'C:/Users/louis/Documents/Github/PCB-ADVANCED/PCB-ADVANCED/VIVADO/Vitis/Spartan/Debug/Spartan.elf' is downloaded to processor 'microblaze_0'.
00:36:59 INFO  : ----------------XSDB Script----------------
connect -url tcp:127.0.0.1:3121
targets -set -filter {jtag_cable_name =~ "Louis Spartan Board 0ABC02A" && level==0 && jtag_device_ctx=="jsn-Spartan Board-0ABC02A-03622093-0"}
fpga -file C:/Users/louis/Documents/Github/PCB-ADVANCED/PCB-ADVANCED/VIVADO/Vitis/Spartan/_ide/bitstream/MicroBlazeFULL_wrapper.bit
targets -set -nocase -filter {name =~ "*microblaze*#0" && bscan=="USER2" }
loadhw -hw C:/Users/louis/Documents/Github/PCB-ADVANCED/PCB-ADVANCED/VIVADO/Vitis/MicroBlazeFULL_wrapper/export/MicroBlazeFULL_wrapper/hw/MicroBlazeFULL_wrapper.xsa -regs
configparams mdm-detect-bscan-mask 2
targets -set -nocase -filter {name =~ "*microblaze*#0" && bscan=="USER2" }
rst -system
after 3000
targets -set -nocase -filter {name =~ "*microblaze*#0" && bscan=="USER2" }
dow C:/Users/louis/Documents/Github/PCB-ADVANCED/PCB-ADVANCED/VIVADO/Vitis/Spartan/Debug/Spartan.elf
----------------End of Script----------------

00:36:59 INFO  : Context for processor 'microblaze_0' is selected.
00:36:59 INFO  : 'con' command is executed.
00:36:59 INFO  : ----------------XSDB Script (After Launch)----------------
targets -set -nocase -filter {name =~ "*microblaze*#0" && bscan=="USER2" }
con
----------------End of Script----------------

00:36:59 INFO  : Disconnected from the channel tcfchan#10.
00:37:54 INFO  : Connected to target on host '127.0.0.1' and port '3121'.
00:37:54 INFO  : Jtag cable 'Louis Spartan Board 0ABC02A' is selected.
00:37:54 INFO  : 'jtag frequency' command is executed.
00:37:54 INFO  : 'targets -set -filter {jtag_cable_name =~ "Louis Spartan Board 0ABC02A" && level==0 && jtag_device_ctx=="jsn-Spartan Board-0ABC02A-03622093-0"}' command is executed.
00:37:55 INFO  : Device configured successfully with "C:/Users/louis/Documents/Github/PCB-ADVANCED/PCB-ADVANCED/VIVADO/Vitis/Spartan/_ide/bitstream/MicroBlazeFULL_wrapper.bit"
00:37:55 INFO  : Context for processor 'microblaze_0' is selected.
00:37:55 INFO  : Hardware design and registers information is loaded from 'C:/Users/louis/Documents/Github/PCB-ADVANCED/PCB-ADVANCED/VIVADO/Vitis/MicroBlazeFULL_wrapper/export/MicroBlazeFULL_wrapper/hw/MicroBlazeFULL_wrapper.xsa'.
00:37:55 INFO  : 'configparams mdm-detect-bscan-mask 2' command is executed.
00:37:55 INFO  : Context for processor 'microblaze_0' is selected.
00:37:55 INFO  : System reset is completed.
00:37:58 INFO  : 'after 3000' command is executed.
00:37:58 INFO  : Context for processor 'microblaze_0' is selected.
00:37:58 INFO  : The application 'C:/Users/louis/Documents/Github/PCB-ADVANCED/PCB-ADVANCED/VIVADO/Vitis/Spartan/Debug/Spartan.elf' is downloaded to processor 'microblaze_0'.
00:37:58 INFO  : ----------------XSDB Script----------------
connect -url tcp:127.0.0.1:3121
targets -set -filter {jtag_cable_name =~ "Louis Spartan Board 0ABC02A" && level==0 && jtag_device_ctx=="jsn-Spartan Board-0ABC02A-03622093-0"}
fpga -file C:/Users/louis/Documents/Github/PCB-ADVANCED/PCB-ADVANCED/VIVADO/Vitis/Spartan/_ide/bitstream/MicroBlazeFULL_wrapper.bit
targets -set -nocase -filter {name =~ "*microblaze*#0" && bscan=="USER2" }
loadhw -hw C:/Users/louis/Documents/Github/PCB-ADVANCED/PCB-ADVANCED/VIVADO/Vitis/MicroBlazeFULL_wrapper/export/MicroBlazeFULL_wrapper/hw/MicroBlazeFULL_wrapper.xsa -regs
configparams mdm-detect-bscan-mask 2
targets -set -nocase -filter {name =~ "*microblaze*#0" && bscan=="USER2" }
rst -system
after 3000
targets -set -nocase -filter {name =~ "*microblaze*#0" && bscan=="USER2" }
dow C:/Users/louis/Documents/Github/PCB-ADVANCED/PCB-ADVANCED/VIVADO/Vitis/Spartan/Debug/Spartan.elf
----------------End of Script----------------

00:37:58 INFO  : Context for processor 'microblaze_0' is selected.
00:37:58 INFO  : 'con' command is executed.
00:37:58 INFO  : ----------------XSDB Script (After Launch)----------------
targets -set -nocase -filter {name =~ "*microblaze*#0" && bscan=="USER2" }
con
----------------End of Script----------------

00:37:58 INFO  : Disconnected from the channel tcfchan#11.
00:38:14 INFO  : Checking for BSP changes to sync application flags for project 'Spartan'...
00:38:20 INFO  : Connected to target on host '127.0.0.1' and port '3121'.
00:38:20 INFO  : Jtag cable 'Louis Spartan Board 0ABC02A' is selected.
00:38:20 INFO  : 'jtag frequency' command is executed.
00:38:20 INFO  : 'targets -set -filter {jtag_cable_name =~ "Louis Spartan Board 0ABC02A" && level==0 && jtag_device_ctx=="jsn-Spartan Board-0ABC02A-03622093-0"}' command is executed.
00:38:21 INFO  : Device configured successfully with "C:/Users/louis/Documents/Github/PCB-ADVANCED/PCB-ADVANCED/VIVADO/Vitis/Spartan/_ide/bitstream/MicroBlazeFULL_wrapper.bit"
00:38:21 INFO  : Context for processor 'microblaze_0' is selected.
00:38:21 INFO  : Hardware design and registers information is loaded from 'C:/Users/louis/Documents/Github/PCB-ADVANCED/PCB-ADVANCED/VIVADO/Vitis/MicroBlazeFULL_wrapper/export/MicroBlazeFULL_wrapper/hw/MicroBlazeFULL_wrapper.xsa'.
00:38:21 INFO  : 'configparams mdm-detect-bscan-mask 2' command is executed.
00:38:21 INFO  : Context for processor 'microblaze_0' is selected.
00:38:21 INFO  : System reset is completed.
00:38:24 INFO  : 'after 3000' command is executed.
00:38:24 INFO  : Context for processor 'microblaze_0' is selected.
00:38:24 INFO  : The application 'C:/Users/louis/Documents/Github/PCB-ADVANCED/PCB-ADVANCED/VIVADO/Vitis/Spartan/Debug/Spartan.elf' is downloaded to processor 'microblaze_0'.
00:38:24 INFO  : ----------------XSDB Script----------------
connect -url tcp:127.0.0.1:3121
targets -set -filter {jtag_cable_name =~ "Louis Spartan Board 0ABC02A" && level==0 && jtag_device_ctx=="jsn-Spartan Board-0ABC02A-03622093-0"}
fpga -file C:/Users/louis/Documents/Github/PCB-ADVANCED/PCB-ADVANCED/VIVADO/Vitis/Spartan/_ide/bitstream/MicroBlazeFULL_wrapper.bit
targets -set -nocase -filter {name =~ "*microblaze*#0" && bscan=="USER2" }
loadhw -hw C:/Users/louis/Documents/Github/PCB-ADVANCED/PCB-ADVANCED/VIVADO/Vitis/MicroBlazeFULL_wrapper/export/MicroBlazeFULL_wrapper/hw/MicroBlazeFULL_wrapper.xsa -regs
configparams mdm-detect-bscan-mask 2
targets -set -nocase -filter {name =~ "*microblaze*#0" && bscan=="USER2" }
rst -system
after 3000
targets -set -nocase -filter {name =~ "*microblaze*#0" && bscan=="USER2" }
dow C:/Users/louis/Documents/Github/PCB-ADVANCED/PCB-ADVANCED/VIVADO/Vitis/Spartan/Debug/Spartan.elf
----------------End of Script----------------

00:38:24 INFO  : Context for processor 'microblaze_0' is selected.
00:38:24 INFO  : 'con' command is executed.
00:38:24 INFO  : ----------------XSDB Script (After Launch)----------------
targets -set -nocase -filter {name =~ "*microblaze*#0" && bscan=="USER2" }
con
----------------End of Script----------------

00:38:24 INFO  : Disconnected from the channel tcfchan#12.
00:41:03 INFO  : Checking for BSP changes to sync application flags for project 'Spartan'...
00:41:09 INFO  : Connected to target on host '127.0.0.1' and port '3121'.
00:41:09 INFO  : Jtag cable 'Louis Spartan Board 0ABC02A' is selected.
00:41:09 INFO  : 'jtag frequency' command is executed.
00:41:09 INFO  : 'targets -set -filter {jtag_cable_name =~ "Louis Spartan Board 0ABC02A" && level==0 && jtag_device_ctx=="jsn-Spartan Board-0ABC02A-03622093-0"}' command is executed.
00:41:09 INFO  : Device configured successfully with "C:/Users/louis/Documents/Github/PCB-ADVANCED/PCB-ADVANCED/VIVADO/Vitis/Spartan/_ide/bitstream/MicroBlazeFULL_wrapper.bit"
00:41:09 INFO  : Context for processor 'microblaze_0' is selected.
00:41:09 INFO  : Hardware design and registers information is loaded from 'C:/Users/louis/Documents/Github/PCB-ADVANCED/PCB-ADVANCED/VIVADO/Vitis/MicroBlazeFULL_wrapper/export/MicroBlazeFULL_wrapper/hw/MicroBlazeFULL_wrapper.xsa'.
00:41:09 INFO  : 'configparams mdm-detect-bscan-mask 2' command is executed.
00:41:09 INFO  : Context for processor 'microblaze_0' is selected.
00:41:10 INFO  : System reset is completed.
00:41:13 INFO  : 'after 3000' command is executed.
00:41:13 INFO  : Context for processor 'microblaze_0' is selected.
00:41:13 INFO  : The application 'C:/Users/louis/Documents/Github/PCB-ADVANCED/PCB-ADVANCED/VIVADO/Vitis/Spartan/Debug/Spartan.elf' is downloaded to processor 'microblaze_0'.
00:41:13 INFO  : ----------------XSDB Script----------------
connect -url tcp:127.0.0.1:3121
targets -set -filter {jtag_cable_name =~ "Louis Spartan Board 0ABC02A" && level==0 && jtag_device_ctx=="jsn-Spartan Board-0ABC02A-03622093-0"}
fpga -file C:/Users/louis/Documents/Github/PCB-ADVANCED/PCB-ADVANCED/VIVADO/Vitis/Spartan/_ide/bitstream/MicroBlazeFULL_wrapper.bit
targets -set -nocase -filter {name =~ "*microblaze*#0" && bscan=="USER2" }
loadhw -hw C:/Users/louis/Documents/Github/PCB-ADVANCED/PCB-ADVANCED/VIVADO/Vitis/MicroBlazeFULL_wrapper/export/MicroBlazeFULL_wrapper/hw/MicroBlazeFULL_wrapper.xsa -regs
configparams mdm-detect-bscan-mask 2
targets -set -nocase -filter {name =~ "*microblaze*#0" && bscan=="USER2" }
rst -system
after 3000
targets -set -nocase -filter {name =~ "*microblaze*#0" && bscan=="USER2" }
dow C:/Users/louis/Documents/Github/PCB-ADVANCED/PCB-ADVANCED/VIVADO/Vitis/Spartan/Debug/Spartan.elf
----------------End of Script----------------

00:41:13 INFO  : Context for processor 'microblaze_0' is selected.
00:41:13 INFO  : 'con' command is executed.
00:41:13 INFO  : ----------------XSDB Script (After Launch)----------------
targets -set -nocase -filter {name =~ "*microblaze*#0" && bscan=="USER2" }
con
----------------End of Script----------------

00:41:13 INFO  : Disconnected from the channel tcfchan#13.
