TRACE::2023-12-16.23:34:03::SCWPlatform::Trying to open the hw design at C:/Users/louis/Documents/Github/PCB-ADVANCED/PCB-ADVANCED/VIVADO/Vitis/MicroBlazeFULL_wrapper/hw/MicroBlazeFULL_wrapper.xsa
TRACE::2023-12-16.23:34:03::SCWPlatform::DSA given C:/Users/louis/Documents/Github/PCB-ADVANCED/PCB-ADVANCED/VIVADO/Vitis/MicroBlazeFULL_wrapper/hw/MicroBlazeFULL_wrapper.xsa
TRACE::2023-12-16.23:34:03::SCWPlatform::DSA absoulate path C:/Users/louis/Documents/Github/PCB-ADVANCED/PCB-ADVANCED/VIVADO/Vitis/MicroBlazeFULL_wrapper/hw/MicroBlazeFULL_wrapper.xsa
TRACE::2023-12-16.23:34:03::SCWPlatform::DSA directory C:/Users/louis/Documents/Github/PCB-ADVANCED/PCB-ADVANCED/VIVADO/Vitis/MicroBlazeFULL_wrapper/hw
TRACE::2023-12-16.23:34:03::SCWPlatform:: Platform Path C:/Users/louis/Documents/Github/PCB-ADVANCED/PCB-ADVANCED/VIVADO/Vitis/MicroBlazeFULL_wrapper/hw/MicroBlazeFULL_wrapper.xsa
TRACE::2023-12-16.23:34:03::SCWPlatform:: Unique name xilinx:::0.0
TRACE::2023-12-16.23:34:03::SCWPlatform::Do not have an existing db opened. 
TRACE::2023-12-16.23:34:03::SCWPlatform::Opened new HwDB with name MicroBlazeV2_wrapper_0
TRACE::2023-12-16.23:34:03::SCWWriter::formatted JSON is {
	"platformName":	"MicroBlazeFULL_wrapper",
	"sprVersion":	"2.0",
	"mode":	"gui",
	"dsaType":	"Fixed",
	"platformDesc":	"MicroBlazeFULL_wrapper",
	"platHandOff":	"C:/Users/louis/Documents/Github/PCB-ADVANCED/PCB-ADVANCED/VIVADO/SpartanMicroBlaze/MicroBlazeFULL_wrapper.xsa",
	"platIntHandOff":	"<platformDir>/hw/MicroBlazeFULL_wrapper.xsa",
	"deviceType":	"FPGA",
	"platIsPrebuiltAutogen":	"false",
	"platIsNoBootBsp":	"false",
	"hasFsblMakeHasChanges":	"false",
	"hasPmufwMakeHasChanges":	"false",
	"platPreBuiltFlag":	false,
	"platformSamplesDir":	""
}
TRACE::2023-12-16.23:34:03::SCWWriter::formatted JSON is {
	"platformName":	"MicroBlazeFULL_wrapper",
	"sprVersion":	"2.0",
	"mode":	"gui",
	"dsaType":	"Fixed",
	"platformDesc":	"MicroBlazeFULL_wrapper",
	"platHandOff":	"C:/Users/louis/Documents/Github/PCB-ADVANCED/PCB-ADVANCED/VIVADO/SpartanMicroBlaze/MicroBlazeFULL_wrapper.xsa",
	"platIntHandOff":	"<platformDir>/hw/MicroBlazeFULL_wrapper.xsa",
	"deviceType":	"FPGA",
	"platIsPrebuiltAutogen":	"false",
	"platIsNoBootBsp":	"false",
	"hasFsblMakeHasChanges":	"false",
	"hasPmufwMakeHasChanges":	"false",
	"platPreBuiltFlag":	false,
	"platformSamplesDir":	"",
	"platActiveSys":	"MicroBlazeFULL_wrapper",
	"systems":	[{
			"systemName":	"MicroBlazeFULL_wrapper",
			"systemDesc":	"MicroBlazeFULL_wrapper",
			"sysIsBootAutoGen":	"true",
			"systemDispName":	"MicroBlazeFULL_wrapper"
		}]
}
TRACE::2023-12-16.23:34:03::SCWPlatform::Boot application domains not present, creating them
TRACE::2023-12-16.23:34:03::SCWPlatform::Pure FPGA device, no boot application will be created.
TRACE::2023-12-16.23:34:03::SCWWriter::formatted JSON is {
	"platformName":	"MicroBlazeFULL_wrapper",
	"sprVersion":	"2.0",
	"mode":	"gui",
	"dsaType":	"Fixed",
	"platformDesc":	"MicroBlazeFULL_wrapper",
	"platHandOff":	"C:/Users/louis/Documents/Github/PCB-ADVANCED/PCB-ADVANCED/VIVADO/SpartanMicroBlaze/MicroBlazeFULL_wrapper.xsa",
	"platIntHandOff":	"<platformDir>/hw/MicroBlazeFULL_wrapper.xsa",
	"deviceType":	"FPGA",
	"platIsPrebuiltAutogen":	"false",
	"platIsNoBootBsp":	"false",
	"hasFsblMakeHasChanges":	"false",
	"hasPmufwMakeHasChanges":	"false",
	"platPreBuiltFlag":	false,
	"platformSamplesDir":	"",
	"platActiveSys":	"MicroBlazeFULL_wrapper",
	"systems":	[{
			"systemName":	"MicroBlazeFULL_wrapper",
			"systemDesc":	"MicroBlazeFULL_wrapper",
			"sysIsBootAutoGen":	"true",
			"systemDispName":	"MicroBlazeFULL_wrapper"
		}]
}
TRACE::2023-12-16.23:34:03::SCWWriter::formatted JSON is {
	"platformName":	"MicroBlazeFULL_wrapper",
	"sprVersion":	"2.0",
	"mode":	"gui",
	"dsaType":	"Fixed",
	"platformDesc":	"MicroBlazeFULL_wrapper",
	"platHandOff":	"C:/Users/louis/Documents/Github/PCB-ADVANCED/PCB-ADVANCED/VIVADO/SpartanMicroBlaze/MicroBlazeFULL_wrapper.xsa",
	"platIntHandOff":	"<platformDir>/hw/MicroBlazeFULL_wrapper.xsa",
	"deviceType":	"FPGA",
	"platIsPrebuiltAutogen":	"false",
	"platIsNoBootBsp":	"false",
	"hasFsblMakeHasChanges":	"false",
	"hasPmufwMakeHasChanges":	"false",
	"platPreBuiltFlag":	false,
	"platformSamplesDir":	"",
	"platActiveSys":	"MicroBlazeFULL_wrapper",
	"systems":	[{
			"systemName":	"MicroBlazeFULL_wrapper",
			"systemDesc":	"MicroBlazeFULL_wrapper",
			"sysIsBootAutoGen":	"true",
			"systemDispName":	"MicroBlazeFULL_wrapper"
		}]
}
TRACE::2023-12-16.23:34:03::SCWPlatform::Trying to open the hw design at C:/Users/louis/Documents/Github/PCB-ADVANCED/PCB-ADVANCED/VIVADO/Vitis/MicroBlazeFULL_wrapper/hw/MicroBlazeFULL_wrapper.xsa
TRACE::2023-12-16.23:34:03::SCWPlatform::DSA given C:/Users/louis/Documents/Github/PCB-ADVANCED/PCB-ADVANCED/VIVADO/Vitis/MicroBlazeFULL_wrapper/hw/MicroBlazeFULL_wrapper.xsa
TRACE::2023-12-16.23:34:03::SCWPlatform::DSA absoulate path C:/Users/louis/Documents/Github/PCB-ADVANCED/PCB-ADVANCED/VIVADO/Vitis/MicroBlazeFULL_wrapper/hw/MicroBlazeFULL_wrapper.xsa
TRACE::2023-12-16.23:34:03::SCWPlatform::DSA directory C:/Users/louis/Documents/Github/PCB-ADVANCED/PCB-ADVANCED/VIVADO/Vitis/MicroBlazeFULL_wrapper/hw
TRACE::2023-12-16.23:34:03::SCWPlatform:: Platform Path C:/Users/louis/Documents/Github/PCB-ADVANCED/PCB-ADVANCED/VIVADO/Vitis/MicroBlazeFULL_wrapper/hw/MicroBlazeFULL_wrapper.xsa
TRACE::2023-12-16.23:34:03::SCWPlatform:: Unique name xilinx:::0.0
TRACE::2023-12-16.23:34:03::SCWPlatform::Trying to set the existing hwdb with name MicroBlazeV2_wrapper_0
TRACE::2023-12-16.23:34:03::SCWPlatform::Opened existing hwdb MicroBlazeV2_wrapper_0
TRACE::2023-12-16.23:34:03::SCWPlatform::Found the Hw Db part of the input DSA
TRACE::2023-12-16.23:34:03::SCWPlatform::Trying to open the hw design at C:/Users/louis/Documents/Github/PCB-ADVANCED/PCB-ADVANCED/VIVADO/Vitis/MicroBlazeFULL_wrapper/hw/MicroBlazeFULL_wrapper.xsa
TRACE::2023-12-16.23:34:03::SCWPlatform::DSA given C:/Users/louis/Documents/Github/PCB-ADVANCED/PCB-ADVANCED/VIVADO/Vitis/MicroBlazeFULL_wrapper/hw/MicroBlazeFULL_wrapper.xsa
TRACE::2023-12-16.23:34:03::SCWPlatform::DSA absoulate path C:/Users/louis/Documents/Github/PCB-ADVANCED/PCB-ADVANCED/VIVADO/Vitis/MicroBlazeFULL_wrapper/hw/MicroBlazeFULL_wrapper.xsa
TRACE::2023-12-16.23:34:03::SCWPlatform::DSA directory C:/Users/louis/Documents/Github/PCB-ADVANCED/PCB-ADVANCED/VIVADO/Vitis/MicroBlazeFULL_wrapper/hw
TRACE::2023-12-16.23:34:03::SCWPlatform:: Platform Path C:/Users/louis/Documents/Github/PCB-ADVANCED/PCB-ADVANCED/VIVADO/Vitis/MicroBlazeFULL_wrapper/hw/MicroBlazeFULL_wrapper.xsa
TRACE::2023-12-16.23:34:03::SCWPlatform:: Unique name xilinx:::0.0
TRACE::2023-12-16.23:34:03::SCWPlatform::Trying to set the existing hwdb with name MicroBlazeV2_wrapper_0
TRACE::2023-12-16.23:34:03::SCWPlatform::Opened existing hwdb MicroBlazeV2_wrapper_0
TRACE::2023-12-16.23:34:03::SCWPlatform::Found the Hw Db part of the input DSA
TRACE::2023-12-16.23:34:03::SCWDomain::checking for install qemu data   : 
TRACE::2023-12-16.23:34:03::SCWPlatform::Trying to open the hw design at C:/Users/louis/Documents/Github/PCB-ADVANCED/PCB-ADVANCED/VIVADO/Vitis/MicroBlazeFULL_wrapper/hw/MicroBlazeFULL_wrapper.xsa
TRACE::2023-12-16.23:34:03::SCWPlatform::DSA given C:/Users/louis/Documents/Github/PCB-ADVANCED/PCB-ADVANCED/VIVADO/Vitis/MicroBlazeFULL_wrapper/hw/MicroBlazeFULL_wrapper.xsa
TRACE::2023-12-16.23:34:03::SCWPlatform::DSA absoulate path C:/Users/louis/Documents/Github/PCB-ADVANCED/PCB-ADVANCED/VIVADO/Vitis/MicroBlazeFULL_wrapper/hw/MicroBlazeFULL_wrapper.xsa
TRACE::2023-12-16.23:34:03::SCWPlatform::DSA directory C:/Users/louis/Documents/Github/PCB-ADVANCED/PCB-ADVANCED/VIVADO/Vitis/MicroBlazeFULL_wrapper/hw
TRACE::2023-12-16.23:34:03::SCWPlatform:: Platform Path C:/Users/louis/Documents/Github/PCB-ADVANCED/PCB-ADVANCED/VIVADO/Vitis/MicroBlazeFULL_wrapper/hw/MicroBlazeFULL_wrapper.xsa
TRACE::2023-12-16.23:34:03::SCWPlatform:: Unique name xilinx:::0.0
TRACE::2023-12-16.23:34:03::SCWPlatform::Trying to set the existing hwdb with name MicroBlazeV2_wrapper_0
TRACE::2023-12-16.23:34:03::SCWPlatform::Opened existing hwdb MicroBlazeV2_wrapper_0
TRACE::2023-12-16.23:34:03::SCWPlatform::Found the Hw Db part of the input DSA
TRACE::2023-12-16.23:34:03::SCWPlatform::Trying to open the hw design at C:/Users/louis/Documents/Github/PCB-ADVANCED/PCB-ADVANCED/VIVADO/Vitis/MicroBlazeFULL_wrapper/hw/MicroBlazeFULL_wrapper.xsa
TRACE::2023-12-16.23:34:03::SCWPlatform::DSA given C:/Users/louis/Documents/Github/PCB-ADVANCED/PCB-ADVANCED/VIVADO/Vitis/MicroBlazeFULL_wrapper/hw/MicroBlazeFULL_wrapper.xsa
TRACE::2023-12-16.23:34:03::SCWPlatform::DSA absoulate path C:/Users/louis/Documents/Github/PCB-ADVANCED/PCB-ADVANCED/VIVADO/Vitis/MicroBlazeFULL_wrapper/hw/MicroBlazeFULL_wrapper.xsa
TRACE::2023-12-16.23:34:03::SCWPlatform::DSA directory C:/Users/louis/Documents/Github/PCB-ADVANCED/PCB-ADVANCED/VIVADO/Vitis/MicroBlazeFULL_wrapper/hw
TRACE::2023-12-16.23:34:03::SCWPlatform:: Platform Path C:/Users/louis/Documents/Github/PCB-ADVANCED/PCB-ADVANCED/VIVADO/Vitis/MicroBlazeFULL_wrapper/hw/MicroBlazeFULL_wrapper.xsa
TRACE::2023-12-16.23:34:03::SCWPlatform:: Unique name xilinx:::0.0
TRACE::2023-12-16.23:34:03::SCWPlatform::Trying to set the existing hwdb with name MicroBlazeV2_wrapper_0
TRACE::2023-12-16.23:34:03::SCWPlatform::Opened existing hwdb MicroBlazeV2_wrapper_0
TRACE::2023-12-16.23:34:03::SCWPlatform::Found the Hw Db part of the input DSA
TRACE::2023-12-16.23:34:03::SCWPlatform::Trying to open the hw design at C:/Users/louis/Documents/Github/PCB-ADVANCED/PCB-ADVANCED/VIVADO/Vitis/MicroBlazeFULL_wrapper/hw/MicroBlazeFULL_wrapper.xsa
TRACE::2023-12-16.23:34:03::SCWPlatform::DSA given C:/Users/louis/Documents/Github/PCB-ADVANCED/PCB-ADVANCED/VIVADO/Vitis/MicroBlazeFULL_wrapper/hw/MicroBlazeFULL_wrapper.xsa
TRACE::2023-12-16.23:34:03::SCWPlatform::DSA absoulate path C:/Users/louis/Documents/Github/PCB-ADVANCED/PCB-ADVANCED/VIVADO/Vitis/MicroBlazeFULL_wrapper/hw/MicroBlazeFULL_wrapper.xsa
TRACE::2023-12-16.23:34:03::SCWPlatform::DSA directory C:/Users/louis/Documents/Github/PCB-ADVANCED/PCB-ADVANCED/VIVADO/Vitis/MicroBlazeFULL_wrapper/hw
TRACE::2023-12-16.23:34:03::SCWPlatform:: Platform Path C:/Users/louis/Documents/Github/PCB-ADVANCED/PCB-ADVANCED/VIVADO/Vitis/MicroBlazeFULL_wrapper/hw/MicroBlazeFULL_wrapper.xsa
TRACE::2023-12-16.23:34:03::SCWPlatform:: Unique name xilinx:::0.0
TRACE::2023-12-16.23:34:03::SCWPlatform::Trying to set the existing hwdb with name MicroBlazeV2_wrapper_0
TRACE::2023-12-16.23:34:03::SCWPlatform::Opened existing hwdb MicroBlazeV2_wrapper_0
TRACE::2023-12-16.23:34:03::SCWPlatform::Found the Hw Db part of the input DSA
TRACE::2023-12-16.23:34:03::SCWMssOS::Checking the sw design at  C:/Users/louis/Documents/Github/PCB-ADVANCED/PCB-ADVANCED/VIVADO/Vitis/MicroBlazeFULL_wrapper/microblaze_0/standalone_microblaze_0/bsp/system.mss
TRACE::2023-12-16.23:34:03::SCWMssOS::DEBUG:  swdes dump  
TRACE::2023-12-16.23:34:03::SCWMssOS::No sw design opened at  C:/Users/louis/Documents/Github/PCB-ADVANCED/PCB-ADVANCED/VIVADO/Vitis/MicroBlazeFULL_wrapper/microblaze_0/standalone_microblaze_0/bsp/system.mss
TRACE::2023-12-16.23:34:03::SCWMssOS::mss does not exists at C:/Users/louis/Documents/Github/PCB-ADVANCED/PCB-ADVANCED/VIVADO/Vitis/MicroBlazeFULL_wrapper/microblaze_0/standalone_microblaze_0/bsp/system.mss
TRACE::2023-12-16.23:34:03::SCWMssOS::Creating sw design at  C:/Users/louis/Documents/Github/PCB-ADVANCED/PCB-ADVANCED/VIVADO/Vitis/MicroBlazeFULL_wrapper/microblaze_0/standalone_microblaze_0/bsp/system.mss
TRACE::2023-12-16.23:34:03::SCWMssOS::Adding the swdes entry, created swdb C:/Users/louis/Documents/Github/PCB-ADVANCED/PCB-ADVANCED/VIVADO/Vitis/MicroBlazeFULL_wrapper/microblaze_0/standalone_microblaze_0/bsp/system.mss with des name C:/Users/louis/Documents/Github/PCB-ADVANCED/PCB-ADVANCED/VIVADO/Vitis/MicroBlazeFULL_wrapper/microblaze_0/standalone_microblaze_0/bsp/system.mss
TRACE::2023-12-16.23:34:03::SCWMssOS::updating the scw layer changes to swdes at   C:/Users/louis/Documents/Github/PCB-ADVANCED/PCB-ADVANCED/VIVADO/Vitis/MicroBlazeFULL_wrapper/microblaze_0/standalone_microblaze_0/bsp/system.mss
TRACE::2023-12-16.23:34:03::SCWMssOS::Writing mss at C:/Users/louis/Documents/Github/PCB-ADVANCED/PCB-ADVANCED/VIVADO/Vitis/MicroBlazeFULL_wrapper/microblaze_0/standalone_microblaze_0/bsp/system.mss
TRACE::2023-12-16.23:34:03::SCWMssOS::Completed writing the mss file at C:/Users/louis/Documents/Github/PCB-ADVANCED/PCB-ADVANCED/VIVADO/Vitis/MicroBlazeFULL_wrapper/microblaze_0/standalone_microblaze_0/bsp
TRACE::2023-12-16.23:34:03::SCWMssOS::Picking up changes from newly written mss file into SCW Layer. 
TRACE::2023-12-16.23:34:03::SCWMssOS::Updated the changes from newly written mss file into SCW Layer. 
TRACE::2023-12-16.23:34:03::SCWMssOS::Completed writing the mss file at C:/Users/louis/Documents/Github/PCB-ADVANCED/PCB-ADVANCED/VIVADO/Vitis/MicroBlazeFULL_wrapper/microblaze_0/standalone_microblaze_0/bsp
TRACE::2023-12-16.23:34:03::SCWMssOS::Forcing BSP Sources regeneration.
TRACE::2023-12-16.23:34:06::SCWMssOS::Saving the mss changes C:/Users/louis/Documents/Github/PCB-ADVANCED/PCB-ADVANCED/VIVADO/Vitis/MicroBlazeFULL_wrapper/microblaze_0/standalone_microblaze_0/bsp/system.mss
TRACE::2023-12-16.23:34:06::SCWMssOS::Adding the swdes entry, mss present, able to open swdb C:/Users/louis/Documents/Github/PCB-ADVANCED/PCB-ADVANCED/VIVADO/Vitis/MicroBlazeFULL_wrapper/microblaze_0/standalone_microblaze_0/bsp/system.mss with des name system
TRACE::2023-12-16.23:34:06::SCWMssOS::Writing the mss file completed C:/Users/louis/Documents/Github/PCB-ADVANCED/PCB-ADVANCED/VIVADO/Vitis/MicroBlazeFULL_wrapper/microblaze_0/standalone_microblaze_0/bsp/system.mss
TRACE::2023-12-16.23:34:06::SCWMssOS::Commit changes completed.
TRACE::2023-12-16.23:34:06::SCWPlatform::Trying to open the hw design at C:/Users/louis/Documents/Github/PCB-ADVANCED/PCB-ADVANCED/VIVADO/Vitis/MicroBlazeFULL_wrapper/hw/MicroBlazeFULL_wrapper.xsa
TRACE::2023-12-16.23:34:06::SCWPlatform::DSA given C:/Users/louis/Documents/Github/PCB-ADVANCED/PCB-ADVANCED/VIVADO/Vitis/MicroBlazeFULL_wrapper/hw/MicroBlazeFULL_wrapper.xsa
TRACE::2023-12-16.23:34:06::SCWPlatform::DSA absoulate path C:/Users/louis/Documents/Github/PCB-ADVANCED/PCB-ADVANCED/VIVADO/Vitis/MicroBlazeFULL_wrapper/hw/MicroBlazeFULL_wrapper.xsa
TRACE::2023-12-16.23:34:06::SCWPlatform::DSA directory C:/Users/louis/Documents/Github/PCB-ADVANCED/PCB-ADVANCED/VIVADO/Vitis/MicroBlazeFULL_wrapper/hw
TRACE::2023-12-16.23:34:06::SCWPlatform:: Platform Path C:/Users/louis/Documents/Github/PCB-ADVANCED/PCB-ADVANCED/VIVADO/Vitis/MicroBlazeFULL_wrapper/hw/MicroBlazeFULL_wrapper.xsa
TRACE::2023-12-16.23:34:06::SCWPlatform:: Unique name xilinx:::0.0
TRACE::2023-12-16.23:34:06::SCWPlatform::Trying to set the existing hwdb with name MicroBlazeV2_wrapper_0
TRACE::2023-12-16.23:34:06::SCWPlatform::Opened existing hwdb MicroBlazeV2_wrapper_0
TRACE::2023-12-16.23:34:06::SCWPlatform::Found the Hw Db part of the input DSA
TRACE::2023-12-16.23:34:06::SCWMssOS::Checking the sw design at  C:/Users/louis/Documents/Github/PCB-ADVANCED/PCB-ADVANCED/VIVADO/Vitis/MicroBlazeFULL_wrapper/microblaze_0/standalone_microblaze_0/bsp/system.mss
TRACE::2023-12-16.23:34:06::SCWMssOS::DEBUG:  swdes dump  C:/Users/louis/Documents/Github/PCB-ADVANCED/PCB-ADVANCED/VIVADO/Vitis/MicroBlazeFULL_wrapper/microblaze_0/standalone_microblaze_0/bsp/system.mss|system||

TRACE::2023-12-16.23:34:06::SCWMssOS::Sw design exists and opened at  C:/Users/louis/Documents/Github/PCB-ADVANCED/PCB-ADVANCED/VIVADO/Vitis/MicroBlazeFULL_wrapper/microblaze_0/standalone_microblaze_0/bsp/system.mss
TRACE::2023-12-16.23:34:06::SCWPlatform::Trying to open the hw design at C:/Users/louis/Documents/Github/PCB-ADVANCED/PCB-ADVANCED/VIVADO/Vitis/MicroBlazeFULL_wrapper/hw/MicroBlazeFULL_wrapper.xsa
TRACE::2023-12-16.23:34:06::SCWPlatform::DSA given C:/Users/louis/Documents/Github/PCB-ADVANCED/PCB-ADVANCED/VIVADO/Vitis/MicroBlazeFULL_wrapper/hw/MicroBlazeFULL_wrapper.xsa
TRACE::2023-12-16.23:34:06::SCWPlatform::DSA absoulate path C:/Users/louis/Documents/Github/PCB-ADVANCED/PCB-ADVANCED/VIVADO/Vitis/MicroBlazeFULL_wrapper/hw/MicroBlazeFULL_wrapper.xsa
TRACE::2023-12-16.23:34:06::SCWPlatform::DSA directory C:/Users/louis/Documents/Github/PCB-ADVANCED/PCB-ADVANCED/VIVADO/Vitis/MicroBlazeFULL_wrapper/hw
TRACE::2023-12-16.23:34:06::SCWPlatform:: Platform Path C:/Users/louis/Documents/Github/PCB-ADVANCED/PCB-ADVANCED/VIVADO/Vitis/MicroBlazeFULL_wrapper/hw/MicroBlazeFULL_wrapper.xsa
TRACE::2023-12-16.23:34:06::SCWPlatform:: Unique name xilinx:::0.0
TRACE::2023-12-16.23:34:06::SCWPlatform::Trying to set the existing hwdb with name MicroBlazeV2_wrapper_0
TRACE::2023-12-16.23:34:06::SCWPlatform::Opened existing hwdb MicroBlazeV2_wrapper_0
TRACE::2023-12-16.23:34:06::SCWPlatform::Found the Hw Db part of the input DSA
TRACE::2023-12-16.23:34:06::SCWMssOS::Checking the sw design at  C:/Users/louis/Documents/Github/PCB-ADVANCED/PCB-ADVANCED/VIVADO/Vitis/MicroBlazeFULL_wrapper/microblaze_0/standalone_microblaze_0/bsp/system.mss
TRACE::2023-12-16.23:34:06::SCWMssOS::DEBUG:  swdes dump  C:/Users/louis/Documents/Github/PCB-ADVANCED/PCB-ADVANCED/VIVADO/Vitis/MicroBlazeFULL_wrapper/microblaze_0/standalone_microblaze_0/bsp/system.mss|system||

TRACE::2023-12-16.23:34:06::SCWMssOS::Sw design exists and opened at  C:/Users/louis/Documents/Github/PCB-ADVANCED/PCB-ADVANCED/VIVADO/Vitis/MicroBlazeFULL_wrapper/microblaze_0/standalone_microblaze_0/bsp/system.mss
TRACE::2023-12-16.23:34:06::SCWPlatform::Trying to open the hw design at C:/Users/louis/Documents/Github/PCB-ADVANCED/PCB-ADVANCED/VIVADO/Vitis/MicroBlazeFULL_wrapper/hw/MicroBlazeFULL_wrapper.xsa
TRACE::2023-12-16.23:34:06::SCWPlatform::DSA given C:/Users/louis/Documents/Github/PCB-ADVANCED/PCB-ADVANCED/VIVADO/Vitis/MicroBlazeFULL_wrapper/hw/MicroBlazeFULL_wrapper.xsa
TRACE::2023-12-16.23:34:06::SCWPlatform::DSA absoulate path C:/Users/louis/Documents/Github/PCB-ADVANCED/PCB-ADVANCED/VIVADO/Vitis/MicroBlazeFULL_wrapper/hw/MicroBlazeFULL_wrapper.xsa
TRACE::2023-12-16.23:34:06::SCWPlatform::DSA directory C:/Users/louis/Documents/Github/PCB-ADVANCED/PCB-ADVANCED/VIVADO/Vitis/MicroBlazeFULL_wrapper/hw
TRACE::2023-12-16.23:34:06::SCWPlatform:: Platform Path C:/Users/louis/Documents/Github/PCB-ADVANCED/PCB-ADVANCED/VIVADO/Vitis/MicroBlazeFULL_wrapper/hw/MicroBlazeFULL_wrapper.xsa
TRACE::2023-12-16.23:34:06::SCWPlatform:: Unique name xilinx:::0.0
TRACE::2023-12-16.23:34:06::SCWPlatform::Trying to set the existing hwdb with name MicroBlazeV2_wrapper_0
TRACE::2023-12-16.23:34:06::SCWPlatform::Opened existing hwdb MicroBlazeV2_wrapper_0
TRACE::2023-12-16.23:34:06::SCWPlatform::Found the Hw Db part of the input DSA
TRACE::2023-12-16.23:34:06::SCWMssOS::Checking the sw design at  C:/Users/louis/Documents/Github/PCB-ADVANCED/PCB-ADVANCED/VIVADO/Vitis/MicroBlazeFULL_wrapper/microblaze_0/standalone_microblaze_0/bsp/system.mss
TRACE::2023-12-16.23:34:06::SCWMssOS::DEBUG:  swdes dump  C:/Users/louis/Documents/Github/PCB-ADVANCED/PCB-ADVANCED/VIVADO/Vitis/MicroBlazeFULL_wrapper/microblaze_0/standalone_microblaze_0/bsp/system.mss|system||

TRACE::2023-12-16.23:34:06::SCWMssOS::Sw design exists and opened at  C:/Users/louis/Documents/Github/PCB-ADVANCED/PCB-ADVANCED/VIVADO/Vitis/MicroBlazeFULL_wrapper/microblaze_0/standalone_microblaze_0/bsp/system.mss
TRACE::2023-12-16.23:34:06::SCWWriter::formatted JSON is {
	"platformName":	"MicroBlazeFULL_wrapper",
	"sprVersion":	"2.0",
	"mode":	"gui",
	"dsaType":	"Fixed",
	"platformDesc":	"MicroBlazeFULL_wrapper",
	"platHandOff":	"C:/Users/louis/Documents/Github/PCB-ADVANCED/PCB-ADVANCED/VIVADO/SpartanMicroBlaze/MicroBlazeFULL_wrapper.xsa",
	"platIntHandOff":	"<platformDir>/hw/MicroBlazeFULL_wrapper.xsa",
	"deviceType":	"FPGA",
	"platIsPrebuiltAutogen":	"false",
	"platIsNoBootBsp":	"false",
	"hasFsblMakeHasChanges":	"false",
	"hasPmufwMakeHasChanges":	"false",
	"platPreBuiltFlag":	false,
	"platformSamplesDir":	"",
	"platActiveSys":	"MicroBlazeFULL_wrapper",
	"systems":	[{
			"systemName":	"MicroBlazeFULL_wrapper",
			"systemDesc":	"MicroBlazeFULL_wrapper",
			"sysIsBootAutoGen":	"true",
			"systemDispName":	"MicroBlazeFULL_wrapper",
			"sysActiveDom":	"standalone_microblaze_0",
			"sysDefaultDom":	"standalone_microblaze_0",
			"domains":	[{
					"domainName":	"standalone_microblaze_0",
					"domainDispName":	"standalone_microblaze_0",
					"domainDesc":	"standalone_microblaze_0",
					"processors":	"microblaze_0",
					"os":	"standalone",
					"sdxOs":	"standalone",
					"debugEnable":	"False",
					"domRuntimes":	["cpp"],
					"swRepo":	"",
					"mssOsVer":	"8.1",
					"mssFile":	"",
					"md5Digest":	"de30b7c3ad4de0e1ee341fa3c6d304da",
					"compatibleApp":	"hello_world",
					"domType":	"mssDomain",
					"arch":	"32-bit",
					"appSettings":	{
						"appCompilerFlags":	"",
						"appLinkerFlags":	""
					},
					"addedLibs":	[],
					"libOptions":	{
						"libsContainingOptions":	[]
					},
					"prebuiltLibs":	{
						"prebuiltIncPath":	[],
						"prebuiltLibPath":	[]
					},
					"isolation":	{
					}
				}]
		}]
}
LOG::2023-12-16.23:34:06::SCWPlatform::Started generating the artifacts platform MicroBlazeFULL_wrapper
TRACE::2023-12-16.23:34:06::SCWPlatform::Sanity checking of platform is completed
LOG::2023-12-16.23:34:06::SCWPlatform::Started generating the artifacts for system configuration MicroBlazeFULL_wrapper
LOG::2023-12-16.23:34:06::SCWSystem::Checking the domain standalone_microblaze_0
LOG::2023-12-16.23:34:06::SCWSystem::Not a boot domain 
LOG::2023-12-16.23:34:06::SCWSystem::Started Processing the domain standalone_microblaze_0
TRACE::2023-12-16.23:34:06::SCWDomain::Generating domain artifcats
TRACE::2023-12-16.23:34:06::SCWMssOS::Generating standalone artifcats
TRACE::2023-12-16.23:34:06::SCWMssOS:: Copying the user libraries. 
TRACE::2023-12-16.23:34:06::SCWPlatform::Trying to open the hw design at C:/Users/louis/Documents/Github/PCB-ADVANCED/PCB-ADVANCED/VIVADO/Vitis/MicroBlazeFULL_wrapper/hw/MicroBlazeFULL_wrapper.xsa
TRACE::2023-12-16.23:34:06::SCWPlatform::DSA given C:/Users/louis/Documents/Github/PCB-ADVANCED/PCB-ADVANCED/VIVADO/Vitis/MicroBlazeFULL_wrapper/hw/MicroBlazeFULL_wrapper.xsa
TRACE::2023-12-16.23:34:06::SCWPlatform::DSA absoulate path C:/Users/louis/Documents/Github/PCB-ADVANCED/PCB-ADVANCED/VIVADO/Vitis/MicroBlazeFULL_wrapper/hw/MicroBlazeFULL_wrapper.xsa
TRACE::2023-12-16.23:34:06::SCWPlatform::DSA directory C:/Users/louis/Documents/Github/PCB-ADVANCED/PCB-ADVANCED/VIVADO/Vitis/MicroBlazeFULL_wrapper/hw
TRACE::2023-12-16.23:34:06::SCWPlatform:: Platform Path C:/Users/louis/Documents/Github/PCB-ADVANCED/PCB-ADVANCED/VIVADO/Vitis/MicroBlazeFULL_wrapper/hw/MicroBlazeFULL_wrapper.xsa
TRACE::2023-12-16.23:34:06::SCWPlatform:: Unique name xilinx:::0.0
TRACE::2023-12-16.23:34:06::SCWPlatform::Trying to set the existing hwdb with name MicroBlazeV2_wrapper_0
TRACE::2023-12-16.23:34:06::SCWPlatform::Opened existing hwdb MicroBlazeV2_wrapper_0
TRACE::2023-12-16.23:34:06::SCWPlatform::Found the Hw Db part of the input DSA
TRACE::2023-12-16.23:34:06::SCWMssOS::Checking the sw design at  C:/Users/louis/Documents/Github/PCB-ADVANCED/PCB-ADVANCED/VIVADO/Vitis/MicroBlazeFULL_wrapper/microblaze_0/standalone_microblaze_0/bsp/system.mss
TRACE::2023-12-16.23:34:06::SCWMssOS::DEBUG:  swdes dump  C:/Users/louis/Documents/Github/PCB-ADVANCED/PCB-ADVANCED/VIVADO/Vitis/MicroBlazeFULL_wrapper/microblaze_0/standalone_microblaze_0/bsp/system.mss|system||

TRACE::2023-12-16.23:34:06::SCWMssOS::Sw design exists and opened at  C:/Users/louis/Documents/Github/PCB-ADVANCED/PCB-ADVANCED/VIVADO/Vitis/MicroBlazeFULL_wrapper/microblaze_0/standalone_microblaze_0/bsp/system.mss
TRACE::2023-12-16.23:34:06::SCWMssOS::Completed writing the mss file at C:/Users/louis/Documents/Github/PCB-ADVANCED/PCB-ADVANCED/VIVADO/Vitis/MicroBlazeFULL_wrapper/microblaze_0/standalone_microblaze_0/bsp
TRACE::2023-12-16.23:34:06::SCWMssOS::Mss edits present, copying mssfile into export location C:/Users/louis/Documents/Github/PCB-ADVANCED/PCB-ADVANCED/VIVADO/Vitis/MicroBlazeFULL_wrapper/microblaze_0/standalone_microblaze_0/bsp/system.mss
TRACE::2023-12-16.23:34:06::SCWMssOS::bsp generated is upto date with the mss file. Skipping bsp generation.
TRACE::2023-12-16.23:34:06::SCWMssOS::BSP is already built. skipping the bsp build ... 
TRACE::2023-12-16.23:34:06::SCWDomain::Skipping the build for domain :  standalone_microblaze_0
TRACE::2023-12-16.23:34:06::SCWMssOS::skipping the bsp build ... 
TRACE::2023-12-16.23:34:06::SCWMssOS::Copying to export directory.
TRACE::2023-12-16.23:34:06::SCWMssOS:: Checking if to create the Supporting Applications
TRACE::2023-12-16.23:34:06::SCWMssOS:: No Linux domain exists, trying to generate FSBL 
LOG::2023-12-16.23:34:06::SCWSystem::Completed Processing the domain standalone_microblaze_0
LOG::2023-12-16.23:34:06::SCWSystem::Completed Processing the sysconfig MicroBlazeFULL_wrapper
LOG::2023-12-16.23:34:06::SCWPlatform::Completed generating the artifacts for system configuration MicroBlazeFULL_wrapper
TRACE::2023-12-16.23:34:06::SCWPlatform::Started preparing the platform 
TRACE::2023-12-16.23:34:06::SCWSystem::Writing the bif file for system config MicroBlazeFULL_wrapper
TRACE::2023-12-16.23:34:06::SCWSystem::dir created 
TRACE::2023-12-16.23:34:06::SCWSystem::Writing the bif 
TRACE::2023-12-16.23:34:06::SCWPlatform::Started writing the spfm file 
TRACE::2023-12-16.23:34:06::SCWPlatform::Started writing the xpfm file 
TRACE::2023-12-16.23:34:06::SCWPlatform::Completed generating the platform
TRACE::2023-12-16.23:34:06::SCWMssOS::Saving the mss changes C:/Users/louis/Documents/Github/PCB-ADVANCED/PCB-ADVANCED/VIVADO/Vitis/MicroBlazeFULL_wrapper/microblaze_0/standalone_microblaze_0/bsp/system.mss
TRACE::2023-12-16.23:34:06::SCWMssOS::Found a swdesign opened with the mssfile.
TRACE::2023-12-16.23:34:06::SCWMssOS::Completed writemss as part of save.
TRACE::2023-12-16.23:34:06::SCWMssOS::Commit changes completed.
TRACE::2023-12-16.23:34:06::SCWPlatform::Trying to open the hw design at C:/Users/louis/Documents/Github/PCB-ADVANCED/PCB-ADVANCED/VIVADO/Vitis/MicroBlazeFULL_wrapper/hw/MicroBlazeFULL_wrapper.xsa
TRACE::2023-12-16.23:34:06::SCWPlatform::DSA given C:/Users/louis/Documents/Github/PCB-ADVANCED/PCB-ADVANCED/VIVADO/Vitis/MicroBlazeFULL_wrapper/hw/MicroBlazeFULL_wrapper.xsa
TRACE::2023-12-16.23:34:06::SCWPlatform::DSA absoulate path C:/Users/louis/Documents/Github/PCB-ADVANCED/PCB-ADVANCED/VIVADO/Vitis/MicroBlazeFULL_wrapper/hw/MicroBlazeFULL_wrapper.xsa
TRACE::2023-12-16.23:34:06::SCWPlatform::DSA directory C:/Users/louis/Documents/Github/PCB-ADVANCED/PCB-ADVANCED/VIVADO/Vitis/MicroBlazeFULL_wrapper/hw
TRACE::2023-12-16.23:34:06::SCWPlatform:: Platform Path C:/Users/louis/Documents/Github/PCB-ADVANCED/PCB-ADVANCED/VIVADO/Vitis/MicroBlazeFULL_wrapper/hw/MicroBlazeFULL_wrapper.xsa
TRACE::2023-12-16.23:34:06::SCWPlatform:: Unique name xilinx:::0.0
TRACE::2023-12-16.23:34:06::SCWPlatform::Trying to set the existing hwdb with name MicroBlazeV2_wrapper_0
TRACE::2023-12-16.23:34:06::SCWPlatform::Opened existing hwdb MicroBlazeV2_wrapper_0
TRACE::2023-12-16.23:34:06::SCWPlatform::Found the Hw Db part of the input DSA
TRACE::2023-12-16.23:34:06::SCWMssOS::Checking the sw design at  C:/Users/louis/Documents/Github/PCB-ADVANCED/PCB-ADVANCED/VIVADO/Vitis/MicroBlazeFULL_wrapper/microblaze_0/standalone_microblaze_0/bsp/system.mss
TRACE::2023-12-16.23:34:06::SCWMssOS::DEBUG:  swdes dump  C:/Users/louis/Documents/Github/PCB-ADVANCED/PCB-ADVANCED/VIVADO/Vitis/MicroBlazeFULL_wrapper/microblaze_0/standalone_microblaze_0/bsp/system.mss|system||

TRACE::2023-12-16.23:34:06::SCWMssOS::Sw design exists and opened at  C:/Users/louis/Documents/Github/PCB-ADVANCED/PCB-ADVANCED/VIVADO/Vitis/MicroBlazeFULL_wrapper/microblaze_0/standalone_microblaze_0/bsp/system.mss
TRACE::2023-12-16.23:34:06::SCWPlatform::Trying to open the hw design at C:/Users/louis/Documents/Github/PCB-ADVANCED/PCB-ADVANCED/VIVADO/Vitis/MicroBlazeFULL_wrapper/hw/MicroBlazeFULL_wrapper.xsa
TRACE::2023-12-16.23:34:06::SCWPlatform::DSA given C:/Users/louis/Documents/Github/PCB-ADVANCED/PCB-ADVANCED/VIVADO/Vitis/MicroBlazeFULL_wrapper/hw/MicroBlazeFULL_wrapper.xsa
TRACE::2023-12-16.23:34:06::SCWPlatform::DSA absoulate path C:/Users/louis/Documents/Github/PCB-ADVANCED/PCB-ADVANCED/VIVADO/Vitis/MicroBlazeFULL_wrapper/hw/MicroBlazeFULL_wrapper.xsa
TRACE::2023-12-16.23:34:06::SCWPlatform::DSA directory C:/Users/louis/Documents/Github/PCB-ADVANCED/PCB-ADVANCED/VIVADO/Vitis/MicroBlazeFULL_wrapper/hw
TRACE::2023-12-16.23:34:06::SCWPlatform:: Platform Path C:/Users/louis/Documents/Github/PCB-ADVANCED/PCB-ADVANCED/VIVADO/Vitis/MicroBlazeFULL_wrapper/hw/MicroBlazeFULL_wrapper.xsa
TRACE::2023-12-16.23:34:06::SCWPlatform:: Unique name xilinx:::0.0
TRACE::2023-12-16.23:34:06::SCWPlatform::Trying to set the existing hwdb with name MicroBlazeV2_wrapper_0
TRACE::2023-12-16.23:34:06::SCWPlatform::Opened existing hwdb MicroBlazeV2_wrapper_0
TRACE::2023-12-16.23:34:06::SCWPlatform::Found the Hw Db part of the input DSA
TRACE::2023-12-16.23:34:06::SCWMssOS::Checking the sw design at  C:/Users/louis/Documents/Github/PCB-ADVANCED/PCB-ADVANCED/VIVADO/Vitis/MicroBlazeFULL_wrapper/microblaze_0/standalone_microblaze_0/bsp/system.mss
TRACE::2023-12-16.23:34:06::SCWMssOS::DEBUG:  swdes dump  C:/Users/louis/Documents/Github/PCB-ADVANCED/PCB-ADVANCED/VIVADO/Vitis/MicroBlazeFULL_wrapper/microblaze_0/standalone_microblaze_0/bsp/system.mss|system||

TRACE::2023-12-16.23:34:06::SCWMssOS::Sw design exists and opened at  C:/Users/louis/Documents/Github/PCB-ADVANCED/PCB-ADVANCED/VIVADO/Vitis/MicroBlazeFULL_wrapper/microblaze_0/standalone_microblaze_0/bsp/system.mss
TRACE::2023-12-16.23:34:06::SCWPlatform::Trying to open the hw design at C:/Users/louis/Documents/Github/PCB-ADVANCED/PCB-ADVANCED/VIVADO/Vitis/MicroBlazeFULL_wrapper/hw/MicroBlazeFULL_wrapper.xsa
TRACE::2023-12-16.23:34:06::SCWPlatform::DSA given C:/Users/louis/Documents/Github/PCB-ADVANCED/PCB-ADVANCED/VIVADO/Vitis/MicroBlazeFULL_wrapper/hw/MicroBlazeFULL_wrapper.xsa
TRACE::2023-12-16.23:34:06::SCWPlatform::DSA absoulate path C:/Users/louis/Documents/Github/PCB-ADVANCED/PCB-ADVANCED/VIVADO/Vitis/MicroBlazeFULL_wrapper/hw/MicroBlazeFULL_wrapper.xsa
TRACE::2023-12-16.23:34:06::SCWPlatform::DSA directory C:/Users/louis/Documents/Github/PCB-ADVANCED/PCB-ADVANCED/VIVADO/Vitis/MicroBlazeFULL_wrapper/hw
TRACE::2023-12-16.23:34:06::SCWPlatform:: Platform Path C:/Users/louis/Documents/Github/PCB-ADVANCED/PCB-ADVANCED/VIVADO/Vitis/MicroBlazeFULL_wrapper/hw/MicroBlazeFULL_wrapper.xsa
TRACE::2023-12-16.23:34:06::SCWPlatform:: Unique name xilinx:::0.0
TRACE::2023-12-16.23:34:06::SCWPlatform::Trying to set the existing hwdb with name MicroBlazeV2_wrapper_0
TRACE::2023-12-16.23:34:06::SCWPlatform::Opened existing hwdb MicroBlazeV2_wrapper_0
TRACE::2023-12-16.23:34:06::SCWPlatform::Found the Hw Db part of the input DSA
TRACE::2023-12-16.23:34:06::SCWMssOS::Checking the sw design at  C:/Users/louis/Documents/Github/PCB-ADVANCED/PCB-ADVANCED/VIVADO/Vitis/MicroBlazeFULL_wrapper/microblaze_0/standalone_microblaze_0/bsp/system.mss
TRACE::2023-12-16.23:34:06::SCWMssOS::DEBUG:  swdes dump  C:/Users/louis/Documents/Github/PCB-ADVANCED/PCB-ADVANCED/VIVADO/Vitis/MicroBlazeFULL_wrapper/microblaze_0/standalone_microblaze_0/bsp/system.mss|system||

TRACE::2023-12-16.23:34:06::SCWMssOS::Sw design exists and opened at  C:/Users/louis/Documents/Github/PCB-ADVANCED/PCB-ADVANCED/VIVADO/Vitis/MicroBlazeFULL_wrapper/microblaze_0/standalone_microblaze_0/bsp/system.mss
TRACE::2023-12-16.23:34:06::SCWWriter::formatted JSON is {
	"platformName":	"MicroBlazeFULL_wrapper",
	"sprVersion":	"2.0",
	"mode":	"gui",
	"dsaType":	"Fixed",
	"platformDesc":	"MicroBlazeFULL_wrapper",
	"platHandOff":	"C:/Users/louis/Documents/Github/PCB-ADVANCED/PCB-ADVANCED/VIVADO/SpartanMicroBlaze/MicroBlazeFULL_wrapper.xsa",
	"platIntHandOff":	"<platformDir>/hw/MicroBlazeFULL_wrapper.xsa",
	"deviceType":	"FPGA",
	"platIsPrebuiltAutogen":	"false",
	"platIsNoBootBsp":	"false",
	"hasFsblMakeHasChanges":	"false",
	"hasPmufwMakeHasChanges":	"false",
	"platPreBuiltFlag":	false,
	"platformSamplesDir":	"",
	"platActiveSys":	"MicroBlazeFULL_wrapper",
	"systems":	[{
			"systemName":	"MicroBlazeFULL_wrapper",
			"systemDesc":	"MicroBlazeFULL_wrapper",
			"sysIsBootAutoGen":	"true",
			"systemDispName":	"MicroBlazeFULL_wrapper",
			"sysActiveDom":	"standalone_microblaze_0",
			"sysDefaultDom":	"standalone_microblaze_0",
			"domains":	[{
					"domainName":	"standalone_microblaze_0",
					"domainDispName":	"standalone_microblaze_0",
					"domainDesc":	"standalone_microblaze_0",
					"processors":	"microblaze_0",
					"os":	"standalone",
					"sdxOs":	"standalone",
					"debugEnable":	"False",
					"domRuntimes":	["cpp"],
					"swRepo":	"",
					"mssOsVer":	"8.1",
					"mssFile":	"",
					"md5Digest":	"de30b7c3ad4de0e1ee341fa3c6d304da",
					"compatibleApp":	"hello_world",
					"domType":	"mssDomain",
					"arch":	"32-bit",
					"appSettings":	{
						"appCompilerFlags":	"",
						"appLinkerFlags":	""
					},
					"addedLibs":	[],
					"libOptions":	{
						"libsContainingOptions":	[]
					},
					"prebuiltLibs":	{
						"prebuiltIncPath":	[],
						"prebuiltLibPath":	[]
					},
					"isolation":	{
					}
				}]
		}]
}
KEYINFO::2023-12-16.23:34:06::SCWPlatform::updated the xpfm file.
TRACE::2023-12-16.23:34:08::SCWPlatform::Trying to open the hw design at C:/Users/louis/Documents/Github/PCB-ADVANCED/PCB-ADVANCED/VIVADO/Vitis/MicroBlazeFULL_wrapper/hw/MicroBlazeFULL_wrapper.xsa
TRACE::2023-12-16.23:34:08::SCWPlatform::DSA given C:/Users/louis/Documents/Github/PCB-ADVANCED/PCB-ADVANCED/VIVADO/Vitis/MicroBlazeFULL_wrapper/hw/MicroBlazeFULL_wrapper.xsa
TRACE::2023-12-16.23:34:08::SCWPlatform::DSA absoulate path C:/Users/louis/Documents/Github/PCB-ADVANCED/PCB-ADVANCED/VIVADO/Vitis/MicroBlazeFULL_wrapper/hw/MicroBlazeFULL_wrapper.xsa
TRACE::2023-12-16.23:34:08::SCWPlatform::DSA directory C:/Users/louis/Documents/Github/PCB-ADVANCED/PCB-ADVANCED/VIVADO/Vitis/MicroBlazeFULL_wrapper/hw
TRACE::2023-12-16.23:34:08::SCWPlatform:: Platform Path C:/Users/louis/Documents/Github/PCB-ADVANCED/PCB-ADVANCED/VIVADO/Vitis/MicroBlazeFULL_wrapper/hw/MicroBlazeFULL_wrapper.xsa
TRACE::2023-12-16.23:34:08::SCWPlatform:: Unique name xilinx:::0.0
TRACE::2023-12-16.23:34:08::SCWPlatform::Trying to set the existing hwdb with name MicroBlazeV2_wrapper_0
TRACE::2023-12-16.23:34:08::SCWPlatform::Opened existing hwdb MicroBlazeV2_wrapper_0
TRACE::2023-12-16.23:34:08::SCWPlatform::Found the Hw Db part of the input DSA
TRACE::2023-12-16.23:34:08::SCWMssOS::Checking the sw design at  C:/Users/louis/Documents/Github/PCB-ADVANCED/PCB-ADVANCED/VIVADO/Vitis/MicroBlazeFULL_wrapper/microblaze_0/standalone_microblaze_0/bsp/system.mss
TRACE::2023-12-16.23:34:08::SCWMssOS::DEBUG:  swdes dump  C:/Users/louis/Documents/Github/PCB-ADVANCED/PCB-ADVANCED/VIVADO/Vitis/MicroBlazeFULL_wrapper/microblaze_0/standalone_microblaze_0/bsp/system.mss|system||

TRACE::2023-12-16.23:34:08::SCWMssOS::Sw design exists and opened at  C:/Users/louis/Documents/Github/PCB-ADVANCED/PCB-ADVANCED/VIVADO/Vitis/MicroBlazeFULL_wrapper/microblaze_0/standalone_microblaze_0/bsp/system.mss
TRACE::2023-12-16.23:34:08::SCWMssOS::Saving the mss changes C:/Users/louis/Documents/Github/PCB-ADVANCED/PCB-ADVANCED/VIVADO/Vitis/MicroBlazeFULL_wrapper/microblaze_0/standalone_microblaze_0/bsp/system.mss
TRACE::2023-12-16.23:34:08::SCWMssOS::Found a swdesign opened with the mssfile.
TRACE::2023-12-16.23:34:08::SCWMssOS::Completed writemss as part of save.
TRACE::2023-12-16.23:34:08::SCWMssOS::Commit changes completed.
TRACE::2023-12-16.23:34:08::SCWPlatform::Trying to open the hw design at C:/Users/louis/Documents/Github/PCB-ADVANCED/PCB-ADVANCED/VIVADO/Vitis/MicroBlazeFULL_wrapper/hw/MicroBlazeFULL_wrapper.xsa
TRACE::2023-12-16.23:34:08::SCWPlatform::DSA given C:/Users/louis/Documents/Github/PCB-ADVANCED/PCB-ADVANCED/VIVADO/Vitis/MicroBlazeFULL_wrapper/hw/MicroBlazeFULL_wrapper.xsa
TRACE::2023-12-16.23:34:08::SCWPlatform::DSA absoulate path C:/Users/louis/Documents/Github/PCB-ADVANCED/PCB-ADVANCED/VIVADO/Vitis/MicroBlazeFULL_wrapper/hw/MicroBlazeFULL_wrapper.xsa
TRACE::2023-12-16.23:34:08::SCWPlatform::DSA directory C:/Users/louis/Documents/Github/PCB-ADVANCED/PCB-ADVANCED/VIVADO/Vitis/MicroBlazeFULL_wrapper/hw
TRACE::2023-12-16.23:34:08::SCWPlatform:: Platform Path C:/Users/louis/Documents/Github/PCB-ADVANCED/PCB-ADVANCED/VIVADO/Vitis/MicroBlazeFULL_wrapper/hw/MicroBlazeFULL_wrapper.xsa
TRACE::2023-12-16.23:34:08::SCWPlatform:: Unique name xilinx:::0.0
TRACE::2023-12-16.23:34:08::SCWPlatform::Trying to set the existing hwdb with name MicroBlazeV2_wrapper_0
TRACE::2023-12-16.23:34:08::SCWPlatform::Opened existing hwdb MicroBlazeV2_wrapper_0
TRACE::2023-12-16.23:34:08::SCWPlatform::Found the Hw Db part of the input DSA
TRACE::2023-12-16.23:34:08::SCWMssOS::Checking the sw design at  C:/Users/louis/Documents/Github/PCB-ADVANCED/PCB-ADVANCED/VIVADO/Vitis/MicroBlazeFULL_wrapper/microblaze_0/standalone_microblaze_0/bsp/system.mss
TRACE::2023-12-16.23:34:08::SCWMssOS::DEBUG:  swdes dump  C:/Users/louis/Documents/Github/PCB-ADVANCED/PCB-ADVANCED/VIVADO/Vitis/MicroBlazeFULL_wrapper/microblaze_0/standalone_microblaze_0/bsp/system.mss|system||

TRACE::2023-12-16.23:34:08::SCWMssOS::Sw design exists and opened at  C:/Users/louis/Documents/Github/PCB-ADVANCED/PCB-ADVANCED/VIVADO/Vitis/MicroBlazeFULL_wrapper/microblaze_0/standalone_microblaze_0/bsp/system.mss
TRACE::2023-12-16.23:34:08::SCWPlatform::Trying to open the hw design at C:/Users/louis/Documents/Github/PCB-ADVANCED/PCB-ADVANCED/VIVADO/Vitis/MicroBlazeFULL_wrapper/hw/MicroBlazeFULL_wrapper.xsa
TRACE::2023-12-16.23:34:08::SCWPlatform::DSA given C:/Users/louis/Documents/Github/PCB-ADVANCED/PCB-ADVANCED/VIVADO/Vitis/MicroBlazeFULL_wrapper/hw/MicroBlazeFULL_wrapper.xsa
TRACE::2023-12-16.23:34:08::SCWPlatform::DSA absoulate path C:/Users/louis/Documents/Github/PCB-ADVANCED/PCB-ADVANCED/VIVADO/Vitis/MicroBlazeFULL_wrapper/hw/MicroBlazeFULL_wrapper.xsa
TRACE::2023-12-16.23:34:08::SCWPlatform::DSA directory C:/Users/louis/Documents/Github/PCB-ADVANCED/PCB-ADVANCED/VIVADO/Vitis/MicroBlazeFULL_wrapper/hw
TRACE::2023-12-16.23:34:08::SCWPlatform:: Platform Path C:/Users/louis/Documents/Github/PCB-ADVANCED/PCB-ADVANCED/VIVADO/Vitis/MicroBlazeFULL_wrapper/hw/MicroBlazeFULL_wrapper.xsa
TRACE::2023-12-16.23:34:08::SCWPlatform:: Unique name xilinx:::0.0
TRACE::2023-12-16.23:34:08::SCWPlatform::Trying to set the existing hwdb with name MicroBlazeV2_wrapper_0
TRACE::2023-12-16.23:34:08::SCWPlatform::Opened existing hwdb MicroBlazeV2_wrapper_0
TRACE::2023-12-16.23:34:08::SCWPlatform::Found the Hw Db part of the input DSA
TRACE::2023-12-16.23:34:08::SCWMssOS::Checking the sw design at  C:/Users/louis/Documents/Github/PCB-ADVANCED/PCB-ADVANCED/VIVADO/Vitis/MicroBlazeFULL_wrapper/microblaze_0/standalone_microblaze_0/bsp/system.mss
TRACE::2023-12-16.23:34:08::SCWMssOS::DEBUG:  swdes dump  C:/Users/louis/Documents/Github/PCB-ADVANCED/PCB-ADVANCED/VIVADO/Vitis/MicroBlazeFULL_wrapper/microblaze_0/standalone_microblaze_0/bsp/system.mss|system||

TRACE::2023-12-16.23:34:08::SCWMssOS::Sw design exists and opened at  C:/Users/louis/Documents/Github/PCB-ADVANCED/PCB-ADVANCED/VIVADO/Vitis/MicroBlazeFULL_wrapper/microblaze_0/standalone_microblaze_0/bsp/system.mss
TRACE::2023-12-16.23:34:08::SCWPlatform::Trying to open the hw design at C:/Users/louis/Documents/Github/PCB-ADVANCED/PCB-ADVANCED/VIVADO/Vitis/MicroBlazeFULL_wrapper/hw/MicroBlazeFULL_wrapper.xsa
TRACE::2023-12-16.23:34:08::SCWPlatform::DSA given C:/Users/louis/Documents/Github/PCB-ADVANCED/PCB-ADVANCED/VIVADO/Vitis/MicroBlazeFULL_wrapper/hw/MicroBlazeFULL_wrapper.xsa
TRACE::2023-12-16.23:34:08::SCWPlatform::DSA absoulate path C:/Users/louis/Documents/Github/PCB-ADVANCED/PCB-ADVANCED/VIVADO/Vitis/MicroBlazeFULL_wrapper/hw/MicroBlazeFULL_wrapper.xsa
TRACE::2023-12-16.23:34:08::SCWPlatform::DSA directory C:/Users/louis/Documents/Github/PCB-ADVANCED/PCB-ADVANCED/VIVADO/Vitis/MicroBlazeFULL_wrapper/hw
TRACE::2023-12-16.23:34:08::SCWPlatform:: Platform Path C:/Users/louis/Documents/Github/PCB-ADVANCED/PCB-ADVANCED/VIVADO/Vitis/MicroBlazeFULL_wrapper/hw/MicroBlazeFULL_wrapper.xsa
TRACE::2023-12-16.23:34:08::SCWPlatform:: Unique name xilinx:::0.0
TRACE::2023-12-16.23:34:08::SCWPlatform::Trying to set the existing hwdb with name MicroBlazeV2_wrapper_0
TRACE::2023-12-16.23:34:08::SCWPlatform::Opened existing hwdb MicroBlazeV2_wrapper_0
TRACE::2023-12-16.23:34:08::SCWPlatform::Found the Hw Db part of the input DSA
TRACE::2023-12-16.23:34:08::SCWMssOS::Checking the sw design at  C:/Users/louis/Documents/Github/PCB-ADVANCED/PCB-ADVANCED/VIVADO/Vitis/MicroBlazeFULL_wrapper/microblaze_0/standalone_microblaze_0/bsp/system.mss
TRACE::2023-12-16.23:34:08::SCWMssOS::DEBUG:  swdes dump  C:/Users/louis/Documents/Github/PCB-ADVANCED/PCB-ADVANCED/VIVADO/Vitis/MicroBlazeFULL_wrapper/microblaze_0/standalone_microblaze_0/bsp/system.mss|system||

TRACE::2023-12-16.23:34:08::SCWMssOS::Sw design exists and opened at  C:/Users/louis/Documents/Github/PCB-ADVANCED/PCB-ADVANCED/VIVADO/Vitis/MicroBlazeFULL_wrapper/microblaze_0/standalone_microblaze_0/bsp/system.mss
TRACE::2023-12-16.23:34:08::SCWWriter::formatted JSON is {
	"platformName":	"MicroBlazeFULL_wrapper",
	"sprVersion":	"2.0",
	"mode":	"gui",
	"dsaType":	"Fixed",
	"platformDesc":	"MicroBlazeFULL_wrapper",
	"platHandOff":	"C:/Users/louis/Documents/Github/PCB-ADVANCED/PCB-ADVANCED/VIVADO/SpartanMicroBlaze/MicroBlazeFULL_wrapper.xsa",
	"platIntHandOff":	"<platformDir>/hw/MicroBlazeFULL_wrapper.xsa",
	"deviceType":	"FPGA",
	"platIsPrebuiltAutogen":	"false",
	"platIsNoBootBsp":	"false",
	"hasFsblMakeHasChanges":	"false",
	"hasPmufwMakeHasChanges":	"false",
	"platPreBuiltFlag":	false,
	"platformSamplesDir":	"",
	"platActiveSys":	"MicroBlazeFULL_wrapper",
	"systems":	[{
			"systemName":	"MicroBlazeFULL_wrapper",
			"systemDesc":	"MicroBlazeFULL_wrapper",
			"sysIsBootAutoGen":	"true",
			"systemDispName":	"MicroBlazeFULL_wrapper",
			"sysActiveDom":	"standalone_microblaze_0",
			"sysDefaultDom":	"standalone_microblaze_0",
			"domains":	[{
					"domainName":	"standalone_microblaze_0",
					"domainDispName":	"standalone_microblaze_0",
					"domainDesc":	"standalone_microblaze_0",
					"processors":	"microblaze_0",
					"os":	"standalone",
					"sdxOs":	"standalone",
					"debugEnable":	"False",
					"domRuntimes":	["cpp"],
					"swRepo":	"",
					"mssOsVer":	"8.1",
					"mssFile":	"",
					"md5Digest":	"de30b7c3ad4de0e1ee341fa3c6d304da",
					"compatibleApp":	"hello_world",
					"domType":	"mssDomain",
					"arch":	"32-bit",
					"appSettings":	{
						"appCompilerFlags":	"",
						"appLinkerFlags":	""
					},
					"addedLibs":	[],
					"libOptions":	{
						"libsContainingOptions":	[]
					},
					"prebuiltLibs":	{
						"prebuiltIncPath":	[],
						"prebuiltLibPath":	[]
					},
					"isolation":	{
					}
				}]
		}]
}
TRACE::2023-12-16.23:34:08::SCWPlatform::Trying to open the hw design at C:/Users/louis/Documents/Github/PCB-ADVANCED/PCB-ADVANCED/VIVADO/Vitis/MicroBlazeFULL_wrapper/hw/MicroBlazeFULL_wrapper.xsa
TRACE::2023-12-16.23:34:08::SCWPlatform::DSA given C:/Users/louis/Documents/Github/PCB-ADVANCED/PCB-ADVANCED/VIVADO/Vitis/MicroBlazeFULL_wrapper/hw/MicroBlazeFULL_wrapper.xsa
TRACE::2023-12-16.23:34:08::SCWPlatform::DSA absoulate path C:/Users/louis/Documents/Github/PCB-ADVANCED/PCB-ADVANCED/VIVADO/Vitis/MicroBlazeFULL_wrapper/hw/MicroBlazeFULL_wrapper.xsa
TRACE::2023-12-16.23:34:08::SCWPlatform::DSA directory C:/Users/louis/Documents/Github/PCB-ADVANCED/PCB-ADVANCED/VIVADO/Vitis/MicroBlazeFULL_wrapper/hw
TRACE::2023-12-16.23:34:08::SCWPlatform:: Platform Path C:/Users/louis/Documents/Github/PCB-ADVANCED/PCB-ADVANCED/VIVADO/Vitis/MicroBlazeFULL_wrapper/hw/MicroBlazeFULL_wrapper.xsa
TRACE::2023-12-16.23:34:08::SCWPlatform:: Unique name xilinx:::0.0
TRACE::2023-12-16.23:34:08::SCWPlatform::Trying to set the existing hwdb with name MicroBlazeV2_wrapper_0
TRACE::2023-12-16.23:34:08::SCWPlatform::Opened existing hwdb MicroBlazeV2_wrapper_0
TRACE::2023-12-16.23:34:08::SCWPlatform::Found the Hw Db part of the input DSA
TRACE::2023-12-16.23:34:08::SCWMssOS::Checking the sw design at  C:/Users/louis/Documents/Github/PCB-ADVANCED/PCB-ADVANCED/VIVADO/Vitis/MicroBlazeFULL_wrapper/microblaze_0/standalone_microblaze_0/bsp/system.mss
TRACE::2023-12-16.23:34:08::SCWMssOS::DEBUG:  swdes dump  C:/Users/louis/Documents/Github/PCB-ADVANCED/PCB-ADVANCED/VIVADO/Vitis/MicroBlazeFULL_wrapper/microblaze_0/standalone_microblaze_0/bsp/system.mss|system||

TRACE::2023-12-16.23:34:08::SCWMssOS::Sw design exists and opened at  C:/Users/louis/Documents/Github/PCB-ADVANCED/PCB-ADVANCED/VIVADO/Vitis/MicroBlazeFULL_wrapper/microblaze_0/standalone_microblaze_0/bsp/system.mss
TRACE::2023-12-16.23:34:08::SCWPlatform::Trying to open the hw design at C:/Users/louis/Documents/Github/PCB-ADVANCED/PCB-ADVANCED/VIVADO/Vitis/MicroBlazeFULL_wrapper/hw/MicroBlazeFULL_wrapper.xsa
TRACE::2023-12-16.23:34:08::SCWPlatform::DSA given C:/Users/louis/Documents/Github/PCB-ADVANCED/PCB-ADVANCED/VIVADO/Vitis/MicroBlazeFULL_wrapper/hw/MicroBlazeFULL_wrapper.xsa
TRACE::2023-12-16.23:34:08::SCWPlatform::DSA absoulate path C:/Users/louis/Documents/Github/PCB-ADVANCED/PCB-ADVANCED/VIVADO/Vitis/MicroBlazeFULL_wrapper/hw/MicroBlazeFULL_wrapper.xsa
TRACE::2023-12-16.23:34:08::SCWPlatform::DSA directory C:/Users/louis/Documents/Github/PCB-ADVANCED/PCB-ADVANCED/VIVADO/Vitis/MicroBlazeFULL_wrapper/hw
TRACE::2023-12-16.23:34:08::SCWPlatform:: Platform Path C:/Users/louis/Documents/Github/PCB-ADVANCED/PCB-ADVANCED/VIVADO/Vitis/MicroBlazeFULL_wrapper/hw/MicroBlazeFULL_wrapper.xsa
TRACE::2023-12-16.23:34:08::SCWPlatform:: Unique name xilinx:::0.0
TRACE::2023-12-16.23:34:08::SCWPlatform::Trying to set the existing hwdb with name MicroBlazeV2_wrapper_0
TRACE::2023-12-16.23:34:08::SCWPlatform::Opened existing hwdb MicroBlazeV2_wrapper_0
TRACE::2023-12-16.23:34:08::SCWPlatform::Found the Hw Db part of the input DSA
TRACE::2023-12-16.23:34:08::SCWMssOS::Checking the sw design at  C:/Users/louis/Documents/Github/PCB-ADVANCED/PCB-ADVANCED/VIVADO/Vitis/MicroBlazeFULL_wrapper/microblaze_0/standalone_microblaze_0/bsp/system.mss
TRACE::2023-12-16.23:34:08::SCWMssOS::DEBUG:  swdes dump  C:/Users/louis/Documents/Github/PCB-ADVANCED/PCB-ADVANCED/VIVADO/Vitis/MicroBlazeFULL_wrapper/microblaze_0/standalone_microblaze_0/bsp/system.mss|system||

TRACE::2023-12-16.23:34:08::SCWMssOS::Sw design exists and opened at  C:/Users/louis/Documents/Github/PCB-ADVANCED/PCB-ADVANCED/VIVADO/Vitis/MicroBlazeFULL_wrapper/microblaze_0/standalone_microblaze_0/bsp/system.mss
TRACE::2023-12-16.23:34:08::SCWMssOS::Saving the mss changes C:/Users/louis/Documents/Github/PCB-ADVANCED/PCB-ADVANCED/VIVADO/Vitis/MicroBlazeFULL_wrapper/microblaze_0/standalone_microblaze_0/bsp/system.mss
TRACE::2023-12-16.23:34:08::SCWMssOS::Found a swdesign opened with the mssfile.
TRACE::2023-12-16.23:34:08::SCWMssOS::Completed writemss as part of save.
TRACE::2023-12-16.23:34:08::SCWMssOS::Commit changes completed.
TRACE::2023-12-16.23:34:08::SCWPlatform::Trying to open the hw design at C:/Users/louis/Documents/Github/PCB-ADVANCED/PCB-ADVANCED/VIVADO/Vitis/MicroBlazeFULL_wrapper/hw/MicroBlazeFULL_wrapper.xsa
TRACE::2023-12-16.23:34:08::SCWPlatform::DSA given C:/Users/louis/Documents/Github/PCB-ADVANCED/PCB-ADVANCED/VIVADO/Vitis/MicroBlazeFULL_wrapper/hw/MicroBlazeFULL_wrapper.xsa
TRACE::2023-12-16.23:34:08::SCWPlatform::DSA absoulate path C:/Users/louis/Documents/Github/PCB-ADVANCED/PCB-ADVANCED/VIVADO/Vitis/MicroBlazeFULL_wrapper/hw/MicroBlazeFULL_wrapper.xsa
TRACE::2023-12-16.23:34:08::SCWPlatform::DSA directory C:/Users/louis/Documents/Github/PCB-ADVANCED/PCB-ADVANCED/VIVADO/Vitis/MicroBlazeFULL_wrapper/hw
TRACE::2023-12-16.23:34:08::SCWPlatform:: Platform Path C:/Users/louis/Documents/Github/PCB-ADVANCED/PCB-ADVANCED/VIVADO/Vitis/MicroBlazeFULL_wrapper/hw/MicroBlazeFULL_wrapper.xsa
TRACE::2023-12-16.23:34:08::SCWPlatform:: Unique name xilinx:::0.0
TRACE::2023-12-16.23:34:08::SCWPlatform::Trying to set the existing hwdb with name MicroBlazeV2_wrapper_0
TRACE::2023-12-16.23:34:08::SCWPlatform::Opened existing hwdb MicroBlazeV2_wrapper_0
TRACE::2023-12-16.23:34:08::SCWPlatform::Found the Hw Db part of the input DSA
TRACE::2023-12-16.23:34:08::SCWMssOS::Checking the sw design at  C:/Users/louis/Documents/Github/PCB-ADVANCED/PCB-ADVANCED/VIVADO/Vitis/MicroBlazeFULL_wrapper/microblaze_0/standalone_microblaze_0/bsp/system.mss
TRACE::2023-12-16.23:34:08::SCWMssOS::DEBUG:  swdes dump  C:/Users/louis/Documents/Github/PCB-ADVANCED/PCB-ADVANCED/VIVADO/Vitis/MicroBlazeFULL_wrapper/microblaze_0/standalone_microblaze_0/bsp/system.mss|system||

TRACE::2023-12-16.23:34:08::SCWMssOS::Sw design exists and opened at  C:/Users/louis/Documents/Github/PCB-ADVANCED/PCB-ADVANCED/VIVADO/Vitis/MicroBlazeFULL_wrapper/microblaze_0/standalone_microblaze_0/bsp/system.mss
TRACE::2023-12-16.23:34:08::SCWPlatform::Trying to open the hw design at C:/Users/louis/Documents/Github/PCB-ADVANCED/PCB-ADVANCED/VIVADO/Vitis/MicroBlazeFULL_wrapper/hw/MicroBlazeFULL_wrapper.xsa
TRACE::2023-12-16.23:34:08::SCWPlatform::DSA given C:/Users/louis/Documents/Github/PCB-ADVANCED/PCB-ADVANCED/VIVADO/Vitis/MicroBlazeFULL_wrapper/hw/MicroBlazeFULL_wrapper.xsa
TRACE::2023-12-16.23:34:08::SCWPlatform::DSA absoulate path C:/Users/louis/Documents/Github/PCB-ADVANCED/PCB-ADVANCED/VIVADO/Vitis/MicroBlazeFULL_wrapper/hw/MicroBlazeFULL_wrapper.xsa
TRACE::2023-12-16.23:34:08::SCWPlatform::DSA directory C:/Users/louis/Documents/Github/PCB-ADVANCED/PCB-ADVANCED/VIVADO/Vitis/MicroBlazeFULL_wrapper/hw
TRACE::2023-12-16.23:34:08::SCWPlatform:: Platform Path C:/Users/louis/Documents/Github/PCB-ADVANCED/PCB-ADVANCED/VIVADO/Vitis/MicroBlazeFULL_wrapper/hw/MicroBlazeFULL_wrapper.xsa
TRACE::2023-12-16.23:34:08::SCWPlatform:: Unique name xilinx:::0.0
TRACE::2023-12-16.23:34:08::SCWPlatform::Trying to set the existing hwdb with name MicroBlazeV2_wrapper_0
TRACE::2023-12-16.23:34:08::SCWPlatform::Opened existing hwdb MicroBlazeV2_wrapper_0
TRACE::2023-12-16.23:34:08::SCWPlatform::Found the Hw Db part of the input DSA
TRACE::2023-12-16.23:34:08::SCWMssOS::Checking the sw design at  C:/Users/louis/Documents/Github/PCB-ADVANCED/PCB-ADVANCED/VIVADO/Vitis/MicroBlazeFULL_wrapper/microblaze_0/standalone_microblaze_0/bsp/system.mss
TRACE::2023-12-16.23:34:08::SCWMssOS::DEBUG:  swdes dump  C:/Users/louis/Documents/Github/PCB-ADVANCED/PCB-ADVANCED/VIVADO/Vitis/MicroBlazeFULL_wrapper/microblaze_0/standalone_microblaze_0/bsp/system.mss|system||

TRACE::2023-12-16.23:34:08::SCWMssOS::Sw design exists and opened at  C:/Users/louis/Documents/Github/PCB-ADVANCED/PCB-ADVANCED/VIVADO/Vitis/MicroBlazeFULL_wrapper/microblaze_0/standalone_microblaze_0/bsp/system.mss
TRACE::2023-12-16.23:34:08::SCWPlatform::Trying to open the hw design at C:/Users/louis/Documents/Github/PCB-ADVANCED/PCB-ADVANCED/VIVADO/Vitis/MicroBlazeFULL_wrapper/hw/MicroBlazeFULL_wrapper.xsa
TRACE::2023-12-16.23:34:08::SCWPlatform::DSA given C:/Users/louis/Documents/Github/PCB-ADVANCED/PCB-ADVANCED/VIVADO/Vitis/MicroBlazeFULL_wrapper/hw/MicroBlazeFULL_wrapper.xsa
TRACE::2023-12-16.23:34:08::SCWPlatform::DSA absoulate path C:/Users/louis/Documents/Github/PCB-ADVANCED/PCB-ADVANCED/VIVADO/Vitis/MicroBlazeFULL_wrapper/hw/MicroBlazeFULL_wrapper.xsa
TRACE::2023-12-16.23:34:08::SCWPlatform::DSA directory C:/Users/louis/Documents/Github/PCB-ADVANCED/PCB-ADVANCED/VIVADO/Vitis/MicroBlazeFULL_wrapper/hw
TRACE::2023-12-16.23:34:08::SCWPlatform:: Platform Path C:/Users/louis/Documents/Github/PCB-ADVANCED/PCB-ADVANCED/VIVADO/Vitis/MicroBlazeFULL_wrapper/hw/MicroBlazeFULL_wrapper.xsa
TRACE::2023-12-16.23:34:08::SCWPlatform:: Unique name xilinx:::0.0
TRACE::2023-12-16.23:34:08::SCWPlatform::Trying to set the existing hwdb with name MicroBlazeV2_wrapper_0
TRACE::2023-12-16.23:34:08::SCWPlatform::Opened existing hwdb MicroBlazeV2_wrapper_0
TRACE::2023-12-16.23:34:08::SCWPlatform::Found the Hw Db part of the input DSA
TRACE::2023-12-16.23:34:08::SCWMssOS::Checking the sw design at  C:/Users/louis/Documents/Github/PCB-ADVANCED/PCB-ADVANCED/VIVADO/Vitis/MicroBlazeFULL_wrapper/microblaze_0/standalone_microblaze_0/bsp/system.mss
TRACE::2023-12-16.23:34:08::SCWMssOS::DEBUG:  swdes dump  C:/Users/louis/Documents/Github/PCB-ADVANCED/PCB-ADVANCED/VIVADO/Vitis/MicroBlazeFULL_wrapper/microblaze_0/standalone_microblaze_0/bsp/system.mss|system||

TRACE::2023-12-16.23:34:08::SCWMssOS::Sw design exists and opened at  C:/Users/louis/Documents/Github/PCB-ADVANCED/PCB-ADVANCED/VIVADO/Vitis/MicroBlazeFULL_wrapper/microblaze_0/standalone_microblaze_0/bsp/system.mss
TRACE::2023-12-16.23:34:08::SCWWriter::formatted JSON is {
	"platformName":	"MicroBlazeFULL_wrapper",
	"sprVersion":	"2.0",
	"mode":	"gui",
	"dsaType":	"Fixed",
	"platformDesc":	"MicroBlazeFULL_wrapper",
	"platHandOff":	"C:/Users/louis/Documents/Github/PCB-ADVANCED/PCB-ADVANCED/VIVADO/SpartanMicroBlaze/MicroBlazeFULL_wrapper.xsa",
	"platIntHandOff":	"<platformDir>/hw/MicroBlazeFULL_wrapper.xsa",
	"deviceType":	"FPGA",
	"platIsPrebuiltAutogen":	"false",
	"platIsNoBootBsp":	"false",
	"hasFsblMakeHasChanges":	"false",
	"hasPmufwMakeHasChanges":	"false",
	"platPreBuiltFlag":	false,
	"platformSamplesDir":	"",
	"platActiveSys":	"MicroBlazeFULL_wrapper",
	"systems":	[{
			"systemName":	"MicroBlazeFULL_wrapper",
			"systemDesc":	"MicroBlazeFULL_wrapper",
			"sysIsBootAutoGen":	"true",
			"systemDispName":	"MicroBlazeFULL_wrapper",
			"sysActiveDom":	"standalone_microblaze_0",
			"sysDefaultDom":	"standalone_microblaze_0",
			"domains":	[{
					"domainName":	"standalone_microblaze_0",
					"domainDispName":	"standalone_microblaze_0",
					"domainDesc":	"standalone_microblaze_0",
					"processors":	"microblaze_0",
					"os":	"standalone",
					"sdxOs":	"standalone",
					"debugEnable":	"False",
					"domRuntimes":	["cpp"],
					"swRepo":	"",
					"mssOsVer":	"8.1",
					"mssFile":	"",
					"md5Digest":	"de30b7c3ad4de0e1ee341fa3c6d304da",
					"compatibleApp":	"hello_world",
					"domType":	"mssDomain",
					"arch":	"32-bit",
					"appSettings":	{
						"appCompilerFlags":	"",
						"appLinkerFlags":	""
					},
					"addedLibs":	[],
					"libOptions":	{
						"libsContainingOptions":	[]
					},
					"prebuiltLibs":	{
						"prebuiltIncPath":	[],
						"prebuiltLibPath":	[]
					},
					"isolation":	{
					}
				}]
		}]
}
LOG::2023-12-16.23:34:08::SCWPlatform::Started generating the artifacts platform MicroBlazeFULL_wrapper
TRACE::2023-12-16.23:34:08::SCWPlatform::Sanity checking of platform is completed
LOG::2023-12-16.23:34:08::SCWPlatform::Started generating the artifacts for system configuration MicroBlazeFULL_wrapper
LOG::2023-12-16.23:34:08::SCWSystem::Started Processing the domain standalone_microblaze_0
TRACE::2023-12-16.23:34:08::SCWDomain::Generating domain artifcats
TRACE::2023-12-16.23:34:08::SCWMssOS::Generating standalone artifcats
TRACE::2023-12-16.23:34:08::SCWMssOS:: Copying the user libraries. 
TRACE::2023-12-16.23:34:08::SCWPlatform::Trying to open the hw design at C:/Users/louis/Documents/Github/PCB-ADVANCED/PCB-ADVANCED/VIVADO/Vitis/MicroBlazeFULL_wrapper/hw/MicroBlazeFULL_wrapper.xsa
TRACE::2023-12-16.23:34:08::SCWPlatform::DSA given C:/Users/louis/Documents/Github/PCB-ADVANCED/PCB-ADVANCED/VIVADO/Vitis/MicroBlazeFULL_wrapper/hw/MicroBlazeFULL_wrapper.xsa
TRACE::2023-12-16.23:34:08::SCWPlatform::DSA absoulate path C:/Users/louis/Documents/Github/PCB-ADVANCED/PCB-ADVANCED/VIVADO/Vitis/MicroBlazeFULL_wrapper/hw/MicroBlazeFULL_wrapper.xsa
TRACE::2023-12-16.23:34:08::SCWPlatform::DSA directory C:/Users/louis/Documents/Github/PCB-ADVANCED/PCB-ADVANCED/VIVADO/Vitis/MicroBlazeFULL_wrapper/hw
TRACE::2023-12-16.23:34:08::SCWPlatform:: Platform Path C:/Users/louis/Documents/Github/PCB-ADVANCED/PCB-ADVANCED/VIVADO/Vitis/MicroBlazeFULL_wrapper/hw/MicroBlazeFULL_wrapper.xsa
TRACE::2023-12-16.23:34:08::SCWPlatform:: Unique name xilinx:::0.0
TRACE::2023-12-16.23:34:08::SCWPlatform::Trying to set the existing hwdb with name MicroBlazeV2_wrapper_0
TRACE::2023-12-16.23:34:08::SCWPlatform::Opened existing hwdb MicroBlazeV2_wrapper_0
TRACE::2023-12-16.23:34:08::SCWPlatform::Found the Hw Db part of the input DSA
TRACE::2023-12-16.23:34:08::SCWMssOS::Checking the sw design at  C:/Users/louis/Documents/Github/PCB-ADVANCED/PCB-ADVANCED/VIVADO/Vitis/MicroBlazeFULL_wrapper/microblaze_0/standalone_microblaze_0/bsp/system.mss
TRACE::2023-12-16.23:34:08::SCWMssOS::DEBUG:  swdes dump  C:/Users/louis/Documents/Github/PCB-ADVANCED/PCB-ADVANCED/VIVADO/Vitis/MicroBlazeFULL_wrapper/microblaze_0/standalone_microblaze_0/bsp/system.mss|system||

TRACE::2023-12-16.23:34:08::SCWMssOS::Sw design exists and opened at  C:/Users/louis/Documents/Github/PCB-ADVANCED/PCB-ADVANCED/VIVADO/Vitis/MicroBlazeFULL_wrapper/microblaze_0/standalone_microblaze_0/bsp/system.mss
TRACE::2023-12-16.23:34:08::SCWMssOS::Completed writing the mss file at C:/Users/louis/Documents/Github/PCB-ADVANCED/PCB-ADVANCED/VIVADO/Vitis/MicroBlazeFULL_wrapper/microblaze_0/standalone_microblaze_0/bsp
TRACE::2023-12-16.23:34:08::SCWMssOS::Mss edits present, copying mssfile into export location C:/Users/louis/Documents/Github/PCB-ADVANCED/PCB-ADVANCED/VIVADO/Vitis/MicroBlazeFULL_wrapper/microblaze_0/standalone_microblaze_0/bsp/system.mss
TRACE::2023-12-16.23:34:08::SCWMssOS::bsp generated is upto date with the mss file. Skipping bsp generation.
TRACE::2023-12-16.23:34:08::SCWMssOS::BSP is already built. skipping the bsp build ... 
TRACE::2023-12-16.23:34:08::SCWDomain::Building the domain as part of full build :  standalone_microblaze_0
TRACE::2023-12-16.23:34:08::SCWMssOS::skipping the bsp build ... 
TRACE::2023-12-16.23:34:08::SCWMssOS::Copying to export directory.
TRACE::2023-12-16.23:34:08::SCWMssOS:: Checking if to create the Supporting Applications
TRACE::2023-12-16.23:34:08::SCWMssOS:: No Linux domain exists, trying to generate FSBL 
LOG::2023-12-16.23:34:08::SCWSystem::Completed Processing the domain standalone_microblaze_0
LOG::2023-12-16.23:34:08::SCWSystem::Completed Processing the sysconfig MicroBlazeFULL_wrapper
LOG::2023-12-16.23:34:08::SCWPlatform::Completed generating the artifacts for system configuration MicroBlazeFULL_wrapper
TRACE::2023-12-16.23:34:08::SCWPlatform::Started preparing the platform 
TRACE::2023-12-16.23:34:08::SCWSystem::Writing the bif file for system config MicroBlazeFULL_wrapper
TRACE::2023-12-16.23:34:08::SCWSystem::dir created 
TRACE::2023-12-16.23:34:08::SCWSystem::Writing the bif 
TRACE::2023-12-16.23:34:08::SCWPlatform::Started writing the spfm file 
TRACE::2023-12-16.23:34:08::SCWPlatform::Started writing the xpfm file 
TRACE::2023-12-16.23:34:08::SCWPlatform::Completed generating the platform
TRACE::2023-12-16.23:34:08::SCWMssOS::Saving the mss changes C:/Users/louis/Documents/Github/PCB-ADVANCED/PCB-ADVANCED/VIVADO/Vitis/MicroBlazeFULL_wrapper/microblaze_0/standalone_microblaze_0/bsp/system.mss
TRACE::2023-12-16.23:34:08::SCWMssOS::Found a swdesign opened with the mssfile.
TRACE::2023-12-16.23:34:08::SCWMssOS::Completed writemss as part of save.
TRACE::2023-12-16.23:34:08::SCWMssOS::Commit changes completed.
TRACE::2023-12-16.23:34:08::SCWPlatform::Trying to open the hw design at C:/Users/louis/Documents/Github/PCB-ADVANCED/PCB-ADVANCED/VIVADO/Vitis/MicroBlazeFULL_wrapper/hw/MicroBlazeFULL_wrapper.xsa
TRACE::2023-12-16.23:34:08::SCWPlatform::DSA given C:/Users/louis/Documents/Github/PCB-ADVANCED/PCB-ADVANCED/VIVADO/Vitis/MicroBlazeFULL_wrapper/hw/MicroBlazeFULL_wrapper.xsa
TRACE::2023-12-16.23:34:08::SCWPlatform::DSA absoulate path C:/Users/louis/Documents/Github/PCB-ADVANCED/PCB-ADVANCED/VIVADO/Vitis/MicroBlazeFULL_wrapper/hw/MicroBlazeFULL_wrapper.xsa
TRACE::2023-12-16.23:34:08::SCWPlatform::DSA directory C:/Users/louis/Documents/Github/PCB-ADVANCED/PCB-ADVANCED/VIVADO/Vitis/MicroBlazeFULL_wrapper/hw
TRACE::2023-12-16.23:34:08::SCWPlatform:: Platform Path C:/Users/louis/Documents/Github/PCB-ADVANCED/PCB-ADVANCED/VIVADO/Vitis/MicroBlazeFULL_wrapper/hw/MicroBlazeFULL_wrapper.xsa
TRACE::2023-12-16.23:34:08::SCWPlatform:: Unique name xilinx:::0.0
TRACE::2023-12-16.23:34:08::SCWPlatform::Trying to set the existing hwdb with name MicroBlazeV2_wrapper_0
TRACE::2023-12-16.23:34:08::SCWPlatform::Opened existing hwdb MicroBlazeV2_wrapper_0
TRACE::2023-12-16.23:34:08::SCWPlatform::Found the Hw Db part of the input DSA
TRACE::2023-12-16.23:34:08::SCWMssOS::Checking the sw design at  C:/Users/louis/Documents/Github/PCB-ADVANCED/PCB-ADVANCED/VIVADO/Vitis/MicroBlazeFULL_wrapper/microblaze_0/standalone_microblaze_0/bsp/system.mss
TRACE::2023-12-16.23:34:08::SCWMssOS::DEBUG:  swdes dump  C:/Users/louis/Documents/Github/PCB-ADVANCED/PCB-ADVANCED/VIVADO/Vitis/MicroBlazeFULL_wrapper/microblaze_0/standalone_microblaze_0/bsp/system.mss|system||

TRACE::2023-12-16.23:34:08::SCWMssOS::Sw design exists and opened at  C:/Users/louis/Documents/Github/PCB-ADVANCED/PCB-ADVANCED/VIVADO/Vitis/MicroBlazeFULL_wrapper/microblaze_0/standalone_microblaze_0/bsp/system.mss
TRACE::2023-12-16.23:34:08::SCWPlatform::Trying to open the hw design at C:/Users/louis/Documents/Github/PCB-ADVANCED/PCB-ADVANCED/VIVADO/Vitis/MicroBlazeFULL_wrapper/hw/MicroBlazeFULL_wrapper.xsa
TRACE::2023-12-16.23:34:08::SCWPlatform::DSA given C:/Users/louis/Documents/Github/PCB-ADVANCED/PCB-ADVANCED/VIVADO/Vitis/MicroBlazeFULL_wrapper/hw/MicroBlazeFULL_wrapper.xsa
TRACE::2023-12-16.23:34:08::SCWPlatform::DSA absoulate path C:/Users/louis/Documents/Github/PCB-ADVANCED/PCB-ADVANCED/VIVADO/Vitis/MicroBlazeFULL_wrapper/hw/MicroBlazeFULL_wrapper.xsa
TRACE::2023-12-16.23:34:08::SCWPlatform::DSA directory C:/Users/louis/Documents/Github/PCB-ADVANCED/PCB-ADVANCED/VIVADO/Vitis/MicroBlazeFULL_wrapper/hw
TRACE::2023-12-16.23:34:08::SCWPlatform:: Platform Path C:/Users/louis/Documents/Github/PCB-ADVANCED/PCB-ADVANCED/VIVADO/Vitis/MicroBlazeFULL_wrapper/hw/MicroBlazeFULL_wrapper.xsa
TRACE::2023-12-16.23:34:08::SCWPlatform:: Unique name xilinx:::0.0
TRACE::2023-12-16.23:34:08::SCWPlatform::Trying to set the existing hwdb with name MicroBlazeV2_wrapper_0
TRACE::2023-12-16.23:34:08::SCWPlatform::Opened existing hwdb MicroBlazeV2_wrapper_0
TRACE::2023-12-16.23:34:08::SCWPlatform::Found the Hw Db part of the input DSA
TRACE::2023-12-16.23:34:08::SCWMssOS::Checking the sw design at  C:/Users/louis/Documents/Github/PCB-ADVANCED/PCB-ADVANCED/VIVADO/Vitis/MicroBlazeFULL_wrapper/microblaze_0/standalone_microblaze_0/bsp/system.mss
TRACE::2023-12-16.23:34:08::SCWMssOS::DEBUG:  swdes dump  C:/Users/louis/Documents/Github/PCB-ADVANCED/PCB-ADVANCED/VIVADO/Vitis/MicroBlazeFULL_wrapper/microblaze_0/standalone_microblaze_0/bsp/system.mss|system||

TRACE::2023-12-16.23:34:08::SCWMssOS::Sw design exists and opened at  C:/Users/louis/Documents/Github/PCB-ADVANCED/PCB-ADVANCED/VIVADO/Vitis/MicroBlazeFULL_wrapper/microblaze_0/standalone_microblaze_0/bsp/system.mss
TRACE::2023-12-16.23:34:08::SCWPlatform::Trying to open the hw design at C:/Users/louis/Documents/Github/PCB-ADVANCED/PCB-ADVANCED/VIVADO/Vitis/MicroBlazeFULL_wrapper/hw/MicroBlazeFULL_wrapper.xsa
TRACE::2023-12-16.23:34:08::SCWPlatform::DSA given C:/Users/louis/Documents/Github/PCB-ADVANCED/PCB-ADVANCED/VIVADO/Vitis/MicroBlazeFULL_wrapper/hw/MicroBlazeFULL_wrapper.xsa
TRACE::2023-12-16.23:34:08::SCWPlatform::DSA absoulate path C:/Users/louis/Documents/Github/PCB-ADVANCED/PCB-ADVANCED/VIVADO/Vitis/MicroBlazeFULL_wrapper/hw/MicroBlazeFULL_wrapper.xsa
TRACE::2023-12-16.23:34:08::SCWPlatform::DSA directory C:/Users/louis/Documents/Github/PCB-ADVANCED/PCB-ADVANCED/VIVADO/Vitis/MicroBlazeFULL_wrapper/hw
TRACE::2023-12-16.23:34:08::SCWPlatform:: Platform Path C:/Users/louis/Documents/Github/PCB-ADVANCED/PCB-ADVANCED/VIVADO/Vitis/MicroBlazeFULL_wrapper/hw/MicroBlazeFULL_wrapper.xsa
TRACE::2023-12-16.23:34:08::SCWPlatform:: Unique name xilinx:::0.0
TRACE::2023-12-16.23:34:08::SCWPlatform::Trying to set the existing hwdb with name MicroBlazeV2_wrapper_0
TRACE::2023-12-16.23:34:08::SCWPlatform::Opened existing hwdb MicroBlazeV2_wrapper_0
TRACE::2023-12-16.23:34:08::SCWPlatform::Found the Hw Db part of the input DSA
TRACE::2023-12-16.23:34:08::SCWMssOS::Checking the sw design at  C:/Users/louis/Documents/Github/PCB-ADVANCED/PCB-ADVANCED/VIVADO/Vitis/MicroBlazeFULL_wrapper/microblaze_0/standalone_microblaze_0/bsp/system.mss
TRACE::2023-12-16.23:34:08::SCWMssOS::DEBUG:  swdes dump  C:/Users/louis/Documents/Github/PCB-ADVANCED/PCB-ADVANCED/VIVADO/Vitis/MicroBlazeFULL_wrapper/microblaze_0/standalone_microblaze_0/bsp/system.mss|system||

TRACE::2023-12-16.23:34:08::SCWMssOS::Sw design exists and opened at  C:/Users/louis/Documents/Github/PCB-ADVANCED/PCB-ADVANCED/VIVADO/Vitis/MicroBlazeFULL_wrapper/microblaze_0/standalone_microblaze_0/bsp/system.mss
TRACE::2023-12-16.23:34:08::SCWWriter::formatted JSON is {
	"platformName":	"MicroBlazeFULL_wrapper",
	"sprVersion":	"2.0",
	"mode":	"gui",
	"dsaType":	"Fixed",
	"platformDesc":	"MicroBlazeFULL_wrapper",
	"platHandOff":	"C:/Users/louis/Documents/Github/PCB-ADVANCED/PCB-ADVANCED/VIVADO/SpartanMicroBlaze/MicroBlazeFULL_wrapper.xsa",
	"platIntHandOff":	"<platformDir>/hw/MicroBlazeFULL_wrapper.xsa",
	"deviceType":	"FPGA",
	"platIsPrebuiltAutogen":	"false",
	"platIsNoBootBsp":	"false",
	"hasFsblMakeHasChanges":	"false",
	"hasPmufwMakeHasChanges":	"false",
	"platPreBuiltFlag":	false,
	"platformSamplesDir":	"",
	"platActiveSys":	"MicroBlazeFULL_wrapper",
	"systems":	[{
			"systemName":	"MicroBlazeFULL_wrapper",
			"systemDesc":	"MicroBlazeFULL_wrapper",
			"sysIsBootAutoGen":	"true",
			"systemDispName":	"MicroBlazeFULL_wrapper",
			"sysActiveDom":	"standalone_microblaze_0",
			"sysDefaultDom":	"standalone_microblaze_0",
			"domains":	[{
					"domainName":	"standalone_microblaze_0",
					"domainDispName":	"standalone_microblaze_0",
					"domainDesc":	"standalone_microblaze_0",
					"processors":	"microblaze_0",
					"os":	"standalone",
					"sdxOs":	"standalone",
					"debugEnable":	"False",
					"domRuntimes":	["cpp"],
					"swRepo":	"",
					"mssOsVer":	"8.1",
					"mssFile":	"",
					"md5Digest":	"de30b7c3ad4de0e1ee341fa3c6d304da",
					"compatibleApp":	"hello_world",
					"domType":	"mssDomain",
					"arch":	"32-bit",
					"appSettings":	{
						"appCompilerFlags":	"",
						"appLinkerFlags":	""
					},
					"addedLibs":	[],
					"libOptions":	{
						"libsContainingOptions":	[]
					},
					"prebuiltLibs":	{
						"prebuiltIncPath":	[],
						"prebuiltLibPath":	[]
					},
					"isolation":	{
					}
				}]
		}]
}
KEYINFO::2023-12-16.23:34:08::SCWPlatform::updated the xpfm file.
LOG::2023-12-17.00:09:17::SCWPlatform::Started generating the artifacts platform MicroBlazeFULL_wrapper
TRACE::2023-12-17.00:09:17::SCWPlatform::Sanity checking of platform is completed
LOG::2023-12-17.00:09:17::SCWPlatform::Started generating the artifacts for system configuration MicroBlazeFULL_wrapper
LOG::2023-12-17.00:09:17::SCWSystem::Checking the domain standalone_microblaze_0
LOG::2023-12-17.00:09:17::SCWSystem::Not a boot domain 
LOG::2023-12-17.00:09:17::SCWSystem::Started Processing the domain standalone_microblaze_0
TRACE::2023-12-17.00:09:17::SCWDomain::Generating domain artifcats
TRACE::2023-12-17.00:09:17::SCWMssOS::Generating standalone artifcats
TRACE::2023-12-17.00:09:17::SCWMssOS:: Copying the user libraries. 
TRACE::2023-12-17.00:09:17::SCWPlatform::Trying to open the hw design at C:/Users/louis/Documents/Github/PCB-ADVANCED/PCB-ADVANCED/VIVADO/Vitis/MicroBlazeFULL_wrapper/hw/MicroBlazeFULL_wrapper.xsa
TRACE::2023-12-17.00:09:17::SCWPlatform::DSA given C:/Users/louis/Documents/Github/PCB-ADVANCED/PCB-ADVANCED/VIVADO/Vitis/MicroBlazeFULL_wrapper/hw/MicroBlazeFULL_wrapper.xsa
TRACE::2023-12-17.00:09:17::SCWPlatform::DSA absoulate path C:/Users/louis/Documents/Github/PCB-ADVANCED/PCB-ADVANCED/VIVADO/Vitis/MicroBlazeFULL_wrapper/hw/MicroBlazeFULL_wrapper.xsa
TRACE::2023-12-17.00:09:17::SCWPlatform::DSA directory C:/Users/louis/Documents/Github/PCB-ADVANCED/PCB-ADVANCED/VIVADO/Vitis/MicroBlazeFULL_wrapper/hw
TRACE::2023-12-17.00:09:17::SCWPlatform:: Platform Path C:/Users/louis/Documents/Github/PCB-ADVANCED/PCB-ADVANCED/VIVADO/Vitis/MicroBlazeFULL_wrapper/hw/MicroBlazeFULL_wrapper.xsa
TRACE::2023-12-17.00:09:17::SCWPlatform:: Unique name xilinx:::0.0
TRACE::2023-12-17.00:09:17::SCWPlatform::Trying to set the existing hwdb with name MicroBlazeV2_wrapper_0
TRACE::2023-12-17.00:09:17::SCWPlatform::Opened existing hwdb MicroBlazeV2_wrapper_0
TRACE::2023-12-17.00:09:17::SCWPlatform::Found the Hw Db part of the input DSA
TRACE::2023-12-17.00:09:17::SCWMssOS::Checking the sw design at  C:/Users/louis/Documents/Github/PCB-ADVANCED/PCB-ADVANCED/VIVADO/Vitis/MicroBlazeFULL_wrapper/microblaze_0/standalone_microblaze_0/bsp/system.mss
TRACE::2023-12-17.00:09:17::SCWMssOS::DEBUG:  swdes dump  C:/Users/louis/Documents/Github/PCB-ADVANCED/PCB-ADVANCED/VIVADO/Vitis/MicroBlazeFULL_wrapper/microblaze_0/standalone_microblaze_0/bsp/system.mss|system||

TRACE::2023-12-17.00:09:17::SCWMssOS::Sw design exists and opened at  C:/Users/louis/Documents/Github/PCB-ADVANCED/PCB-ADVANCED/VIVADO/Vitis/MicroBlazeFULL_wrapper/microblaze_0/standalone_microblaze_0/bsp/system.mss
TRACE::2023-12-17.00:09:17::SCWMssOS::Completed writing the mss file at C:/Users/louis/Documents/Github/PCB-ADVANCED/PCB-ADVANCED/VIVADO/Vitis/MicroBlazeFULL_wrapper/microblaze_0/standalone_microblaze_0/bsp
TRACE::2023-12-17.00:09:17::SCWMssOS::Mss edits present, copying mssfile into export location C:/Users/louis/Documents/Github/PCB-ADVANCED/PCB-ADVANCED/VIVADO/Vitis/MicroBlazeFULL_wrapper/microblaze_0/standalone_microblaze_0/bsp/system.mss
TRACE::2023-12-17.00:09:17::SCWMssOS::bsp generated is upto date with the mss file. Skipping bsp generation.
TRACE::2023-12-17.00:09:17::SCWMssOS::BSP is already built. skipping the bsp build ... 
TRACE::2023-12-17.00:09:17::SCWDomain::Building the domain as part of full build :  standalone_microblaze_0
TRACE::2023-12-17.00:09:17::SCWMssOS::doing bsp build ... 
TRACE::2023-12-17.00:09:17::SCWMssOS::System Command Ran  C: & cd  C:/Users/louis/Documents/Github/PCB-ADVANCED/PCB-ADVANCED/VIVADO/Vitis/MicroBlazeFULL_wrapper/microblaze_0/standalone_microblaze_0/bsp & make 
TRACE::2023-12-17.00:09:17::SCWMssOS::make --no-print-directory seq_libs

TRACE::2023-12-17.00:09:17::SCWMssOS::'Finished building libraries sequentially.'

TRACE::2023-12-17.00:09:17::SCWMssOS::make -j 14 --no-print-directory par_libs

TRACE::2023-12-17.00:09:17::SCWMssOS::"Running Make include in microblaze_0/libsrc/bram_v4_8/src"

TRACE::2023-12-17.00:09:17::SCWMssOS::make -C microblaze_0/libsrc/bram_v4_8/src -s include  "SHELL=CMD" "COMPILER=mb-gcc" "ASSEMBLER=mb-as" "ARCHIVER=mb-ar" "COMPILE
TRACE::2023-12-17.00:09:17::SCWMssOS::R_FLAGS=  -O2 -c -mcpu=v11.0 -mlittle-endian -mxl-soft-mul" "EXTRA_COMPILER_FLAGS=-g -ffunction-sections -fdata-sections -Wall 
TRACE::2023-12-17.00:09:17::SCWMssOS::-Wextra -fno-tree-loop-distribute-patterns"

TRACE::2023-12-17.00:09:17::SCWMssOS::"Running Make include in microblaze_0/libsrc/cpu_v2_17/src"

TRACE::2023-12-17.00:09:18::SCWMssOS::make -C microblaze_0/libsrc/cpu_v2_17/src -s include  "SHELL=CMD" "COMPILER=mb-gcc" "ASSEMBLER=mb-as" "ARCHIVER=mb-ar" "COMPILE
TRACE::2023-12-17.00:09:18::SCWMssOS::R_FLAGS=  -O2 -c -mcpu=v11.0 -mlittle-endian -mxl-soft-mul" "EXTRA_COMPILER_FLAGS=-g -ffunction-sections -fdata-sections -Wall 
TRACE::2023-12-17.00:09:18::SCWMssOS::-Wextra -fno-tree-loop-distribute-patterns"

TRACE::2023-12-17.00:09:18::SCWMssOS::"Running Make include in microblaze_0/libsrc/gpio_v4_9/src"

TRACE::2023-12-17.00:09:18::SCWMssOS::make -C microblaze_0/libsrc/gpio_v4_9/src -s include  "SHELL=CMD" "COMPILER=mb-gcc" "ASSEMBLER=mb-as" "ARCHIVER=mb-ar" "COMPILE
TRACE::2023-12-17.00:09:18::SCWMssOS::R_FLAGS=  -O2 -c -mcpu=v11.0 -mlittle-endian -mxl-soft-mul" "EXTRA_COMPILER_FLAGS=-g -ffunction-sections -fdata-sections -Wall 
TRACE::2023-12-17.00:09:18::SCWMssOS::-Wextra -fno-tree-loop-distribute-patterns"

TRACE::2023-12-17.00:09:18::SCWMssOS::"Running Make include in microblaze_0/libsrc/standalone_v8_1/src"

TRACE::2023-12-17.00:09:18::SCWMssOS::make -C microblaze_0/libsrc/standalone_v8_1/src -s include  "SHELL=CMD" "COMPILER=mb-gcc" "ASSEMBLER=mb-as" "ARCHIVER=mb-ar" "C
TRACE::2023-12-17.00:09:18::SCWMssOS::OMPILER_FLAGS=  -O2 -c -mcpu=v11.0 -mlittle-endian -mxl-soft-mul" "EXTRA_COMPILER_FLAGS=-g -ffunction-sections -fdata-sections 
TRACE::2023-12-17.00:09:18::SCWMssOS::-Wall -Wextra -fno-tree-loop-distribute-patterns"

TRACE::2023-12-17.00:09:18::SCWMssOS::"Running Make include in microblaze_0/libsrc/uartlite_v3_8/src"

TRACE::2023-12-17.00:09:18::SCWMssOS::make -C microblaze_0/libsrc/uartlite_v3_8/src -s include  "SHELL=CMD" "COMPILER=mb-gcc" "ASSEMBLER=mb-as" "ARCHIVER=mb-ar" "COM
TRACE::2023-12-17.00:09:18::SCWMssOS::PILER_FLAGS=  -O2 -c -mcpu=v11.0 -mlittle-endian -mxl-soft-mul" "EXTRA_COMPILER_FLAGS=-g -ffunction-sections -fdata-sections -W
TRACE::2023-12-17.00:09:18::SCWMssOS::all -Wextra -fno-tree-loop-distribute-patterns"

TRACE::2023-12-17.00:09:18::SCWMssOS::"Running Make libs in microblaze_0/libsrc/bram_v4_8/src"

TRACE::2023-12-17.00:09:18::SCWMssOS::make -C microblaze_0/libsrc/bram_v4_8/src -s libs  "SHELL=CMD" "COMPILER=mb-gcc" "ASSEMBLER=mb-as" "ARCHIVER=mb-ar" "COMPILER_F
TRACE::2023-12-17.00:09:18::SCWMssOS::LAGS=  -O2 -c -mcpu=v11.0 -mlittle-endian -mxl-soft-mul" "EXTRA_COMPILER_FLAGS=-g -ffunction-sections -fdata-sections -Wall -We
TRACE::2023-12-17.00:09:18::SCWMssOS::xtra -fno-tree-loop-distribute-patterns"

TRACE::2023-12-17.00:09:18::SCWMssOS::"Running Make libs in microblaze_0/libsrc/cpu_v2_17/src"

TRACE::2023-12-17.00:09:18::SCWMssOS::make -C microblaze_0/libsrc/cpu_v2_17/src -s libs  "SHELL=CMD" "COMPILER=mb-gcc" "ASSEMBLER=mb-as" "ARCHIVER=mb-ar" "COMPILER_F
TRACE::2023-12-17.00:09:18::SCWMssOS::LAGS=  -O2 -c -mcpu=v11.0 -mlittle-endian -mxl-soft-mul" "EXTRA_COMPILER_FLAGS=-g -ffunction-sections -fdata-sections -Wall -We
TRACE::2023-12-17.00:09:18::SCWMssOS::xtra -fno-tree-loop-distribute-patterns"

TRACE::2023-12-17.00:09:18::SCWMssOS::"Running Make libs in microblaze_0/libsrc/gpio_v4_9/src"

TRACE::2023-12-17.00:09:18::SCWMssOS::make -C microblaze_0/libsrc/gpio_v4_9/src -s libs  "SHELL=CMD" "COMPILER=mb-gcc" "ASSEMBLER=mb-as" "ARCHIVER=mb-ar" "COMPILER_F
TRACE::2023-12-17.00:09:18::SCWMssOS::LAGS=  -O2 -c -mcpu=v11.0 -mlittle-endian -mxl-soft-mul" "EXTRA_COMPILER_FLAGS=-g -ffunction-sections -fdata-sections -Wall -We
TRACE::2023-12-17.00:09:18::SCWMssOS::xtra -fno-tree-loop-distribute-patterns"

TRACE::2023-12-17.00:09:18::SCWMssOS::"Running Make libs in microblaze_0/libsrc/standalone_v8_1/src"

TRACE::2023-12-17.00:09:18::SCWMssOS::make -C microblaze_0/libsrc/standalone_v8_1/src -s libs  "SHELL=CMD" "COMPILER=mb-gcc" "ASSEMBLER=mb-as" "ARCHIVER=mb-ar" "COMP
TRACE::2023-12-17.00:09:18::SCWMssOS::ILER_FLAGS=  -O2 -c -mcpu=v11.0 -mlittle-endian -mxl-soft-mul" "EXTRA_COMPILER_FLAGS=-g -ffunction-sections -fdata-sections -Wa
TRACE::2023-12-17.00:09:18::SCWMssOS::ll -Wextra -fno-tree-loop-distribute-patterns"

TRACE::2023-12-17.00:09:18::SCWMssOS::"Running Make libs in microblaze_0/libsrc/uartlite_v3_8/src"

TRACE::2023-12-17.00:09:18::SCWMssOS::make -C microblaze_0/libsrc/uartlite_v3_8/src -s libs  "SHELL=CMD" "COMPILER=mb-gcc" "ASSEMBLER=mb-as" "ARCHIVER=mb-ar" "COMPIL
TRACE::2023-12-17.00:09:18::SCWMssOS::ER_FLAGS=  -O2 -c -mcpu=v11.0 -mlittle-endian -mxl-soft-mul" "EXTRA_COMPILER_FLAGS=-g -ffunction-sections -fdata-sections -Wall
TRACE::2023-12-17.00:09:18::SCWMssOS:: -Wextra -fno-tree-loop-distribute-patterns"

TRACE::2023-12-17.00:09:19::SCWMssOS::"DEBUG NON_LTO_OBJECTS is ../../../lib/microblaze_interrupt_handler.o"

TRACE::2023-12-17.00:09:20::SCWMssOS::'Finished building libraries parallelly.'

TRACE::2023-12-17.00:09:20::SCWMssOS::make --no-print-directory archive

TRACE::2023-12-17.00:09:20::SCWMssOS::mb-ar -r  microblaze_0/lib/libxil.a microblaze_0/lib/_exit.o microblaze_0/lib/errno.o microblaze_0/lib/fcntl.o microblaze_0/lib
TRACE::2023-12-17.00:09:20::SCWMssOS::/hw_exception_handler.o microblaze_0/lib/inbyte.o microblaze_0/lib/microblaze_disable_dcache.o microblaze_0/lib/microblaze_disa
TRACE::2023-12-17.00:09:20::SCWMssOS::ble_exceptions.o microblaze_0/lib/microblaze_disable_icache.o microblaze_0/lib/microblaze_disable_interrupts.o microblaze_0/lib
TRACE::2023-12-17.00:09:20::SCWMssOS::/microblaze_enable_dcache.o microblaze_0/lib/microblaze_enable_exceptions.o microblaze_0/lib/microblaze_enable_icache.o microbl
TRACE::2023-12-17.00:09:20::SCWMssOS::aze_0/lib/microblaze_enable_interrupts.o microblaze_0/lib/microblaze_exception_handler.o microblaze_0/lib/microblaze_flush_cach
TRACE::2023-12-17.00:09:20::SCWMssOS::e_ext.o microblaze_0/lib/microblaze_flush_cache_ext_range.o microblaze_0/lib/microblaze_flush_dcache.o microblaze_0/lib/microbl
TRACE::2023-12-17.00:09:20::SCWMssOS::aze_flush_dcache_range.o microblaze_0/lib/microblaze_init_dcache_range.o microblaze_0/lib/microblaze_init_icache_range.o microb
TRACE::2023-12-17.00:09:20::SCWMssOS::laze_0/lib/microblaze_interrupt_handler.o microblaze_0/lib/microblaze_interrupts_g.o microblaze_0/lib/microblaze_invalidate_cac
TRACE::2023-12-17.00:09:20::SCWMssOS::he_ext.o microblaze_0/lib/microblaze_invalidate_cache_ext_range.o microblaze_0/lib/microblaze_invalidate_dcache.o microblaze_0/
TRACE::2023-12-17.00:09:20::SCWMssOS::lib/microblaze_invalidate_dcache_range.o microblaze_0/lib/microblaze_invalidate_icache.o microblaze_0/lib/microblaze_invalidate
TRACE::2023-12-17.00:09:20::SCWMssOS::_icache_range.o microblaze_0/lib/microblaze_scrub.o microblaze_0/lib/microblaze_selftest.o microblaze_0/lib/microblaze_sleep.o 
TRACE::2023-12-17.00:09:20::SCWMssOS::microblaze_0/lib/microblaze_update_dcache.o microblaze_0/lib/microblaze_update_icache.o microblaze_0/lib/outbyte.o microblaze_0
TRACE::2023-12-17.00:09:20::SCWMssOS::/lib/print.o microblaze_0/lib/pvr.o microblaze_0/lib/xbram.o microblaze_0/lib/xbram_g.o microblaze_0/lib/xbram_intr.o microblaz
TRACE::2023-12-17.00:09:20::SCWMssOS::e_0/lib/xbram_selftest.o microblaze_0/lib/xbram_sinit.o microblaze_0/lib/xgpio.o microblaze_0/lib/xgpio_extra.o microblaze_0/li
TRACE::2023-12-17.00:09:20::SCWMssOS::b/xgpio_g.o microblaze_0/lib/xgpio_intr.o microblaze_0/lib/xgpio_selftest.o microblaze_0/lib/xgpio_sinit.o microblaze_0/lib/xil
TRACE::2023-12-17.00:09:20::SCWMssOS::_assert.o microblaze_0/lib/xil_cache.o microblaze_0/lib/xil_clocking.o microblaze_0/lib/xil_exception.o microblaze_0/lib/xil_me
TRACE::2023-12-17.00:09:20::SCWMssOS::m.o microblaze_0/lib/xil_misc_psreset_api.o microblaze_0/lib/xil_printf.o microblaze_0/lib/xil_sleepcommon.o microblaze_0/lib/x
TRACE::2023-12-17.00:09:20::SCWMssOS::il_testcache.o microblaze_0/lib/xil_testio.o microblaze_0/lib/xil_testmem.o microblaze_0/lib/xil_util.o microblaze_0/lib/xinter
TRACE::2023-12-17.00:09:20::SCWMssOS::rupt_wrap.o microblaze_0/lib/xio.o microblaze_0/lib/xplatform_info.o microblaze_0/lib/xuartlite.o microblaze_0/lib/xuartlite_g.
TRACE::2023-12-17.00:09:20::SCWMssOS::o microblaze_0/lib/xuartlite_intr.o microblaze_0/lib/xuartlite_l.o microblaze_0/lib/xuartlite_selftest.o microblaze_0/lib/xuart
TRACE::2023-12-17.00:09:20::SCWMssOS::lite_sinit.o microblaze_0/lib/xuartlite_stats.o

TRACE::2023-12-17.00:09:20::SCWMssOS::'Finished building libraries'

TRACE::2023-12-17.00:09:20::SCWMssOS::Copying to export directory.
TRACE::2023-12-17.00:09:20::SCWMssOS:: Checking if to create the Supporting Applications
TRACE::2023-12-17.00:09:20::SCWMssOS:: No Linux domain exists, trying to generate FSBL 
LOG::2023-12-17.00:09:20::SCWSystem::Completed Processing the domain standalone_microblaze_0
LOG::2023-12-17.00:09:20::SCWSystem::Completed Processing the sysconfig MicroBlazeFULL_wrapper
LOG::2023-12-17.00:09:20::SCWPlatform::Completed generating the artifacts for system configuration MicroBlazeFULL_wrapper
TRACE::2023-12-17.00:09:20::SCWPlatform::Started preparing the platform 
TRACE::2023-12-17.00:09:20::SCWSystem::Writing the bif file for system config MicroBlazeFULL_wrapper
TRACE::2023-12-17.00:09:20::SCWSystem::dir created 
TRACE::2023-12-17.00:09:20::SCWSystem::Writing the bif 
TRACE::2023-12-17.00:09:20::SCWPlatform::Started writing the spfm file 
TRACE::2023-12-17.00:09:20::SCWPlatform::Started writing the xpfm file 
TRACE::2023-12-17.00:09:20::SCWPlatform::Completed generating the platform
TRACE::2023-12-17.00:09:20::SCWMssOS::Saving the mss changes C:/Users/louis/Documents/Github/PCB-ADVANCED/PCB-ADVANCED/VIVADO/Vitis/MicroBlazeFULL_wrapper/microblaze_0/standalone_microblaze_0/bsp/system.mss
TRACE::2023-12-17.00:09:20::SCWMssOS::Found a swdesign opened with the mssfile.
TRACE::2023-12-17.00:09:20::SCWMssOS::Completed writemss as part of save.
TRACE::2023-12-17.00:09:20::SCWMssOS::Commit changes completed.
TRACE::2023-12-17.00:09:20::SCWPlatform::Trying to open the hw design at C:/Users/louis/Documents/Github/PCB-ADVANCED/PCB-ADVANCED/VIVADO/Vitis/MicroBlazeFULL_wrapper/hw/MicroBlazeFULL_wrapper.xsa
TRACE::2023-12-17.00:09:20::SCWPlatform::DSA given C:/Users/louis/Documents/Github/PCB-ADVANCED/PCB-ADVANCED/VIVADO/Vitis/MicroBlazeFULL_wrapper/hw/MicroBlazeFULL_wrapper.xsa
TRACE::2023-12-17.00:09:20::SCWPlatform::DSA absoulate path C:/Users/louis/Documents/Github/PCB-ADVANCED/PCB-ADVANCED/VIVADO/Vitis/MicroBlazeFULL_wrapper/hw/MicroBlazeFULL_wrapper.xsa
TRACE::2023-12-17.00:09:20::SCWPlatform::DSA directory C:/Users/louis/Documents/Github/PCB-ADVANCED/PCB-ADVANCED/VIVADO/Vitis/MicroBlazeFULL_wrapper/hw
TRACE::2023-12-17.00:09:20::SCWPlatform:: Platform Path C:/Users/louis/Documents/Github/PCB-ADVANCED/PCB-ADVANCED/VIVADO/Vitis/MicroBlazeFULL_wrapper/hw/MicroBlazeFULL_wrapper.xsa
TRACE::2023-12-17.00:09:20::SCWPlatform:: Unique name xilinx:::0.0
TRACE::2023-12-17.00:09:20::SCWPlatform::Trying to set the existing hwdb with name MicroBlazeV2_wrapper_0
TRACE::2023-12-17.00:09:20::SCWPlatform::Opened existing hwdb MicroBlazeV2_wrapper_0
TRACE::2023-12-17.00:09:20::SCWPlatform::Found the Hw Db part of the input DSA
TRACE::2023-12-17.00:09:20::SCWMssOS::Checking the sw design at  C:/Users/louis/Documents/Github/PCB-ADVANCED/PCB-ADVANCED/VIVADO/Vitis/MicroBlazeFULL_wrapper/microblaze_0/standalone_microblaze_0/bsp/system.mss
TRACE::2023-12-17.00:09:20::SCWMssOS::DEBUG:  swdes dump  C:/Users/louis/Documents/Github/PCB-ADVANCED/PCB-ADVANCED/VIVADO/Vitis/MicroBlazeFULL_wrapper/microblaze_0/standalone_microblaze_0/bsp/system.mss|system||

TRACE::2023-12-17.00:09:20::SCWMssOS::Sw design exists and opened at  C:/Users/louis/Documents/Github/PCB-ADVANCED/PCB-ADVANCED/VIVADO/Vitis/MicroBlazeFULL_wrapper/microblaze_0/standalone_microblaze_0/bsp/system.mss
TRACE::2023-12-17.00:09:20::SCWPlatform::Trying to open the hw design at C:/Users/louis/Documents/Github/PCB-ADVANCED/PCB-ADVANCED/VIVADO/Vitis/MicroBlazeFULL_wrapper/hw/MicroBlazeFULL_wrapper.xsa
TRACE::2023-12-17.00:09:20::SCWPlatform::DSA given C:/Users/louis/Documents/Github/PCB-ADVANCED/PCB-ADVANCED/VIVADO/Vitis/MicroBlazeFULL_wrapper/hw/MicroBlazeFULL_wrapper.xsa
TRACE::2023-12-17.00:09:20::SCWPlatform::DSA absoulate path C:/Users/louis/Documents/Github/PCB-ADVANCED/PCB-ADVANCED/VIVADO/Vitis/MicroBlazeFULL_wrapper/hw/MicroBlazeFULL_wrapper.xsa
TRACE::2023-12-17.00:09:20::SCWPlatform::DSA directory C:/Users/louis/Documents/Github/PCB-ADVANCED/PCB-ADVANCED/VIVADO/Vitis/MicroBlazeFULL_wrapper/hw
TRACE::2023-12-17.00:09:20::SCWPlatform:: Platform Path C:/Users/louis/Documents/Github/PCB-ADVANCED/PCB-ADVANCED/VIVADO/Vitis/MicroBlazeFULL_wrapper/hw/MicroBlazeFULL_wrapper.xsa
TRACE::2023-12-17.00:09:20::SCWPlatform:: Unique name xilinx:::0.0
TRACE::2023-12-17.00:09:20::SCWPlatform::Trying to set the existing hwdb with name MicroBlazeV2_wrapper_0
TRACE::2023-12-17.00:09:20::SCWPlatform::Opened existing hwdb MicroBlazeV2_wrapper_0
TRACE::2023-12-17.00:09:20::SCWPlatform::Found the Hw Db part of the input DSA
TRACE::2023-12-17.00:09:20::SCWMssOS::Checking the sw design at  C:/Users/louis/Documents/Github/PCB-ADVANCED/PCB-ADVANCED/VIVADO/Vitis/MicroBlazeFULL_wrapper/microblaze_0/standalone_microblaze_0/bsp/system.mss
TRACE::2023-12-17.00:09:20::SCWMssOS::DEBUG:  swdes dump  C:/Users/louis/Documents/Github/PCB-ADVANCED/PCB-ADVANCED/VIVADO/Vitis/MicroBlazeFULL_wrapper/microblaze_0/standalone_microblaze_0/bsp/system.mss|system||

TRACE::2023-12-17.00:09:20::SCWMssOS::Sw design exists and opened at  C:/Users/louis/Documents/Github/PCB-ADVANCED/PCB-ADVANCED/VIVADO/Vitis/MicroBlazeFULL_wrapper/microblaze_0/standalone_microblaze_0/bsp/system.mss
TRACE::2023-12-17.00:09:20::SCWPlatform::Trying to open the hw design at C:/Users/louis/Documents/Github/PCB-ADVANCED/PCB-ADVANCED/VIVADO/Vitis/MicroBlazeFULL_wrapper/hw/MicroBlazeFULL_wrapper.xsa
TRACE::2023-12-17.00:09:20::SCWPlatform::DSA given C:/Users/louis/Documents/Github/PCB-ADVANCED/PCB-ADVANCED/VIVADO/Vitis/MicroBlazeFULL_wrapper/hw/MicroBlazeFULL_wrapper.xsa
TRACE::2023-12-17.00:09:20::SCWPlatform::DSA absoulate path C:/Users/louis/Documents/Github/PCB-ADVANCED/PCB-ADVANCED/VIVADO/Vitis/MicroBlazeFULL_wrapper/hw/MicroBlazeFULL_wrapper.xsa
TRACE::2023-12-17.00:09:20::SCWPlatform::DSA directory C:/Users/louis/Documents/Github/PCB-ADVANCED/PCB-ADVANCED/VIVADO/Vitis/MicroBlazeFULL_wrapper/hw
TRACE::2023-12-17.00:09:20::SCWPlatform:: Platform Path C:/Users/louis/Documents/Github/PCB-ADVANCED/PCB-ADVANCED/VIVADO/Vitis/MicroBlazeFULL_wrapper/hw/MicroBlazeFULL_wrapper.xsa
TRACE::2023-12-17.00:09:20::SCWPlatform:: Unique name xilinx:::0.0
TRACE::2023-12-17.00:09:20::SCWPlatform::Trying to set the existing hwdb with name MicroBlazeV2_wrapper_0
TRACE::2023-12-17.00:09:20::SCWPlatform::Opened existing hwdb MicroBlazeV2_wrapper_0
TRACE::2023-12-17.00:09:20::SCWPlatform::Found the Hw Db part of the input DSA
TRACE::2023-12-17.00:09:20::SCWMssOS::Checking the sw design at  C:/Users/louis/Documents/Github/PCB-ADVANCED/PCB-ADVANCED/VIVADO/Vitis/MicroBlazeFULL_wrapper/microblaze_0/standalone_microblaze_0/bsp/system.mss
TRACE::2023-12-17.00:09:20::SCWMssOS::DEBUG:  swdes dump  C:/Users/louis/Documents/Github/PCB-ADVANCED/PCB-ADVANCED/VIVADO/Vitis/MicroBlazeFULL_wrapper/microblaze_0/standalone_microblaze_0/bsp/system.mss|system||

TRACE::2023-12-17.00:09:20::SCWMssOS::Sw design exists and opened at  C:/Users/louis/Documents/Github/PCB-ADVANCED/PCB-ADVANCED/VIVADO/Vitis/MicroBlazeFULL_wrapper/microblaze_0/standalone_microblaze_0/bsp/system.mss
TRACE::2023-12-17.00:09:20::SCWWriter::formatted JSON is {
	"platformName":	"MicroBlazeFULL_wrapper",
	"sprVersion":	"2.0",
	"mode":	"gui",
	"dsaType":	"Fixed",
	"platformDesc":	"MicroBlazeFULL_wrapper",
	"platHandOff":	"C:/Users/louis/Documents/Github/PCB-ADVANCED/PCB-ADVANCED/VIVADO/SpartanMicroBlaze/MicroBlazeFULL_wrapper.xsa",
	"platIntHandOff":	"<platformDir>/hw/MicroBlazeFULL_wrapper.xsa",
	"deviceType":	"FPGA",
	"platIsPrebuiltAutogen":	"false",
	"platIsNoBootBsp":	"false",
	"hasFsblMakeHasChanges":	"false",
	"hasPmufwMakeHasChanges":	"false",
	"platPreBuiltFlag":	false,
	"platformSamplesDir":	"",
	"platActiveSys":	"MicroBlazeFULL_wrapper",
	"systems":	[{
			"systemName":	"MicroBlazeFULL_wrapper",
			"systemDesc":	"MicroBlazeFULL_wrapper",
			"sysIsBootAutoGen":	"true",
			"systemDispName":	"MicroBlazeFULL_wrapper",
			"sysActiveDom":	"standalone_microblaze_0",
			"sysDefaultDom":	"standalone_microblaze_0",
			"domains":	[{
					"domainName":	"standalone_microblaze_0",
					"domainDispName":	"standalone_microblaze_0",
					"domainDesc":	"standalone_microblaze_0",
					"processors":	"microblaze_0",
					"os":	"standalone",
					"sdxOs":	"standalone",
					"debugEnable":	"False",
					"domRuntimes":	["cpp"],
					"swRepo":	"",
					"mssOsVer":	"8.1",
					"mssFile":	"",
					"md5Digest":	"de30b7c3ad4de0e1ee341fa3c6d304da",
					"compatibleApp":	"hello_world",
					"domType":	"mssDomain",
					"arch":	"32-bit",
					"appSettings":	{
						"appCompilerFlags":	"",
						"appLinkerFlags":	""
					},
					"addedLibs":	[],
					"libOptions":	{
						"libsContainingOptions":	[]
					},
					"prebuiltLibs":	{
						"prebuiltIncPath":	[],
						"prebuiltLibPath":	[]
					},
					"isolation":	{
					}
				}]
		}]
}
KEYINFO::2023-12-17.00:09:20::SCWPlatform::updated the xpfm file.
TRACE::2023-12-17.00:09:22::SCWPlatform::Trying to open the hw design at C:/Users/louis/Documents/Github/PCB-ADVANCED/PCB-ADVANCED/VIVADO/Vitis/MicroBlazeFULL_wrapper/hw/MicroBlazeFULL_wrapper.xsa
TRACE::2023-12-17.00:09:22::SCWPlatform::DSA given C:/Users/louis/Documents/Github/PCB-ADVANCED/PCB-ADVANCED/VIVADO/Vitis/MicroBlazeFULL_wrapper/hw/MicroBlazeFULL_wrapper.xsa
TRACE::2023-12-17.00:09:22::SCWPlatform::DSA absoulate path C:/Users/louis/Documents/Github/PCB-ADVANCED/PCB-ADVANCED/VIVADO/Vitis/MicroBlazeFULL_wrapper/hw/MicroBlazeFULL_wrapper.xsa
TRACE::2023-12-17.00:09:22::SCWPlatform::DSA directory C:/Users/louis/Documents/Github/PCB-ADVANCED/PCB-ADVANCED/VIVADO/Vitis/MicroBlazeFULL_wrapper/hw
TRACE::2023-12-17.00:09:22::SCWPlatform:: Platform Path C:/Users/louis/Documents/Github/PCB-ADVANCED/PCB-ADVANCED/VIVADO/Vitis/MicroBlazeFULL_wrapper/hw/MicroBlazeFULL_wrapper.xsa
TRACE::2023-12-17.00:09:22::SCWPlatform:: Unique name xilinx:::0.0
TRACE::2023-12-17.00:09:22::SCWPlatform::Trying to set the existing hwdb with name MicroBlazeV2_wrapper_0
TRACE::2023-12-17.00:09:22::SCWPlatform::Opened existing hwdb MicroBlazeV2_wrapper_0
TRACE::2023-12-17.00:09:22::SCWPlatform::Found the Hw Db part of the input DSA
TRACE::2023-12-17.00:09:22::SCWMssOS::Checking the sw design at  C:/Users/louis/Documents/Github/PCB-ADVANCED/PCB-ADVANCED/VIVADO/Vitis/MicroBlazeFULL_wrapper/microblaze_0/standalone_microblaze_0/bsp/system.mss
TRACE::2023-12-17.00:09:22::SCWMssOS::DEBUG:  swdes dump  C:/Users/louis/Documents/Github/PCB-ADVANCED/PCB-ADVANCED/VIVADO/Vitis/MicroBlazeFULL_wrapper/microblaze_0/standalone_microblaze_0/bsp/system.mss|system||

TRACE::2023-12-17.00:09:22::SCWMssOS::Sw design exists and opened at  C:/Users/louis/Documents/Github/PCB-ADVANCED/PCB-ADVANCED/VIVADO/Vitis/MicroBlazeFULL_wrapper/microblaze_0/standalone_microblaze_0/bsp/system.mss
